#
# A fatal error has been detected by the Java Runtime Environment:
#
#  SIGSEGV (0xb) at pc=0x00007f7c7289cdbd, pid=12095, tid=12095
#
# JRE version: OpenJDK Runtime Environment (11.0.9.1+1) (build 11.0.9.1+1-Ubuntu-0ubuntu1.20.04)
# Java VM: OpenJDK 64-Bit Server VM (11.0.9.1+1-Ubuntu-0ubuntu1.20.04, mixed mode, sharing, tiered, compressed oops, g1 gc, linux-amd64)
# Problematic frame:
# V  [libjvm.so+0xbc8dbd]
#
# Core dump will be written. Default location: Core dumps may be processed with "/usr/share/apport/apport %p %s %c %d %P %E" (or dumping to /home/talles/Documents/rouge_interface/core.12095)
#
# If you would like to submit a bug report, please visit:
#   https://bugs.launchpad.net/ubuntu/+source/openjdk-lts
#

---------------  S U M M A R Y ------------

Command Line: -Xmx4048m -Drouge.prop=/home/talles/Documents/rouge_interface/projetos/60214058ac956d22139dd57b/rouge.properties /home/talles/Documents/rouge_interface/rouge/rouge2-1.2.2.jar

Host: Intel(R) Core(TM) i5-2520M CPU @ 2.50GHz, 4 cores, 7G, Ubuntu 20.04.2 LTS
Time: Mon Feb  8 10:55:47 2021 -03 elapsed time: 651.025437 seconds (0d 0h 10m 51s)

---------------  T H R E A D  ---------------

Current thread is native thread

Stack: [0x00007ffe20a41000,0x00007ffe2123d000],  sp=0x00007ffe21238100,  free space=8156k
Native frames: (J=compiled Java code, A=aot compiled Java code, j=interpreted, Vv=VM code, C=native code)
V  [libjvm.so+0xbc8dbd]
C  [libc.so.6+0x46210]


siginfo: si_signo: 11 (SIGSEGV), si_code: 1 (SEGV_MAPERR), si_addr: 0x00000000000000d0

Register to memory mapping:

RAX=0x0 is NULL
RBX=
[error occurred during error reporting (printing register info), id 0xb, SIGSEGV (0xb) at pc=0x00007f7c72af368c]

Registers:
RAX=0x0000000000000000, RBX=0x00007f7c72f743c0, RCX=0x00007f7c72f7fcd7, RDX=0x00007f7c72f74440
RSP=0x00007ffe21238100, RBP=0x00007ffe212381b0, RSI=0x00007ffe212382f0, RDI=0x0000000000000001
R8 =0x0000000000000000, R9 =0x00007f7c71988700, R10=0x0000000000000000, R11=0x0000000000000246
R12=0x00007ffe212382f0, R13=0x00007ffe212381c0, R14=0x0000000000000000, R15=0x00007f7c71988700
RIP=0x00007f7c7289cdbd, EFLAGS=0x0000000000010246, CSGSFS=0x002b000000000033, ERR=0x0000000000000004
  TRAPNO=0x000000000000000e

Top of Stack: (sp=0x00007ffe21238100)
0x00007ffe21238100:   00007f7c72fc09dc 00007f7c731e788a
0x00007ffe21238110:   0000000000000664 00007f7c72fcf330
0x00007ffe21238120:   00007f7c731da5d0 00007ffe212381c8
0x00007ffe21238130:   00007ffe212381c4 00007f7c72f73778 

Instructions: (pc=0x00007f7c7289cdbd)
0x00007f7c7289ccbd:   ff 48 85 c0 74 03 c6 00 00 4c 89 f7 4c 89 fa 4c
0x00007f7c7289cccd:   89 ee e8 4c 04 6b ff 4c 89 e7 e8 a4 07 6b ff 48
0x00007f7c7289ccdd:   81 c4 08 01 00 00 5b 41 5c 41 5d 41 5e 41 5f 5d
0x00007f7c7289cced:   c3 66 90 4c 89 e2 be 00 01 00 00 4c 89 ef e8 f0
0x00007f7c7289ccfd:   09 6b ff 48 85 c0 74 ac 48 8d 35 63 71 3a 00 4c
0x00007f7c7289cd0d:   89 ef e8 dc 07 6b ff 48 85 c0 75 17 48 8d 35 64
0x00007f7c7289cd1d:   71 3a 00 4c 89 ef e8 c8 07 6b ff 48 85 c0 74 84
0x00007f7c7289cd2d:   0f 1f 00 be 22 00 00 00 4c 89 ef e8 43 08 6b ff
0x00007f7c7289cd3d:   48 85 c0 74 26 4c 8d 68 01 be 22 00 00 00 4c 89
0x00007f7c7289cd4d:   ef e8 2d 08 6b ff 48 85 c0 0f 85 67 ff ff ff e9
0x00007f7c7289cd5d:   65 ff ff ff 0f 1f 80 00 00 00 00 4c 89 ef be 3d
0x00007f7c7289cd6d:   00 00 00 e8 0b 08 6b ff 4c 8d 68 01 e9 33 ff ff
0x00007f7c7289cd7d:   ff 66 90 f3 0f 1e fa 55 48 89 e5 41 57 41 56 41
0x00007f7c7289cd8d:   55 49 89 d5 41 54 49 89 f4 53 48 81 ec 88 00 00
0x00007f7c7289cd9d:   00 e8 0d 0f 6b ff 44 8b 30 48 89 c3 e8 92 51 25
0x00007f7c7289cdad:   00 41 89 c0 31 c0 45 84 c0 74 05 e8 93 51 25 00
0x00007f7c7289cdbd:   48 83 b8 d0 00 00 00 00 74 16 4c 8b b8 68 02 00
0x00007f7c7289cdcd:   00 41 8b 87 a8 00 00 00 83 f8 01 74 16 44 89 33
0x00007f7c7289cddd:   48 81 c4 88 00 00 00 5b 41 5c 41 5d 41 5e 41 5f
0x00007f7c7289cded:   5d c3 90 66 49 0f 6e c4 66 49 0f 6e cd ba 02 00
0x00007f7c7289cdfd:   00 00 be 01 00 00 00 66 0f 6c c1 4d 8d a7 a8 00
0x00007f7c7289ce0d:   00 00 41 0f 11 87 b0 00 00 00 4c 89 e7 e8 61 bd
0x00007f7c7289ce1d:   ff ff 83 f8 02 74 3c 85 c0 75 18 66 0f ef c0 41
0x00007f7c7289ce2d:   0f 11 87 b0 00 00 00 eb a4 66 2e 0f 1f 84 00 00
0x00007f7c7289ce3d:   00 00 00 48 8d 05 61 8c 64 00 be aa 11 00 00 48
0x00007f7c7289ce4d:   8d 3d 4d 7a 3a 00 48 8b 00 c6 00 58 e8 22 13 aa
0x00007f7c7289ce5d:   ff eb c8 4c 8d ad 50 ff ff ff 4c 89 ef e8 a1 0a
0x00007f7c7289ce6d:   6b ff 4c 89 ea 31 f6 31 ff e8 b5 0b 6b ff 8b 35
0x00007f7c7289ce7d:   8f 38 66 00 4c 89 ef e8 57 07 6b ff be 01 00 00
0x00007f7c7289ce8d:   00 48 8d 3d cb 82 6a 00 e8 66 9e 0c 00 66 0f 1f
0x00007f7c7289ce9d:   44 00 00 4c 89 ef e8 68 0e 6b ff 31 d2 be 03 00
0x00007f7c7289cead:   00 00 4c 89 e7 e8 c9 bc ff ff 85 c0 75 e5 be 01 


Stack slot to memory mapping:
stack at sp + 0 slots: 
[error occurred during error reporting (inspecting top of stack), id 0xb, SIGSEGV (0xb) at pc=0x00007f7c72af368c]


---------------  P R O C E S S  ---------------

VM state:not at safepoint (normal execution)

VM Mutex/Monitor currently owned by a thread: None

Heap address: 0x0000000703000000, size: 4048 MB, Compressed Oops mode: Zero based, Oop shift amount: 3
Narrow klass base: 0x0000000800000000, Narrow klass shift: 3
Compressed class space size: 1073741824 Address: 0x0000000840000000

Heap:
 garbage-first heap   total 129024K, used 56788K [0x0000000703000000, 0x0000000800000000)
  region size 1024K, 54 young (55296K), 1 survivors (1024K)
 Metaspace       used 2830K, capacity 5182K, committed 5504K, reserved 1056768K
  class space    used 290K, capacity 517K, committed 640K, reserved 1048576K
Heap Regions: E=young(eden), S=young(survivor), O=old, HS=humongous(starts), HC=humongous(continues), CS=collection set, F=free, A=archive, TAMS=top-at-mark-start (previous, next)
|   0|0x0000000703000000, 0x0000000703100000, 0x0000000703100000|100%| O|  |TAMS 0x0000000703000000, 0x0000000703000000| Untracked 
|   1|0x0000000703100000, 0x0000000703200000, 0x0000000703200000|100%| O|  |TAMS 0x0000000703100000, 0x0000000703100000| Untracked 
|   2|0x0000000703200000, 0x000000070323ba00, 0x0000000703300000| 23%| O|  |TAMS 0x0000000703200000, 0x0000000703200000| Untracked 
|   3|0x0000000703300000, 0x0000000703300000, 0x0000000703400000|  0%| F|  |TAMS 0x0000000703300000, 0x0000000703300000| Untracked 
|   4|0x0000000703400000, 0x0000000703400000, 0x0000000703500000|  0%| F|  |TAMS 0x0000000703400000, 0x0000000703400000| Untracked 
|   5|0x0000000703500000, 0x0000000703500000, 0x0000000703600000|  0%| F|  |TAMS 0x0000000703500000, 0x0000000703500000| Untracked 
|   6|0x0000000703600000, 0x0000000703600000, 0x0000000703700000|  0%| F|  |TAMS 0x0000000703600000, 0x0000000703600000| Untracked 
|   7|0x0000000703700000, 0x0000000703700000, 0x0000000703800000|  0%| F|  |TAMS 0x0000000703700000, 0x0000000703700000| Untracked 
|   8|0x0000000703800000, 0x0000000703800000, 0x0000000703900000|  0%| F|  |TAMS 0x0000000703800000, 0x0000000703800000| Untracked 
|   9|0x0000000703900000, 0x0000000703900000, 0x0000000703a00000|  0%| F|  |TAMS 0x0000000703900000, 0x0000000703900000| Untracked 
|  10|0x0000000703a00000, 0x0000000703a00000, 0x0000000703b00000|  0%| F|  |TAMS 0x0000000703a00000, 0x0000000703a00000| Untracked 
|  11|0x0000000703b00000, 0x0000000703b00000, 0x0000000703c00000|  0%| F|  |TAMS 0x0000000703b00000, 0x0000000703b00000| Untracked 
|  12|0x0000000703c00000, 0x0000000703c00000, 0x0000000703d00000|  0%| F|  |TAMS 0x0000000703c00000, 0x0000000703c00000| Untracked 
|  13|0x0000000703d00000, 0x0000000703d00000, 0x0000000703e00000|  0%| F|  |TAMS 0x0000000703d00000, 0x0000000703d00000| Untracked 
|  14|0x0000000703e00000, 0x0000000703e00000, 0x0000000703f00000|  0%| F|  |TAMS 0x0000000703e00000, 0x0000000703e00000| Untracked 
|  15|0x0000000703f00000, 0x0000000703f00000, 0x0000000704000000|  0%| F|  |TAMS 0x0000000703f00000, 0x0000000703f00000| Untracked 
|  16|0x0000000704000000, 0x0000000704000000, 0x0000000704100000|  0%| F|  |TAMS 0x0000000704000000, 0x0000000704000000| Untracked 
|  17|0x0000000704100000, 0x0000000704100000, 0x0000000704200000|  0%| F|  |TAMS 0x0000000704100000, 0x0000000704100000| Untracked 
|  18|0x0000000704200000, 0x0000000704200000, 0x0000000704300000|  0%| F|  |TAMS 0x0000000704200000, 0x0000000704200000| Untracked 
|  19|0x0000000704300000, 0x0000000704300000, 0x0000000704400000|  0%| F|  |TAMS 0x0000000704300000, 0x0000000704300000| Untracked 
|  20|0x0000000704400000, 0x0000000704400000, 0x0000000704500000|  0%| F|  |TAMS 0x0000000704400000, 0x0000000704400000| Untracked 
|  21|0x0000000704500000, 0x0000000704500000, 0x0000000704600000|  0%| F|  |TAMS 0x0000000704500000, 0x0000000704500000| Untracked 
|  22|0x0000000704600000, 0x0000000704600000, 0x0000000704700000|  0%| F|  |TAMS 0x0000000704600000, 0x0000000704600000| Untracked 
|  23|0x0000000704700000, 0x0000000704700000, 0x0000000704800000|  0%| F|  |TAMS 0x0000000704700000, 0x0000000704700000| Untracked 
|  24|0x0000000704800000, 0x0000000704800000, 0x0000000704900000|  0%| F|  |TAMS 0x0000000704800000, 0x0000000704800000| Untracked 
|  25|0x0000000704900000, 0x0000000704900000, 0x0000000704a00000|  0%| F|  |TAMS 0x0000000704900000, 0x0000000704900000| Untracked 
|  26|0x0000000704a00000, 0x0000000704a00000, 0x0000000704b00000|  0%| F|  |TAMS 0x0000000704a00000, 0x0000000704a00000| Untracked 
|  27|0x0000000704b00000, 0x0000000704b00000, 0x0000000704c00000|  0%| F|  |TAMS 0x0000000704b00000, 0x0000000704b00000| Untracked 
|  28|0x0000000704c00000, 0x0000000704c00000, 0x0000000704d00000|  0%| F|  |TAMS 0x0000000704c00000, 0x0000000704c00000| Untracked 
|  29|0x0000000704d00000, 0x0000000704d00000, 0x0000000704e00000|  0%| F|  |TAMS 0x0000000704d00000, 0x0000000704d00000| Untracked 
|  30|0x0000000704e00000, 0x0000000704e00000, 0x0000000704f00000|  0%| F|  |TAMS 0x0000000704e00000, 0x0000000704e00000| Untracked 
|  31|0x0000000704f00000, 0x0000000704f00000, 0x0000000705000000|  0%| F|  |TAMS 0x0000000704f00000, 0x0000000704f00000| Untracked 
|  32|0x0000000705000000, 0x0000000705000000, 0x0000000705100000|  0%| F|  |TAMS 0x0000000705000000, 0x0000000705000000| Untracked 
|  33|0x0000000705100000, 0x0000000705100000, 0x0000000705200000|  0%| F|  |TAMS 0x0000000705100000, 0x0000000705100000| Untracked 
|  34|0x0000000705200000, 0x0000000705200000, 0x0000000705300000|  0%| F|  |TAMS 0x0000000705200000, 0x0000000705200000| Untracked 
|  35|0x0000000705300000, 0x0000000705300000, 0x0000000705400000|  0%| F|  |TAMS 0x0000000705300000, 0x0000000705300000| Untracked 
|  36|0x0000000705400000, 0x0000000705400000, 0x0000000705500000|  0%| F|  |TAMS 0x0000000705400000, 0x0000000705400000| Untracked 
|  37|0x0000000705500000, 0x0000000705500000, 0x0000000705600000|  0%| F|  |TAMS 0x0000000705500000, 0x0000000705500000| Untracked 
|  38|0x0000000705600000, 0x0000000705600000, 0x0000000705700000|  0%| F|  |TAMS 0x0000000705600000, 0x0000000705600000| Untracked 
|  39|0x0000000705700000, 0x0000000705700000, 0x0000000705800000|  0%| F|  |TAMS 0x0000000705700000, 0x0000000705700000| Untracked 
|  40|0x0000000705800000, 0x0000000705800000, 0x0000000705900000|  0%| F|  |TAMS 0x0000000705800000, 0x0000000705800000| Untracked 
|  41|0x0000000705900000, 0x0000000705900000, 0x0000000705a00000|  0%| F|  |TAMS 0x0000000705900000, 0x0000000705900000| Untracked 
|  42|0x0000000705a00000, 0x0000000705a00000, 0x0000000705b00000|  0%| F|  |TAMS 0x0000000705a00000, 0x0000000705a00000| Untracked 
|  43|0x0000000705b00000, 0x0000000705b00000, 0x0000000705c00000|  0%| F|  |TAMS 0x0000000705b00000, 0x0000000705b00000| Untracked 
|  44|0x0000000705c00000, 0x0000000705c00000, 0x0000000705d00000|  0%| F|  |TAMS 0x0000000705c00000, 0x0000000705c00000| Untracked 
|  45|0x0000000705d00000, 0x0000000705d00000, 0x0000000705e00000|  0%| F|  |TAMS 0x0000000705d00000, 0x0000000705d00000| Untracked 
|  46|0x0000000705e00000, 0x0000000705e00000, 0x0000000705f00000|  0%| F|  |TAMS 0x0000000705e00000, 0x0000000705e00000| Untracked 
|  47|0x0000000705f00000, 0x0000000705f00000, 0x0000000706000000|  0%| F|  |TAMS 0x0000000705f00000, 0x0000000705f00000| Untracked 
|  48|0x0000000706000000, 0x0000000706000000, 0x0000000706100000|  0%| F|  |TAMS 0x0000000706000000, 0x0000000706000000| Untracked 
|  49|0x0000000706100000, 0x0000000706100000, 0x0000000706200000|  0%| F|  |TAMS 0x0000000706100000, 0x0000000706100000| Untracked 
|  50|0x0000000706200000, 0x0000000706200000, 0x0000000706300000|  0%| F|  |TAMS 0x0000000706200000, 0x0000000706200000| Untracked 
|  51|0x0000000706300000, 0x0000000706300000, 0x0000000706400000|  0%| F|  |TAMS 0x0000000706300000, 0x0000000706300000| Untracked 
|  52|0x0000000706400000, 0x0000000706400000, 0x0000000706500000|  0%| F|  |TAMS 0x0000000706400000, 0x0000000706400000| Untracked 
|  53|0x0000000706500000, 0x0000000706500000, 0x0000000706600000|  0%| F|  |TAMS 0x0000000706500000, 0x0000000706500000| Untracked 
|  54|0x0000000706600000, 0x0000000706600000, 0x0000000706700000|  0%| F|  |TAMS 0x0000000706600000, 0x0000000706600000| Untracked 
|  55|0x0000000706700000, 0x0000000706787630, 0x0000000706800000| 52%| S|CS|TAMS 0x0000000706700000, 0x0000000706700000| Complete 
|  56|0x0000000706800000, 0x0000000706800000, 0x0000000706900000|  0%| F|  |TAMS 0x0000000706800000, 0x0000000706800000| Untracked 
|  57|0x0000000706900000, 0x0000000706900000, 0x0000000706a00000|  0%| F|  |TAMS 0x0000000706900000, 0x0000000706900000| Untracked 
|  58|0x0000000706a00000, 0x0000000706a00000, 0x0000000706b00000|  0%| F|  |TAMS 0x0000000706a00000, 0x0000000706a00000| Untracked 
|  59|0x0000000706b00000, 0x0000000706b00000, 0x0000000706c00000|  0%| F|  |TAMS 0x0000000706b00000, 0x0000000706b00000| Untracked 
|  60|0x0000000706c00000, 0x0000000706c00000, 0x0000000706d00000|  0%| F|  |TAMS 0x0000000706c00000, 0x0000000706c00000| Untracked 
|  61|0x0000000706d00000, 0x0000000706d00000, 0x0000000706e00000|  0%| F|  |TAMS 0x0000000706d00000, 0x0000000706d00000| Untracked 
|  62|0x0000000706e00000, 0x0000000706e00000, 0x0000000706f00000|  0%| F|  |TAMS 0x0000000706e00000, 0x0000000706e00000| Untracked 
|  63|0x0000000706f00000, 0x0000000706f00000, 0x0000000707000000|  0%| F|  |TAMS 0x0000000706f00000, 0x0000000706f00000| Untracked 
|  64|0x0000000707000000, 0x0000000707000000, 0x0000000707100000|  0%| F|  |TAMS 0x0000000707000000, 0x0000000707000000| Untracked 
|  65|0x0000000707100000, 0x0000000707100000, 0x0000000707200000|  0%| F|  |TAMS 0x0000000707100000, 0x0000000707100000| Untracked 
|  66|0x0000000707200000, 0x0000000707200000, 0x0000000707300000|  0%| F|  |TAMS 0x0000000707200000, 0x0000000707200000| Untracked 
|  67|0x0000000707300000, 0x0000000707300000, 0x0000000707400000|  0%| F|  |TAMS 0x0000000707300000, 0x0000000707300000| Untracked 
|  68|0x0000000707400000, 0x0000000707400000, 0x0000000707500000|  0%| F|  |TAMS 0x0000000707400000, 0x0000000707400000| Untracked 
|  69|0x0000000707500000, 0x0000000707500000, 0x0000000707600000|  0%| F|  |TAMS 0x0000000707500000, 0x0000000707500000| Untracked 
|  70|0x0000000707600000, 0x0000000707600000, 0x0000000707700000|  0%| F|  |TAMS 0x0000000707600000, 0x0000000707600000| Untracked 
|  71|0x0000000707700000, 0x0000000707800000, 0x0000000707800000|100%| E|  |TAMS 0x0000000707700000, 0x0000000707700000| Complete 
|  72|0x0000000707800000, 0x0000000707900000, 0x0000000707900000|100%| E|CS|TAMS 0x0000000707800000, 0x0000000707800000| Complete 
|  73|0x0000000707900000, 0x0000000707a00000, 0x0000000707a00000|100%| E|CS|TAMS 0x0000000707900000, 0x0000000707900000| Complete 
|  74|0x0000000707a00000, 0x0000000707b00000, 0x0000000707b00000|100%| E|CS|TAMS 0x0000000707a00000, 0x0000000707a00000| Complete 
|  75|0x0000000707b00000, 0x0000000707c00000, 0x0000000707c00000|100%| E|CS|TAMS 0x0000000707b00000, 0x0000000707b00000| Complete 
|  76|0x0000000707c00000, 0x0000000707d00000, 0x0000000707d00000|100%| E|CS|TAMS 0x0000000707c00000, 0x0000000707c00000| Complete 
|  77|0x0000000707d00000, 0x0000000707e00000, 0x0000000707e00000|100%| E|CS|TAMS 0x0000000707d00000, 0x0000000707d00000| Complete 
|  78|0x0000000707e00000, 0x0000000707f00000, 0x0000000707f00000|100%| E|CS|TAMS 0x0000000707e00000, 0x0000000707e00000| Complete 
|  79|0x0000000707f00000, 0x0000000708000000, 0x0000000708000000|100%| E|CS|TAMS 0x0000000707f00000, 0x0000000707f00000| Complete 
|  80|0x0000000708000000, 0x0000000708100000, 0x0000000708100000|100%| E|CS|TAMS 0x0000000708000000, 0x0000000708000000| Complete 
|  81|0x0000000708100000, 0x0000000708200000, 0x0000000708200000|100%| E|CS|TAMS 0x0000000708100000, 0x0000000708100000| Complete 
|  82|0x0000000708200000, 0x0000000708300000, 0x0000000708300000|100%| E|CS|TAMS 0x0000000708200000, 0x0000000708200000| Complete 
|  83|0x0000000708300000, 0x0000000708400000, 0x0000000708400000|100%| E|CS|TAMS 0x0000000708300000, 0x0000000708300000| Complete 
|  84|0x0000000708400000, 0x0000000708500000, 0x0000000708500000|100%| E|CS|TAMS 0x0000000708400000, 0x0000000708400000| Complete 
|  85|0x0000000708500000, 0x0000000708600000, 0x0000000708600000|100%| E|CS|TAMS 0x0000000708500000, 0x0000000708500000| Complete 
|  86|0x0000000708600000, 0x0000000708700000, 0x0000000708700000|100%| E|CS|TAMS 0x0000000708600000, 0x0000000708600000| Complete 
|  87|0x0000000708700000, 0x0000000708800000, 0x0000000708800000|100%| E|CS|TAMS 0x0000000708700000, 0x0000000708700000| Complete 
|  88|0x0000000708800000, 0x0000000708900000, 0x0000000708900000|100%| E|CS|TAMS 0x0000000708800000, 0x0000000708800000| Complete 
|  89|0x0000000708900000, 0x0000000708a00000, 0x0000000708a00000|100%| E|CS|TAMS 0x0000000708900000, 0x0000000708900000| Complete 
|  90|0x0000000708a00000, 0x0000000708b00000, 0x0000000708b00000|100%| E|CS|TAMS 0x0000000708a00000, 0x0000000708a00000| Complete 
|  91|0x0000000708b00000, 0x0000000708c00000, 0x0000000708c00000|100%| E|CS|TAMS 0x0000000708b00000, 0x0000000708b00000| Complete 
|  92|0x0000000708c00000, 0x0000000708d00000, 0x0000000708d00000|100%| E|CS|TAMS 0x0000000708c00000, 0x0000000708c00000| Complete 
|  93|0x0000000708d00000, 0x0000000708e00000, 0x0000000708e00000|100%| E|CS|TAMS 0x0000000708d00000, 0x0000000708d00000| Complete 
|  94|0x0000000708e00000, 0x0000000708f00000, 0x0000000708f00000|100%| E|CS|TAMS 0x0000000708e00000, 0x0000000708e00000| Complete 
|  95|0x0000000708f00000, 0x0000000709000000, 0x0000000709000000|100%| E|CS|TAMS 0x0000000708f00000, 0x0000000708f00000| Complete 
|  96|0x0000000709000000, 0x0000000709100000, 0x0000000709100000|100%| E|CS|TAMS 0x0000000709000000, 0x0000000709000000| Complete 
|  97|0x0000000709100000, 0x0000000709200000, 0x0000000709200000|100%| E|CS|TAMS 0x0000000709100000, 0x0000000709100000| Complete 
|  98|0x0000000709200000, 0x0000000709300000, 0x0000000709300000|100%| E|CS|TAMS 0x0000000709200000, 0x0000000709200000| Complete 
|  99|0x0000000709300000, 0x0000000709400000, 0x0000000709400000|100%| E|CS|TAMS 0x0000000709300000, 0x0000000709300000| Complete 
| 100|0x0000000709400000, 0x0000000709500000, 0x0000000709500000|100%| E|CS|TAMS 0x0000000709400000, 0x0000000709400000| Complete 
| 101|0x0000000709500000, 0x0000000709600000, 0x0000000709600000|100%| E|CS|TAMS 0x0000000709500000, 0x0000000709500000| Complete 
| 102|0x0000000709600000, 0x0000000709700000, 0x0000000709700000|100%| E|CS|TAMS 0x0000000709600000, 0x0000000709600000| Complete 
| 103|0x0000000709700000, 0x0000000709800000, 0x0000000709800000|100%| E|CS|TAMS 0x0000000709700000, 0x0000000709700000| Complete 
| 104|0x0000000709800000, 0x0000000709900000, 0x0000000709900000|100%| E|CS|TAMS 0x0000000709800000, 0x0000000709800000| Complete 
| 105|0x0000000709900000, 0x0000000709a00000, 0x0000000709a00000|100%| E|CS|TAMS 0x0000000709900000, 0x0000000709900000| Complete 
| 106|0x0000000709a00000, 0x0000000709b00000, 0x0000000709b00000|100%| E|CS|TAMS 0x0000000709a00000, 0x0000000709a00000| Complete 
| 107|0x0000000709b00000, 0x0000000709c00000, 0x0000000709c00000|100%| E|CS|TAMS 0x0000000709b00000, 0x0000000709b00000| Complete 
| 108|0x0000000709c00000, 0x0000000709d00000, 0x0000000709d00000|100%| E|CS|TAMS 0x0000000709c00000, 0x0000000709c00000| Complete 
| 109|0x0000000709d00000, 0x0000000709e00000, 0x0000000709e00000|100%| E|CS|TAMS 0x0000000709d00000, 0x0000000709d00000| Complete 
| 110|0x0000000709e00000, 0x0000000709f00000, 0x0000000709f00000|100%| E|CS|TAMS 0x0000000709e00000, 0x0000000709e00000| Complete 
| 111|0x0000000709f00000, 0x000000070a000000, 0x000000070a000000|100%| E|CS|TAMS 0x0000000709f00000, 0x0000000709f00000| Complete 
| 112|0x000000070a000000, 0x000000070a100000, 0x000000070a100000|100%| E|CS|TAMS 0x000000070a000000, 0x000000070a000000| Complete 
| 113|0x000000070a100000, 0x000000070a200000, 0x000000070a200000|100%| E|CS|TAMS 0x000000070a100000, 0x000000070a100000| Complete 
| 114|0x000000070a200000, 0x000000070a300000, 0x000000070a300000|100%| E|CS|TAMS 0x000000070a200000, 0x000000070a200000| Complete 
| 115|0x000000070a300000, 0x000000070a400000, 0x000000070a400000|100%| E|CS|TAMS 0x000000070a300000, 0x000000070a300000| Complete 
| 116|0x000000070a400000, 0x000000070a500000, 0x000000070a500000|100%| E|CS|TAMS 0x000000070a400000, 0x000000070a400000| Complete 
| 117|0x000000070a500000, 0x000000070a600000, 0x000000070a600000|100%| E|CS|TAMS 0x000000070a500000, 0x000000070a500000| Complete 
| 118|0x000000070a600000, 0x000000070a700000, 0x000000070a700000|100%| E|CS|TAMS 0x000000070a600000, 0x000000070a600000| Complete 
| 119|0x000000070a700000, 0x000000070a800000, 0x000000070a800000|100%| E|CS|TAMS 0x000000070a700000, 0x000000070a700000| Complete 
| 120|0x000000070a800000, 0x000000070a900000, 0x000000070a900000|100%| E|CS|TAMS 0x000000070a800000, 0x000000070a800000| Complete 
| 121|0x000000070a900000, 0x000000070aa00000, 0x000000070aa00000|100%| E|CS|TAMS 0x000000070a900000, 0x000000070a900000| Complete 
| 122|0x000000070aa00000, 0x000000070ab00000, 0x000000070ab00000|100%| E|CS|TAMS 0x000000070aa00000, 0x000000070aa00000| Complete 
| 123|0x000000070ab00000, 0x000000070ac00000, 0x000000070ac00000|100%| E|CS|TAMS 0x000000070ab00000, 0x000000070ab00000| Complete 
|4046|0x00000007ffe00000, 0x00000007ffe47000, 0x00000007fff00000| 27%|OA|  |TAMS 0x00000007ffe00000, 0x00000007ffe00000| Untracked 
|4047|0x00000007fff00000, 0x00000007fff6b000, 0x0000000800000000| 41%|CA|  |TAMS 0x00000007fff00000, 0x00000007fff00000| Untracked 

Card table byte_map: [0x00007f7c70166000,0x00007f7c7094e000] _byte_map_base: 0x00007f7c6c94e000

Marking Bits (Prev, Next): (CMBitMap*) 0x00007f7c6c07c848, (CMBitMap*) 0x00007f7c6c07c880
 Prev Bits: [0x00007f7c4c0c0000, 0x00007f7c50000000)
 Next Bits: [0x00007f7c48180000, 0x00007f7c4c0c0000)

Polling page: 0x00007f7c7184d000

Metaspace:

Usage:
  Non-class:      4,56 MB capacity,     2,48 MB ( 54%) used,     2,07 MB ( 45%) free+waste,     7,50 KB ( <1%) overhead. 
      Class:    517,00 KB capacity,   290,71 KB ( 56%) used,   222,10 KB ( 43%) free+waste,     4,19 KB ( <1%) overhead. 
       Both:      5,06 MB capacity,     2,76 MB ( 55%) used,     2,29 MB ( 45%) free+waste,    11,69 KB ( <1%) overhead. 

Virtual space:
  Non-class space:        8,00 MB reserved,       4,75 MB ( 59%) committed 
      Class space:        1,00 GB reserved,     640,00 KB ( <1%) committed 
             Both:        1,01 GB reserved,       5,38 MB ( <1%) committed 

Chunk freelists:
   Non-Class:  47,00 KB
       Class:  0 bytes
        Both:  47,00 KB

MaxMetaspaceSize: unlimited
CompressedClassSpaceSize: 1,00 GB

CodeHeap 'non-profiled nmethods': size=120032Kb used=617Kb max_used=617Kb free=119414Kb
 bounds [0x00007f7c5c361000, 0x00007f7c5c5d1000, 0x00007f7c63899000]
CodeHeap 'profiled nmethods': size=120032Kb used=1876Kb max_used=1876Kb free=118155Kb
 bounds [0x00007f7c54e29000, 0x00007f7c55099000, 0x00007f7c5c361000]
CodeHeap 'non-nmethods': size=5696Kb used=1072Kb max_used=1100Kb free=4623Kb
 bounds [0x00007f7c54899000, 0x00007f7c54b09000, 0x00007f7c54e29000]
 total_blobs=1376 nmethods=992 adapters=297
 compilation: enabled
              stopped_count=0, restarted_count=0
 full_count=0

Compilation events (20 events):
Event: 425,674 Thread 0x00007f7c6c1c3800  993  s    3       java.lang.StringBuffer::append (13 bytes)
Event: 425,675 Thread 0x00007f7c6c1c3800 nmethod 993 0x00007f7c54ff9b90 code [0x00007f7c54ff9d60, 0x00007f7c54ffa080]
Event: 454,933 Thread 0x00007f7c6c1c3800  994       3       java.lang.ref.PhantomReference::<init> (7 bytes)
Event: 454,933 Thread 0x00007f7c6c1c3800 nmethod 994 0x00007f7c54ffa110 code [0x00007f7c54ffa2e0, 0x00007f7c54ffa5d0]
Event: 483,026 Thread 0x00007f7c6c1c3800  995       3       jdk.internal.ref.PhantomCleanable::<init> (49 bytes)
Event: 483,027 Thread 0x00007f7c6c1c3800 nmethod 995 0x00007f7c54ffa690 code [0x00007f7c54ffa900, 0x00007f7c54ffb490]
Event: 483,027 Thread 0x00007f7c6c1c3800  996   !   3       jdk.internal.ref.PhantomCleanable::insert (53 bytes)
Event: 483,028 Thread 0x00007f7c6c1c3800 nmethod 996 0x00007f7c54ffb810 code [0x00007f7c54ffb9e0, 0x00007f7c54ffbe70]
Event: 495,488 Thread 0x00007f7c6c1c3800  997       3       jdk.internal.ref.CleanerFactory::cleaner (4 bytes)
Event: 495,488 Thread 0x00007f7c6c1c3800 nmethod 997 0x00007f7c54ffc010 code [0x00007f7c54ffc1c0, 0x00007f7c54ffc2b0]
Event: 599,618 Thread 0x00007f7c6c1c3800  998       3       java.lang.ref.Cleaner::register (25 bytes)
Event: 599,619 Thread 0x00007f7c6c1c3800 nmethod 998 0x00007f7c54ffc310 code [0x00007f7c54ffc520, 0x00007f7c54ffcaa0]
Event: 599,619 Thread 0x00007f7c6c1c3800  999       3       jdk.internal.ref.CleanerImpl$PhantomCleanableRef::<init> (12 bytes)
Event: 599,619 Thread 0x00007f7c6c1c3800 nmethod 999 0x00007f7c54ffcc90 code [0x00007f7c54ffce40, 0x00007f7c54ffd000]
Event: 647,655 Thread 0x00007f7c6c1c3800 1000       3       java.lang.AbstractStringBuilder::append (55 bytes)
Event: 647,655 Thread 0x00007f7c6c1c3800 nmethod 1000 0x00007f7c54ffd090 code [0x00007f7c54ffd280, 0x00007f7c54ffd5d0]
Event: 647,670 Thread 0x00007f7c6c1c3800 1001   !   3       jdk.internal.ref.PhantomCleanable::remove (60 bytes)
Event: 647,671 Thread 0x00007f7c6c1c3800 nmethod 1001 0x00007f7c54ffd710 code [0x00007f7c54ffd8e0, 0x00007f7c54ffde10]
Event: 647,671 Thread 0x00007f7c6c1c3800 1002       3       java.lang.ref.Reference::clear (6 bytes)
Event: 647,671 Thread 0x00007f7c6c1c3800 nmethod 1002 0x00007f7c54ffdf90 code [0x00007f7c54ffe140, 0x00007f7c54ffe290]

GC Heap History (20 events):
Event: 385,607 GC heap before
{Heap before GC invocations=38 (full 0):
 garbage-first heap   total 129024K, used 78138K [0x0000000703000000, 0x0000000800000000)
  region size 1024K, 74 young (75776K), 3 survivors (3072K)
 Metaspace       used 2825K, capacity 5182K, committed 5504K, reserved 1056768K
  class space    used 290K, capacity 517K, committed 640K, reserved 1048576K
}
Event: 385,615 GC heap after
{Heap after GC invocations=39 (full 0):
 garbage-first heap   total 129024K, used 7316K [0x0000000703000000, 0x0000000800000000)
  region size 1024K, 5 young (5120K), 5 survivors (5120K)
 Metaspace       used 2825K, capacity 5182K, committed 5504K, reserved 1056768K
  class space    used 290K, capacity 517K, committed 640K, reserved 1048576K
}
Event: 394,886 GC heap before
{Heap before GC invocations=39 (full 0):
 garbage-first heap   total 129024K, used 77972K [0x0000000703000000, 0x0000000800000000)
  region size 1024K, 74 young (75776K), 5 survivors (5120K)
 Metaspace       used 2825K, capacity 5182K, committed 5504K, reserved 1056768K
  class space    used 290K, capacity 517K, committed 640K, reserved 1048576K
}
Event: 394,901 GC heap after
{Heap after GC invocations=40 (full 0):
 garbage-first heap   total 129024K, used 11089K [0x0000000703000000, 0x0000000800000000)
  region size 1024K, 8 young (8192K), 8 survivors (8192K)
 Metaspace       used 2825K, capacity 5182K, committed 5504K, reserved 1056768K
  class space    used 290K, capacity 517K, committed 640K, reserved 1048576K
}
Event: 425,772 GC heap before
{Heap before GC invocations=40 (full 0):
 garbage-first heap   total 129024K, used 78673K [0x0000000703000000, 0x0000000800000000)
  region size 1024K, 74 young (75776K), 8 survivors (8192K)
 Metaspace       used 2826K, capacity 5182K, committed 5504K, reserved 1056768K
  class space    used 290K, capacity 517K, committed 640K, reserved 1048576K
}
Event: 425,777 GC heap after
{Heap after GC invocations=41 (full 0):
 garbage-first heap   total 129024K, used 5805K [0x0000000703000000, 0x0000000800000000)
  region size 1024K, 3 young (3072K), 3 survivors (3072K)
 Metaspace       used 2826K, capacity 5182K, committed 5504K, reserved 1056768K
  class space    used 290K, capacity 517K, committed 640K, reserved 1048576K
}
Event: 455,015 GC heap before
{Heap before GC invocations=41 (full 0):
 garbage-first heap   total 129024K, used 78509K [0x0000000703000000, 0x0000000800000000)
  region size 1024K, 74 young (75776K), 3 survivors (3072K)
 Metaspace       used 2826K, capacity 5182K, committed 5504K, reserved 1056768K
  class space    used 290K, capacity 517K, committed 640K, reserved 1048576K
}
Event: 455,024 GC heap after
{Heap after GC invocations=42 (full 0):
 garbage-first heap   total 129024K, used 8231K [0x0000000703000000, 0x0000000800000000)
  region size 1024K, 6 young (6144K), 6 survivors (6144K)
 Metaspace       used 2826K, capacity 5182K, committed 5504K, reserved 1056768K
  class space    used 290K, capacity 517K, committed 640K, reserved 1048576K
}
Event: 472,771 GC heap before
{Heap before GC invocations=42 (full 0):
 garbage-first heap   total 129024K, used 77863K [0x0000000703000000, 0x0000000800000000)
  region size 1024K, 74 young (75776K), 6 survivors (6144K)
 Metaspace       used 2826K, capacity 5182K, committed 5504K, reserved 1056768K
  class space    used 290K, capacity 517K, committed 640K, reserved 1048576K
}
Event: 472,780 GC heap after
{Heap after GC invocations=43 (full 0):
 garbage-first heap   total 129024K, used 9867K [0x0000000703000000, 0x0000000800000000)
  region size 1024K, 7 young (7168K), 7 survivors (7168K)
 Metaspace       used 2826K, capacity 5182K, committed 5504K, reserved 1056768K
  class space    used 290K, capacity 517K, committed 640K, reserved 1048576K
}
Event: 505,338 GC heap before
{Heap before GC invocations=43 (full 0):
 garbage-first heap   total 129024K, used 78475K [0x0000000703000000, 0x0000000800000000)
  region size 1024K, 74 young (75776K), 7 survivors (7168K)
 Metaspace       used 2828K, capacity 5182K, committed 5504K, reserved 1056768K
  class space    used 290K, capacity 517K, committed 640K, reserved 1048576K
}
Event: 505,342 GC heap after
{Heap after GC invocations=44 (full 0):
 garbage-first heap   total 129024K, used 5815K [0x0000000703000000, 0x0000000800000000)
  region size 1024K, 3 young (3072K), 3 survivors (3072K)
 Metaspace       used 2828K, capacity 5182K, committed 5504K, reserved 1056768K
  class space    used 290K, capacity 517K, committed 640K, reserved 1048576K
}
Event: 540,540 GC heap before
{Heap before GC invocations=44 (full 0):
 garbage-first heap   total 129024K, used 78519K [0x0000000703000000, 0x0000000800000000)
  region size 1024K, 74 young (75776K), 3 survivors (3072K)
 Metaspace       used 2828K, capacity 5182K, committed 5504K, reserved 1056768K
  class space    used 290K, capacity 517K, committed 640K, reserved 1048576K
}
Event: 540,541 GC heap after
{Heap after GC invocations=45 (full 0):
 garbage-first heap   total 129024K, used 3586K [0x0000000703000000, 0x0000000800000000)
  region size 1024K, 1 young (1024K), 1 survivors (1024K)
 Metaspace       used 2828K, capacity 5182K, committed 5504K, reserved 1056768K
  class space    used 290K, capacity 517K, committed 640K, reserved 1048576K
}
Event: 576,070 GC heap before
{Heap before GC invocations=45 (full 0):
 garbage-first heap   total 129024K, used 78338K [0x0000000703000000, 0x0000000800000000)
  region size 1024K, 74 young (75776K), 1 survivors (1024K)
 Metaspace       used 2828K, capacity 5182K, committed 5504K, reserved 1056768K
  class space    used 290K, capacity 517K, committed 640K, reserved 1048576K
}
Event: 576,073 GC heap after
{Heap after GC invocations=46 (full 0):
 garbage-first heap   total 129024K, used 4077K [0x0000000703000000, 0x0000000800000000)
  region size 1024K, 2 young (2048K), 2 survivors (2048K)
 Metaspace       used 2828K, capacity 5182K, committed 5504K, reserved 1056768K
  class space    used 290K, capacity 517K, committed 640K, reserved 1048576K
}
Event: 599,726 GC heap before
{Heap before GC invocations=46 (full 0):
 garbage-first heap   total 129024K, used 77805K [0x0000000703000000, 0x0000000800000000)
  region size 1024K, 74 young (75776K), 2 survivors (2048K)
 Metaspace       used 2828K, capacity 5182K, committed 5504K, reserved 1056768K
  class space    used 290K, capacity 517K, committed 640K, reserved 1048576K
}
Event: 599,733 GC heap after
{Heap after GC invocations=47 (full 0):
 garbage-first heap   total 129024K, used 8493K [0x0000000703000000, 0x0000000800000000)
  region size 1024K, 6 young (6144K), 6 survivors (6144K)
 Metaspace       used 2828K, capacity 5182K, committed 5504K, reserved 1056768K
  class space    used 290K, capacity 517K, committed 640K, reserved 1048576K
}
Event: 647,695 GC heap before
{Heap before GC invocations=47 (full 0):
 garbage-first heap   total 129024K, used 78125K [0x0000000703000000, 0x0000000800000000)
  region size 1024K, 74 young (75776K), 6 survivors (6144K)
 Metaspace       used 2830K, capacity 5182K, committed 5504K, reserved 1056768K
  class space    used 290K, capacity 517K, committed 640K, reserved 1048576K
}
Event: 647,696 GC heap after
{Heap after GC invocations=48 (full 0):
 garbage-first heap   total 129024K, used 3540K [0x0000000703000000, 0x0000000800000000)
  region size 1024K, 1 young (1024K), 1 survivors (1024K)
 Metaspace       used 2830K, capacity 5182K, committed 5504K, reserved 1056768K
  class space    used 290K, capacity 517K, committed 640K, reserved 1048576K
}

Deoptimization events (20 events):
Event: 178,559 Thread 0x00007f7c6c016000 DEOPT PACKING pc=0x00007f7c54fec8b6 sp=0x00007f7c71987520
Event: 178,560 Thread 0x00007f7c6c016000 DEOPT UNPACKING pc=0x00007f7c548bf63a sp=0x00007f7c71986a40 mode 0
Event: 178,562 Thread 0x00007f7c6c016000 DEOPT PACKING pc=0x00007f7c54fec895 sp=0x00007f7c71987520
Event: 178,562 Thread 0x00007f7c6c016000 DEOPT UNPACKING pc=0x00007f7c548bf63a sp=0x00007f7c71986a40 mode 0
Event: 178,565 Thread 0x00007f7c6c016000 DEOPT PACKING pc=0x00007f7c54fec8b6 sp=0x00007f7c71987520
Event: 178,565 Thread 0x00007f7c6c016000 DEOPT UNPACKING pc=0x00007f7c548bf63a sp=0x00007f7c71986a40 mode 0
Event: 178,568 Thread 0x00007f7c6c016000 DEOPT PACKING pc=0x00007f7c54fec8b6 sp=0x00007f7c71987520
Event: 178,568 Thread 0x00007f7c6c016000 DEOPT UNPACKING pc=0x00007f7c548bf63a sp=0x00007f7c71986a40 mode 0
Event: 178,571 Thread 0x00007f7c6c016000 DEOPT PACKING pc=0x00007f7c54fec895 sp=0x00007f7c71987520
Event: 178,571 Thread 0x00007f7c6c016000 DEOPT UNPACKING pc=0x00007f7c548bf63a sp=0x00007f7c71986a40 mode 0
Event: 178,574 Thread 0x00007f7c6c016000 DEOPT PACKING pc=0x00007f7c54fec8b6 sp=0x00007f7c71987520
Event: 178,574 Thread 0x00007f7c6c016000 DEOPT UNPACKING pc=0x00007f7c548bf63a sp=0x00007f7c71986a40 mode 0
Event: 178,577 Thread 0x00007f7c6c016000 DEOPT PACKING pc=0x00007f7c54fec8b6 sp=0x00007f7c71987520
Event: 178,577 Thread 0x00007f7c6c016000 DEOPT UNPACKING pc=0x00007f7c548bf63a sp=0x00007f7c71986a40 mode 0
Event: 178,579 Thread 0x00007f7c6c016000 DEOPT PACKING pc=0x00007f7c54fec895 sp=0x00007f7c71987520
Event: 178,579 Thread 0x00007f7c6c016000 DEOPT UNPACKING pc=0x00007f7c548bf63a sp=0x00007f7c71986a40 mode 0
Event: 178,582 Thread 0x00007f7c6c016000 DEOPT PACKING pc=0x00007f7c54fec8b6 sp=0x00007f7c71987520
Event: 178,582 Thread 0x00007f7c6c016000 DEOPT UNPACKING pc=0x00007f7c548bf63a sp=0x00007f7c71986a40 mode 0
Event: 267,605 Thread 0x00007f7c6c016000 DEOPT PACKING pc=0x00007f7c54ff53fd sp=0x00007f7c71987610
Event: 267,605 Thread 0x00007f7c6c016000 DEOPT UNPACKING pc=0x00007f7c548bf63a sp=0x00007f7c71986b78 mode 0

Classes redefined (0 events):
No events

Internal exceptions (16 events):
Event: 0,223 Thread 0x00007f7c6c016000 Exception <a 'java/lang/NoSuchMethodError'{0x000000070a8103f8}: 'java.lang.Object java.lang.invoke.DirectMethodHandle$Holder.invokeStatic(java.lang.Object, java.lang.Object, java.lang.Object, java.lang.Object, java.lang.Object, java.lang.Object, java.lang.Object, java.lang.Object, java.lang.Object, java.lang.Object, java.lang.Object, int)'> (0x000000070a8103f8) thrown at [src/hotspot/share/interpreter/linkResolver.cpp, line 772]
Event: 0,229 Thread 0x00007f7c6c016000 Exception <a 'java/lang/NoSuchMethodError'{0x000000070a82f870}: 'java.lang.Object java.lang.invoke.DirectMethodHandle$Holder.invokeStatic(java.lang.Object, java.lang.Object, java.lang.Object, java.lang.Object, java.lang.Object, java.lang.Object, java.lang.Object, java.lang.Object, java.lang.Object, java.lang.Object, java.lang.Object, int, int)'> (0x000000070a82f870) thrown at [src/hotspot/share/interpreter/linkResolver.cpp, line 772]
Event: 0,236 Thread 0x00007f7c6c016000 Exception <a 'java/lang/NoSuchMethodError'{0x000000070a84ee40}: 'java.lang.Object java.lang.invoke.DirectMethodHandle$Holder.invokeStatic(java.lang.Object, java.lang.Object, java.lang.Object, java.lang.Object, java.lang.Object, java.lang.Object, java.lang.Object, java.lang.Object, java.lang.Object, java.lang.Object, java.lang.Object, int, int, java.lang.Object)'> (0x000000070a84ee40) thrown at [src/hotspot/share/interpreter/linkResolver.cpp, line 772]
Event: 0,241 Thread 0x00007f7c6c016000 Exception <a 'java/lang/NoSuchMethodError'{0x000000070a86f630}: 'java.lang.Object java.lang.invoke.DirectMethodHandle$Holder.invokeStatic(java.lang.Object, java.lang.Object, java.lang.Object, java.lang.Object, java.lang.Object, java.lang.Object, java.lang.Object, java.lang.Object, java.lang.Object, java.lang.Object, java.lang.Object, int, int, java.lang.Object, java.lang.Object)'> (0x000000070a86f630) thrown at [src/hotspot/share/interpreter/linkResolver.cpp, line 772]
Event: 0,245 Thread 0x00007f7c6c016000 Exception <a 'java/lang/ClassNotFoundException'{0x000000070a87d210}: org/apache/log4j/PatternLayoutBeanInfo> (0x000000070a87d210) thrown at [src/hotspot/share/classfile/systemDictionary.cpp, line 231]
Event: 0,246 Thread 0x00007f7c6c016000 Exception <a 'java/lang/ClassNotFoundException'{0x000000070a87ec60}: org/apache/log4j/LayoutBeanInfo> (0x000000070a87ec60) thrown at [src/hotspot/share/classfile/systemDictionary.cpp, line 231]
Event: 0,246 Thread 0x00007f7c6c016000 Exception <a 'java/lang/ClassNotFoundException'{0x000000070a87f450}: java/lang/ObjectBeanInfo> (0x000000070a87f450) thrown at [src/hotspot/share/classfile/systemDictionary.cpp, line 231]
Event: 0,264 Thread 0x00007f7c6c016000 Exception <a 'java/lang/ClassNotFoundException'{0x000000070a8b90a8}: java/lang/ObjectCustomizer> (0x000000070a8b90a8) thrown at [src/hotspot/share/classfile/systemDictionary.cpp, line 231]
Event: 0,276 Thread 0x00007f7c6c016000 Exception <a 'java/lang/ClassNotFoundException'{0x000000070a8cbca8}: org/apache/log4j/LayoutCustomizer> (0x000000070a8cbca8) thrown at [src/hotspot/share/classfile/systemDictionary.cpp, line 231]
Event: 0,278 Thread 0x00007f7c6c016000 Exception <a 'java/lang/ClassNotFoundException'{0x000000070a8db2c0}: org/apache/log4j/PatternLayoutCustomizer> (0x000000070a8db2c0) thrown at [src/hotspot/share/classfile/systemDictionary.cpp, line 231]
Event: 0,329 Thread 0x00007f7c6c016000 Exception <a 'java/lang/ClassNotFoundException'{0x000000070a7d3360}: org/apache/log4j/ConsoleAppenderBeanInfo> (0x000000070a7d3360) thrown at [src/hotspot/share/classfile/systemDictionary.cpp, line 231]
Event: 0,329 Thread 0x00007f7c6c016000 Exception <a 'java/lang/ClassNotFoundException'{0x000000070a7d4e30}: org/apache/log4j/WriterAppenderBeanInfo> (0x000000070a7d4e30) thrown at [src/hotspot/share/classfile/systemDictionary.cpp, line 231]
Event: 0,330 Thread 0x00007f7c6c016000 Exception <a 'java/lang/ClassNotFoundException'{0x000000070a7d6af0}: org/apache/log4j/AppenderSkeletonBeanInfo> (0x000000070a7d6af0) thrown at [src/hotspot/share/classfile/systemDictionary.cpp, line 231]
Event: 0,330 Thread 0x00007f7c6c016000 Exception <a 'java/lang/ClassNotFoundException'{0x000000070a7d8a48}: org/apache/log4j/AppenderSkeletonCustomizer> (0x000000070a7d8a48) thrown at [src/hotspot/share/classfile/systemDictionary.cpp, line 231]
Event: 0,334 Thread 0x00007f7c6c016000 Exception <a 'java/lang/ClassNotFoundException'{0x000000070a7e7ea0}: org/apache/log4j/WriterAppenderCustomizer> (0x000000070a7e7ea0) thrown at [src/hotspot/share/classfile/systemDictionary.cpp, line 231]
Event: 0,336 Thread 0x00007f7c6c016000 Exception <a 'java/lang/ClassNotFoundException'{0x000000070a7f3e30}: org/apache/log4j/ConsoleAppenderCustomizer> (0x000000070a7f3e30) thrown at [src/hotspot/share/classfile/systemDictionary.cpp, line 231]

Events (20 events):
Event: 385,607 Executing VM operation: G1CollectForAllocation
Event: 385,615 Executing VM operation: G1CollectForAllocation done
Event: 394,886 Executing VM operation: G1CollectForAllocation
Event: 394,901 Executing VM operation: G1CollectForAllocation done
Event: 425,772 Executing VM operation: G1CollectForAllocation
Event: 425,777 Executing VM operation: G1CollectForAllocation done
Event: 455,015 Executing VM operation: G1CollectForAllocation
Event: 455,024 Executing VM operation: G1CollectForAllocation done
Event: 472,771 Executing VM operation: G1CollectForAllocation
Event: 472,780 Executing VM operation: G1CollectForAllocation done
Event: 505,337 Executing VM operation: G1CollectForAllocation
Event: 505,342 Executing VM operation: G1CollectForAllocation done
Event: 540,540 Executing VM operation: G1CollectForAllocation
Event: 540,541 Executing VM operation: G1CollectForAllocation done
Event: 576,070 Executing VM operation: G1CollectForAllocation
Event: 576,073 Executing VM operation: G1CollectForAllocation done
Event: 599,725 Executing VM operation: G1CollectForAllocation
Event: 599,733 Executing VM operation: G1CollectForAllocation done
Event: 647,695 Executing VM operation: G1CollectForAllocation
Event: 647,696 Executing VM operation: G1CollectForAllocation done


Dynamic libraries:
703000000-70ac00000 rw-p 00000000 00:00 0 
70ac00000-7ffe00000 ---p 00000000 00:00 0 
7ffe00000-7ffe47000 rw-p 01111000 08:02 6698455                          /usr/lib/jvm/java-11-openjdk-amd64/lib/server/classes.jsa
7ffe47000-7fff00000 rw-p 00000000 00:00 0 
7fff00000-7fff6b000 rw-p 010a6000 08:02 6698455                          /usr/lib/jvm/java-11-openjdk-amd64/lib/server/classes.jsa
7fff6b000-800000000 rw-p 00000000 00:00 0 
800000000-800002000 rwxp 00001000 08:02 6698455                          /usr/lib/jvm/java-11-openjdk-amd64/lib/server/classes.jsa
800002000-8003b9000 rw-p 00003000 08:02 6698455                          /usr/lib/jvm/java-11-openjdk-amd64/lib/server/classes.jsa
8003b9000-800a96000 r--p 003ba000 08:02 6698455                          /usr/lib/jvm/java-11-openjdk-amd64/lib/server/classes.jsa
800a96000-800a97000 rw-p 00a97000 08:02 6698455                          /usr/lib/jvm/java-11-openjdk-amd64/lib/server/classes.jsa
800a97000-8010a5000 r--p 00a98000 08:02 6698455                          /usr/lib/jvm/java-11-openjdk-amd64/lib/server/classes.jsa
840000000-8400a0000 rw-p 00000000 00:00 0 
8400a0000-880000000 ---p 00000000 00:00 0 
562562934000-562562935000 r--p 00000000 08:02 6689291                    /usr/lib/jvm/java-11-openjdk-amd64/bin/java
562562935000-562562936000 r-xp 00001000 08:02 6689291                    /usr/lib/jvm/java-11-openjdk-amd64/bin/java
562562936000-562562937000 r--p 00002000 08:02 6689291                    /usr/lib/jvm/java-11-openjdk-amd64/bin/java
562562937000-562562938000 r--p 00002000 08:02 6689291                    /usr/lib/jvm/java-11-openjdk-amd64/bin/java
562562938000-562562939000 rw-p 00003000 08:02 6689291                    /usr/lib/jvm/java-11-openjdk-amd64/bin/java
562563ba9000-562563bf8000 rw-p 00000000 00:00 0                          [heap]
7f7bf8000000-7f7bf8021000 rw-p 00000000 00:00 0 
7f7bf8021000-7f7bfc000000 ---p 00000000 00:00 0 
7f7c00000000-7f7c00021000 rw-p 00000000 00:00 0 
7f7c00021000-7f7c04000000 ---p 00000000 00:00 0 
7f7c04000000-7f7c04485000 rw-p 00000000 00:00 0 
7f7c04485000-7f7c08000000 ---p 00000000 00:00 0 
7f7c0bdfc000-7f7c0bdfd000 ---p 00000000 00:00 0 
7f7c0bdfd000-7f7c0befe000 rw-p 00000000 00:00 0 
7f7c0befe000-7f7c0beff000 ---p 00000000 00:00 0 
7f7c0beff000-7f7c0c000000 rw-p 00000000 00:00 0 
7f7c0c000000-7f7c0c021000 rw-p 00000000 00:00 0 
7f7c0c021000-7f7c10000000 ---p 00000000 00:00 0 
7f7c10000000-7f7c10021000 rw-p 00000000 00:00 0 
7f7c10021000-7f7c14000000 ---p 00000000 00:00 0 
7f7c14000000-7f7c14021000 rw-p 00000000 00:00 0 
7f7c14021000-7f7c18000000 ---p 00000000 00:00 0 
7f7c18000000-7f7c18021000 rw-p 00000000 00:00 0 
7f7c18021000-7f7c1c000000 ---p 00000000 00:00 0 
7f7c1c000000-7f7c1c732000 rw-p 00000000 00:00 0 
7f7c1c732000-7f7c20000000 ---p 00000000 00:00 0 
7f7c20000000-7f7c20378000 rw-p 00000000 00:00 0 
7f7c20378000-7f7c24000000 ---p 00000000 00:00 0 
7f7c24000000-7f7c24021000 rw-p 00000000 00:00 0 
7f7c24021000-7f7c28000000 ---p 00000000 00:00 0 
7f7c28000000-7f7c28021000 rw-p 00000000 00:00 0 
7f7c28021000-7f7c2c000000 ---p 00000000 00:00 0 
7f7c2c000000-7f7c2c021000 rw-p 00000000 00:00 0 
7f7c2c021000-7f7c30000000 ---p 00000000 00:00 0 
7f7c30000000-7f7c30021000 rw-p 00000000 00:00 0 
7f7c30021000-7f7c34000000 ---p 00000000 00:00 0 
7f7c34000000-7f7c34021000 rw-p 00000000 00:00 0 
7f7c34021000-7f7c38000000 ---p 00000000 00:00 0 
7f7c38000000-7f7c38021000 rw-p 00000000 00:00 0 
7f7c38021000-7f7c3c000000 ---p 00000000 00:00 0 
7f7c3c000000-7f7c3c021000 rw-p 00000000 00:00 0 
7f7c3c021000-7f7c40000000 ---p 00000000 00:00 0 
7f7c40077000-7f7c4007b000 ---p 00000000 00:00 0 
7f7c4007b000-7f7c40178000 rw-p 00000000 00:00 0 
7f7c40178000-7f7c4017c000 ---p 00000000 00:00 0 
7f7c4017c000-7f7c40279000 rw-p 00000000 00:00 0 
7f7c40279000-7f7c4027a000 ---p 00000000 00:00 0 
7f7c4027a000-7f7c4037b000 rw-p 00000000 00:00 0 
7f7c4037b000-7f7c4037f000 ---p 00000000 00:00 0 
7f7c4037f000-7f7c4047c000 rw-p 00000000 00:00 0 
7f7c4047c000-7f7c40480000 ---p 00000000 00:00 0 
7f7c40480000-7f7c4057d000 rw-p 00000000 00:00 0 
7f7c4057d000-7f7c40581000 ---p 00000000 00:00 0 
7f7c40581000-7f7c4067e000 rw-p 00000000 00:00 0 
7f7c4067e000-7f7c40682000 ---p 00000000 00:00 0 
7f7c40682000-7f7c4077f000 rw-p 00000000 00:00 0 
7f7c4077f000-7f7c40783000 ---p 00000000 00:00 0 
7f7c40783000-7f7c40880000 rw-p 00000000 00:00 0 
7f7c40880000-7f7c40df2000 r--p 00000000 08:02 6690651                    /usr/lib/locale/locale-archive
7f7c40df2000-7f7c40df6000 ---p 00000000 00:00 0 
7f7c40df6000-7f7c40ef3000 rw-p 00000000 00:00 0 
7f7c40ef3000-7f7c40ef7000 ---p 00000000 00:00 0 
7f7c40ef7000-7f7c40ff4000 rw-p 00000000 00:00 0 
7f7c40ff4000-7f7c40ff5000 ---p 00000000 00:00 0 
7f7c40ff5000-7f7c415b6000 rw-p 00000000 00:00 0 
7f7c415b6000-7f7c418f6000 ---p 00000000 00:00 0 
7f7c418f6000-7f7c418f7000 ---p 00000000 00:00 0 
7f7c418f7000-7f7c419f8000 rw-p 00000000 00:00 0 
7f7c419f8000-7f7c419f9000 ---p 00000000 00:00 0 
7f7c419f9000-7f7c43efe000 rw-p 00000000 00:00 0 
7f7c43efe000-7f7c43eff000 ---p 00000000 00:00 0 
7f7c43eff000-7f7c44000000 rw-p 00000000 00:00 0 
7f7c44000000-7f7c44021000 rw-p 00000000 00:00 0 
7f7c44021000-7f7c48000000 ---p 00000000 00:00 0 
7f7c4807e000-7f7c4807f000 ---p 00000000 00:00 0 
7f7c4807f000-7f7c48370000 rw-p 00000000 00:00 0 
7f7c48370000-7f7c4c0b8000 ---p 00000000 00:00 0 
7f7c4c0b8000-7f7c4c2b0000 rw-p 00000000 00:00 0 
7f7c4c2b0000-7f7c4fff8000 ---p 00000000 00:00 0 
7f7c4fff8000-7f7c50000000 rw-p 00000000 00:00 0 
7f7c50000000-7f7c50021000 rw-p 00000000 00:00 0 
7f7c50021000-7f7c54000000 ---p 00000000 00:00 0 
7f7c54084000-7f7c54088000 r--p 00000000 08:02 6730442                    /usr/lib/jvm/java-11-openjdk-amd64/lib/libnet.so
7f7c54088000-7f7c54097000 r-xp 00004000 08:02 6730442                    /usr/lib/jvm/java-11-openjdk-amd64/lib/libnet.so
7f7c54097000-7f7c5409b000 r--p 00013000 08:02 6730442                    /usr/lib/jvm/java-11-openjdk-amd64/lib/libnet.so
7f7c5409b000-7f7c5409c000 r--p 00016000 08:02 6730442                    /usr/lib/jvm/java-11-openjdk-amd64/lib/libnet.so
7f7c5409c000-7f7c5409d000 rw-p 00017000 08:02 6730442                    /usr/lib/jvm/java-11-openjdk-amd64/lib/libnet.so
7f7c5409d000-7f7c540a4000 r--p 00000000 08:02 6730443                    /usr/lib/jvm/java-11-openjdk-amd64/lib/libnio.so
7f7c540a4000-7f7c540ac000 r-xp 00007000 08:02 6730443                    /usr/lib/jvm/java-11-openjdk-amd64/lib/libnio.so
7f7c540ac000-7f7c540af000 r--p 0000f000 08:02 6730443                    /usr/lib/jvm/java-11-openjdk-amd64/lib/libnio.so
7f7c540af000-7f7c540b0000 r--p 00011000 08:02 6730443                    /usr/lib/jvm/java-11-openjdk-amd64/lib/libnio.so
7f7c540b0000-7f7c540b1000 rw-p 00012000 08:02 6730443                    /usr/lib/jvm/java-11-openjdk-amd64/lib/libnio.so
7f7c540b1000-7f7c540ef000 rw-p 00000000 00:00 0 
7f7c540ef000-7f7c54898000 ---p 00000000 00:00 0 
7f7c54898000-7f7c54899000 rw-p 00000000 00:00 0 
7f7c54899000-7f7c54b09000 rwxp 00000000 00:00 0 
7f7c54b09000-7f7c54e29000 ---p 00000000 00:00 0 
7f7c54e29000-7f7c55099000 rwxp 00000000 00:00 0 
7f7c55099000-7f7c5c361000 ---p 00000000 00:00 0 
7f7c5c361000-7f7c5c5d1000 rwxp 00000000 00:00 0 
7f7c5c5d1000-7f7c63899000 ---p 00000000 00:00 0 
7f7c63899000-7f7c6c000000 r--s 00000000 08:02 6730452                    /usr/lib/jvm/java-11-openjdk-amd64/lib/modules
7f7c6c000000-7f7c6c335000 rw-p 00000000 00:00 0 
7f7c6c335000-7f7c70000000 ---p 00000000 00:00 0 
7f7c70003000-7f7c701a4000 rw-p 00000000 00:00 0 
7f7c701a4000-7f7c7094d000 ---p 00000000 00:00 0 
7f7c7094d000-7f7c7098c000 rw-p 00000000 00:00 0 
7f7c7098c000-7f7c71135000 ---p 00000000 00:00 0 
7f7c71135000-7f7c7153a000 rw-p 00000000 00:00 0 
7f7c7153a000-7f7c7153b000 ---p 00000000 00:00 0 
7f7c7153b000-7f7c71641000 rw-p 00000000 00:00 0 
7f7c71641000-7f7c71727000 ---p 00000000 00:00 0 
7f7c71727000-7f7c7172c000 rw-p 00000000 00:00 0 
7f7c7172c000-7f7c71812000 ---p 00000000 00:00 0 
7f7c71812000-7f7c71817000 rw-p 00000000 00:00 0 
7f7c71817000-7f7c7181e000 ---p 00000000 00:00 0 
7f7c7181e000-7f7c71821000 r--p 00000000 08:02 6713980                    /usr/lib/x86_64-linux-gnu/libnss_files-2.31.so
7f7c71821000-7f7c71828000 r-xp 00003000 08:02 6713980                    /usr/lib/x86_64-linux-gnu/libnss_files-2.31.so
7f7c71828000-7f7c7182a000 r--p 0000a000 08:02 6713980                    /usr/lib/x86_64-linux-gnu/libnss_files-2.31.so
7f7c7182a000-7f7c7182b000 r--p 0000b000 08:02 6713980                    /usr/lib/x86_64-linux-gnu/libnss_files-2.31.so
7f7c7182b000-7f7c7182c000 rw-p 0000c000 08:02 6713980                    /usr/lib/x86_64-linux-gnu/libnss_files-2.31.so
7f7c7182c000-7f7c71832000 rw-p 00000000 00:00 0 
7f7c71839000-7f7c7183b000 r--s 0000c000 08:02 7353935                    /usr/share/java/java-atk-wrapper.jar
7f7c7183b000-7f7c7183d000 r--p 00000000 08:02 6730451                    /usr/lib/jvm/java-11-openjdk-amd64/lib/libzip.so
7f7c7183d000-7f7c71841000 r-xp 00002000 08:02 6730451                    /usr/lib/jvm/java-11-openjdk-amd64/lib/libzip.so
7f7c71841000-7f7c71843000 r--p 00006000 08:02 6730451                    /usr/lib/jvm/java-11-openjdk-amd64/lib/libzip.so
7f7c71843000-7f7c71844000 r--p 00007000 08:02 6730451                    /usr/lib/jvm/java-11-openjdk-amd64/lib/libzip.so
7f7c71844000-7f7c71845000 rw-p 00008000 08:02 6730451                    /usr/lib/jvm/java-11-openjdk-amd64/lib/libzip.so
7f7c71845000-7f7c7184d000 rw-s 00000000 00:31 58                         /tmp/hsperfdata_talles/12095
7f7c7184d000-7f7c7184e000 ---p 00000000 00:00 0 
7f7c7184e000-7f7c7184f000 r--p 00000000 00:00 0 
7f7c7184f000-7f7c7185d000 r--p 00000000 08:02 6730430                    /usr/lib/jvm/java-11-openjdk-amd64/lib/libjava.so
7f7c7185d000-7f7c71873000 r-xp 0000e000 08:02 6730430                    /usr/lib/jvm/java-11-openjdk-amd64/lib/libjava.so
7f7c71873000-7f7c7187a000 r--p 00024000 08:02 6730430                    /usr/lib/jvm/java-11-openjdk-amd64/lib/libjava.so
7f7c7187a000-7f7c7187b000 r--p 0002a000 08:02 6730430                    /usr/lib/jvm/java-11-openjdk-amd64/lib/libjava.so
7f7c7187b000-7f7c7187c000 rw-p 0002b000 08:02 6730430                    /usr/lib/jvm/java-11-openjdk-amd64/lib/libjava.so
7f7c7187c000-7f7c7187d000 rw-p 00000000 00:00 0 
7f7c7187d000-7f7c71880000 r--p 00000000 08:02 6713987                    /usr/lib/x86_64-linux-gnu/librt-2.31.so
7f7c71880000-7f7c71884000 r-xp 00003000 08:02 6713987                    /usr/lib/x86_64-linux-gnu/librt-2.31.so
7f7c71884000-7f7c71885000 r--p 00007000 08:02 6713987                    /usr/lib/x86_64-linux-gnu/librt-2.31.so
7f7c71885000-7f7c71886000 ---p 00008000 08:02 6713987                    /usr/lib/x86_64-linux-gnu/librt-2.31.so
7f7c71886000-7f7c71887000 r--p 00008000 08:02 6713987                    /usr/lib/x86_64-linux-gnu/librt-2.31.so
7f7c71887000-7f7c71888000 rw-p 00009000 08:02 6713987                    /usr/lib/x86_64-linux-gnu/librt-2.31.so
7f7c71888000-7f7c7188c000 ---p 00000000 00:00 0 
7f7c7188c000-7f7c71989000 rw-p 00000000 00:00 0 
7f7c71989000-7f7c7198c000 r--p 00000000 08:02 6687538                    /usr/lib/x86_64-linux-gnu/libgcc_s.so.1
7f7c7198c000-7f7c7199e000 r-xp 00003000 08:02 6687538                    /usr/lib/x86_64-linux-gnu/libgcc_s.so.1
7f7c7199e000-7f7c719a2000 r--p 00015000 08:02 6687538                    /usr/lib/x86_64-linux-gnu/libgcc_s.so.1
7f7c719a2000-7f7c719a3000 r--p 00018000 08:02 6687538                    /usr/lib/x86_64-linux-gnu/libgcc_s.so.1
7f7c719a3000-7f7c719a4000 rw-p 00019000 08:02 6687538                    /usr/lib/x86_64-linux-gnu/libgcc_s.so.1
7f7c719a4000-7f7c719b3000 r--p 00000000 08:02 6713974                    /usr/lib/x86_64-linux-gnu/libm-2.31.so
7f7c719b3000-7f7c71a5a000 r-xp 0000f000 08:02 6713974                    /usr/lib/x86_64-linux-gnu/libm-2.31.so
7f7c71a5a000-7f7c71af1000 r--p 000b6000 08:02 6713974                    /usr/lib/x86_64-linux-gnu/libm-2.31.so
7f7c71af1000-7f7c71af2000 r--p 0014c000 08:02 6713974                    /usr/lib/x86_64-linux-gnu/libm-2.31.so
7f7c71af2000-7f7c71af3000 rw-p 0014d000 08:02 6713974                    /usr/lib/x86_64-linux-gnu/libm-2.31.so
7f7c71af3000-7f7c71b89000 r--p 00000000 08:02 6686197                    /usr/lib/x86_64-linux-gnu/libstdc++.so.6.0.28
7f7c71b89000-7f7c71c79000 r-xp 00096000 08:02 6686197                    /usr/lib/x86_64-linux-gnu/libstdc++.so.6.0.28
7f7c71c79000-7f7c71cc2000 r--p 00186000 08:02 6686197                    /usr/lib/x86_64-linux-gnu/libstdc++.so.6.0.28
7f7c71cc2000-7f7c71cc3000 ---p 001cf000 08:02 6686197                    /usr/lib/x86_64-linux-gnu/libstdc++.so.6.0.28
7f7c71cc3000-7f7c71cce000 r--p 001cf000 08:02 6686197                    /usr/lib/x86_64-linux-gnu/libstdc++.so.6.0.28
7f7c71cce000-7f7c71cd1000 rw-p 001da000 08:02 6686197                    /usr/lib/x86_64-linux-gnu/libstdc++.so.6.0.28
7f7c71cd1000-7f7c71cd4000 rw-p 00000000 00:00 0 
7f7c71cd4000-7f7c71f4d000 r--p 00000000 08:02 6730455                    /usr/lib/jvm/java-11-openjdk-amd64/lib/server/libjvm.so
7f7c71f4d000-7f7c72bca000 r-xp 00279000 08:02 6730455                    /usr/lib/jvm/java-11-openjdk-amd64/lib/server/libjvm.so
7f7c72bca000-7f7c72e20000 r--p 00ef6000 08:02 6730455                    /usr/lib/jvm/java-11-openjdk-amd64/lib/server/libjvm.so
7f7c72e20000-7f7c72ee1000 r--p 0114b000 08:02 6730455                    /usr/lib/jvm/java-11-openjdk-amd64/lib/server/libjvm.so
7f7c72ee1000-7f7c72f1c000 rw-p 0120c000 08:02 6730455                    /usr/lib/jvm/java-11-openjdk-amd64/lib/server/libjvm.so
7f7c72f1c000-7f7c72f75000 rw-p 00000000 00:00 0 
7f7c72f75000-7f7c72f7c000 r--p 00000000 08:02 6713985                    /usr/lib/x86_64-linux-gnu/libpthread-2.31.so
7f7c72f7c000-7f7c72f8d000 r-xp 00007000 08:02 6713985                    /usr/lib/x86_64-linux-gnu/libpthread-2.31.so
7f7c72f8d000-7f7c72f92000 r--p 00018000 08:02 6713985                    /usr/lib/x86_64-linux-gnu/libpthread-2.31.so
7f7c72f92000-7f7c72f93000 r--p 0001c000 08:02 6713985                    /usr/lib/x86_64-linux-gnu/libpthread-2.31.so
7f7c72f93000-7f7c72f94000 rw-p 0001d000 08:02 6713985                    /usr/lib/x86_64-linux-gnu/libpthread-2.31.so
7f7c72f94000-7f7c72f98000 rw-p 00000000 00:00 0 
7f7c72f98000-7f7c72f99000 r--p 00000000 08:02 6713973                    /usr/lib/x86_64-linux-gnu/libdl-2.31.so
7f7c72f99000-7f7c72f9b000 r-xp 00001000 08:02 6713973                    /usr/lib/x86_64-linux-gnu/libdl-2.31.so
7f7c72f9b000-7f7c72f9c000 r--p 00003000 08:02 6713973                    /usr/lib/x86_64-linux-gnu/libdl-2.31.so
7f7c72f9c000-7f7c72f9d000 r--p 00003000 08:02 6713973                    /usr/lib/x86_64-linux-gnu/libdl-2.31.so
7f7c72f9d000-7f7c72f9e000 rw-p 00004000 08:02 6713973                    /usr/lib/x86_64-linux-gnu/libdl-2.31.so
7f7c72f9e000-7f7c72fa0000 r--p 00000000 08:02 6685977                    /usr/lib/x86_64-linux-gnu/libz.so.1.2.11
7f7c72fa0000-7f7c72fb1000 r-xp 00002000 08:02 6685977                    /usr/lib/x86_64-linux-gnu/libz.so.1.2.11
7f7c72fb1000-7f7c72fb7000 r--p 00013000 08:02 6685977                    /usr/lib/x86_64-linux-gnu/libz.so.1.2.11
7f7c72fb7000-7f7c72fb8000 ---p 00019000 08:02 6685977                    /usr/lib/x86_64-linux-gnu/libz.so.1.2.11
7f7c72fb8000-7f7c72fb9000 r--p 00019000 08:02 6685977                    /usr/lib/x86_64-linux-gnu/libz.so.1.2.11
7f7c72fb9000-7f7c72fba000 rw-p 0001a000 08:02 6685977                    /usr/lib/x86_64-linux-gnu/libz.so.1.2.11
7f7c72fba000-7f7c72fdf000 r--p 00000000 08:02 6713972                    /usr/lib/x86_64-linux-gnu/libc-2.31.so
7f7c72fdf000-7f7c73157000 r-xp 00025000 08:02 6713972                    /usr/lib/x86_64-linux-gnu/libc-2.31.so
7f7c73157000-7f7c731a1000 r--p 0019d000 08:02 6713972                    /usr/lib/x86_64-linux-gnu/libc-2.31.so
7f7c731a1000-7f7c731a2000 ---p 001e7000 08:02 6713972                    /usr/lib/x86_64-linux-gnu/libc-2.31.so
7f7c731a2000-7f7c731a5000 r--p 001e7000 08:02 6713972                    /usr/lib/x86_64-linux-gnu/libc-2.31.so
7f7c731a5000-7f7c731a8000 rw-p 001ea000 08:02 6713972                    /usr/lib/x86_64-linux-gnu/libc-2.31.so
7f7c731a8000-7f7c731ac000 rw-p 00000000 00:00 0 
7f7c731ac000-7f7c731ae000 r--p 00000000 08:02 6730434                    /usr/lib/jvm/java-11-openjdk-amd64/lib/libjimage.so
7f7c731ae000-7f7c731b1000 r-xp 00002000 08:02 6730434                    /usr/lib/jvm/java-11-openjdk-amd64/lib/libjimage.so
7f7c731b1000-7f7c731b2000 r--p 00005000 08:02 6730434                    /usr/lib/jvm/java-11-openjdk-amd64/lib/libjimage.so
7f7c731b2000-7f7c731b3000 ---p 00006000 08:02 6730434                    /usr/lib/jvm/java-11-openjdk-amd64/lib/libjimage.so
7f7c731b3000-7f7c731b4000 r--p 00006000 08:02 6730434                    /usr/lib/jvm/java-11-openjdk-amd64/lib/libjimage.so
7f7c731b4000-7f7c731b5000 rw-p 00007000 08:02 6730434                    /usr/lib/jvm/java-11-openjdk-amd64/lib/libjimage.so
7f7c731b5000-7f7c731ba000 r--p 00000000 08:02 6730450                    /usr/lib/jvm/java-11-openjdk-amd64/lib/libverify.so
7f7c731ba000-7f7c731c1000 r-xp 00005000 08:02 6730450                    /usr/lib/jvm/java-11-openjdk-amd64/lib/libverify.so
7f7c731c1000-7f7c731c3000 r--p 0000c000 08:02 6730450                    /usr/lib/jvm/java-11-openjdk-amd64/lib/libverify.so
7f7c731c3000-7f7c731c4000 ---p 0000e000 08:02 6730450                    /usr/lib/jvm/java-11-openjdk-amd64/lib/libverify.so
7f7c731c4000-7f7c731c6000 r--p 0000e000 08:02 6730450                    /usr/lib/jvm/java-11-openjdk-amd64/lib/libverify.so
7f7c731c6000-7f7c731c7000 rw-p 00010000 08:02 6730450                    /usr/lib/jvm/java-11-openjdk-amd64/lib/libverify.so
7f7c731c7000-7f7c731ca000 r--p 00000000 08:02 6730414                    /usr/lib/jvm/java-11-openjdk-amd64/lib/jli/libjli.so
7f7c731ca000-7f7c731d4000 r-xp 00003000 08:02 6730414                    /usr/lib/jvm/java-11-openjdk-amd64/lib/jli/libjli.so
7f7c731d4000-7f7c731d7000 r--p 0000d000 08:02 6730414                    /usr/lib/jvm/java-11-openjdk-amd64/lib/jli/libjli.so
7f7c731d7000-7f7c731d8000 ---p 00010000 08:02 6730414                    /usr/lib/jvm/java-11-openjdk-amd64/lib/jli/libjli.so
7f7c731d8000-7f7c731d9000 r--p 00010000 08:02 6730414                    /usr/lib/jvm/java-11-openjdk-amd64/lib/jli/libjli.so
7f7c731d9000-7f7c731da000 rw-p 00011000 08:02 6730414                    /usr/lib/jvm/java-11-openjdk-amd64/lib/jli/libjli.so
7f7c731da000-7f7c731dc000 rw-p 00000000 00:00 0 
7f7c731dc000-7f7c731dd000 r--p 00000000 08:02 6713968                    /usr/lib/x86_64-linux-gnu/ld-2.31.so
7f7c731dd000-7f7c73200000 r-xp 00001000 08:02 6713968                    /usr/lib/x86_64-linux-gnu/ld-2.31.so
7f7c73200000-7f7c73208000 r--p 00024000 08:02 6713968                    /usr/lib/x86_64-linux-gnu/ld-2.31.so
7f7c73209000-7f7c7320a000 r--p 0002c000 08:02 6713968                    /usr/lib/x86_64-linux-gnu/ld-2.31.so
7f7c7320a000-7f7c7320b000 rw-p 0002d000 08:02 6713968                    /usr/lib/x86_64-linux-gnu/ld-2.31.so
7f7c7320b000-7f7c7320c000 rw-p 00000000 00:00 0 
7ffe2121e000-7ffe21241000 rw-p 00000000 00:00 0                          [stack]
7ffe212dd000-7ffe212e0000 r--p 00000000 00:00 0                          [vvar]
7ffe212e0000-7ffe212e1000 r-xp 00000000 00:00 0                          [vdso]
ffffffffff600000-ffffffffff601000 --xp 00000000 00:00 0                  [vsyscall]


VM Arguments:
jvm_args: -Xmx4048m -Drouge.prop=/home/talles/Documents/rouge_interface/projetos/60214058ac956d22139dd57b/rouge.properties 
java_command: /home/talles/Documents/rouge_interface/rouge/rouge2-1.2.2.jar
java_class_path (initial): /home/talles/Documents/rouge_interface/rouge/rouge2-1.2.2.jar
Launcher Type: SUN_STANDARD

[Global flags]
     intx CICompilerCount                          = 3                                         {product} {ergonomic}
     uint ConcGCThreads                            = 1                                         {product} {ergonomic}
     uint G1ConcRefinementThreads                  = 4                                         {product} {ergonomic}
   size_t G1HeapRegionSize                         = 1048576                                   {product} {ergonomic}
    uintx GCDrainStackTargetSize                   = 64                                        {product} {ergonomic}
   size_t InitialHeapSize                          = 130023424                                 {product} {ergonomic}
   size_t MarkStackSize                            = 4194304                                   {product} {ergonomic}
   size_t MaxHeapSize                              = 4244635648                                {product} {command line}
   size_t MaxNewSize                               = 2545942528                                {product} {ergonomic}
   size_t MinHeapDeltaBytes                        = 1048576                                   {product} {ergonomic}
    uintx NonNMethodCodeHeapSize                   = 5830732                                {pd product} {ergonomic}
    uintx NonProfiledCodeHeapSize                  = 122913754                              {pd product} {ergonomic}
    uintx ProfiledCodeHeapSize                     = 122913754                              {pd product} {ergonomic}
    uintx ReservedCodeCacheSize                    = 251658240                              {pd product} {ergonomic}
     bool SegmentedCodeCache                       = true                                      {product} {ergonomic}
     bool UseCompressedClassPointers               = true                                 {lp64_product} {ergonomic}
     bool UseCompressedOops                        = true                                 {lp64_product} {ergonomic}
     bool UseG1GC                                  = true                                      {product} {ergonomic}

Logging:
Log output configuration:
 #0: stdout all=warning uptime,level,tags
 #1: stderr all=off uptime,level,tags

Environment Variables:
PATH=/usr/share/npm/node_modules/npm-lifecycle/node-gyp-bin:/home/talles/Documents/rouge_interface/node_modules/.bin:/home/talles/.local/bin:/home/talles/.local/bin:/usr/local/sbin:/usr/local/bin:/usr/sbin:/usr/bin:/sbin:/bin:/usr/games:/usr/local/games:/snap/bin
SHELL=/bin/bash
DISPLAY=:0
LANG=en_US.UTF-8
LC_CTYPE=pt_BR.UTF-8

Signal Handlers:
SIGSEGV: [libjvm.so+0xe824c0], sa_mask[0]=11111111011111111101111111111110, sa_flags=SA_RESTART|SA_SIGINFO
SIGBUS: [libjvm.so+0xe824c0], sa_mask[0]=11111111011111111101111111111110, sa_flags=SA_RESTART|SA_SIGINFO
SIGFPE: [libjvm.so+0xe824c0], sa_mask[0]=11111111011111111101111111111110, sa_flags=SA_RESTART|SA_SIGINFO
SIGPIPE: [libjvm.so+0xbc8ee0], sa_mask[0]=11111111011111111101111111111110, sa_flags=SA_RESTART|SA_SIGINFO
SIGXFSZ: [libjvm.so+0xbc8ee0], sa_mask[0]=11111111011111111101111111111110, sa_flags=SA_RESTART|SA_SIGINFO
SIGILL: [libjvm.so+0xe824c0], sa_mask[0]=11111111011111111101111111111110, sa_flags=SA_RESTART|SA_SIGINFO
SIGUSR2: [libjvm.so+0xbc8d80], sa_mask[0]=00000000000000000000000000000000, sa_flags=SA_RESTART|SA_SIGINFO
SIGHUP: [libjvm.so+0xbc9220], sa_mask[0]=11111111011111111101111111111110, sa_flags=SA_RESTART|SA_SIGINFO
SIGINT: [libjvm.so+0xbc9220], sa_mask[0]=11111111011111111101111111111110, sa_flags=SA_RESTART|SA_SIGINFO
SIGTERM: [libjvm.so+0xbc9220], sa_mask[0]=11111111011111111101111111111110, sa_flags=SA_RESTART|SA_SIGINFO
SIGQUIT: [libjvm.so+0xbc9220], sa_mask[0]=11111111011111111101111111111110, sa_flags=SA_RESTART|SA_SIGINFO


---------------  S Y S T E M  ---------------

OS:DISTRIB_ID=Ubuntu
DISTRIB_RELEASE=20.04
DISTRIB_CODENAME=focal
DISTRIB_DESCRIPTION="Ubuntu 20.04.2 LTS"
uname:Linux 5.4.0-65-generic #73-Ubuntu SMP Mon Jan 18 17:25:17 UTC 2021 x86_64
OS uptime: 0 days 1:57 hours
libc:glibc 2.31 NPTL 2.31 
rlimit (soft/hard): STACK 8192k/infinity , CORE 0k/infinity , NPROC 31058/31058 , NOFILE 1048576/1048576 , AS infinity/infinity , CPU infinity/infinity , DATA infinity/infinity , FSIZE infinity/infinity , MEMLOCK 65536k/65536k
load average:6,27 4,60 3,03

/proc/meminfo:
MemTotal:        8044176 kB
MemFree:         1577220 kB
MemAvailable:    4119092 kB
Buffers:          232552 kB
Cached:          2804488 kB
SwapCached:            0 kB
Active:          4088744 kB
Inactive:        1669904 kB
Active(anon):    2915532 kB
Inactive(anon):   145784 kB
Active(file):    1173212 kB
Inactive(file):  1524120 kB
Unevictable:      303000 kB
Mlocked:              32 kB
SwapTotal:       8048572 kB
SwapFree:        8048572 kB
Dirty:               132 kB
Writeback:             0 kB
AnonPages:       3024480 kB
Mapped:          1107572 kB
Shmem:            470480 kB
KReclaimable:     128684 kB
Slab:             276456 kB
SReclaimable:     128684 kB
SUnreclaim:       147772 kB
KernelStack:       16864 kB
PageTables:        39636 kB
NFS_Unstable:          0 kB
Bounce:                0 kB
WritebackTmp:          0 kB
CommitLimit:    12070660 kB
Committed_AS:    9659504 kB
VmallocTotal:   34359738367 kB
VmallocUsed:       36080 kB
VmallocChunk:          0 kB
Percpu:            14080 kB
HardwareCorrupted:     0 kB
AnonHugePages:         0 kB
ShmemHugePages:        0 kB
ShmemPmdMapped:        0 kB
FileHugePages:         0 kB
FilePmdMapped:         0 kB
CmaTotal:              0 kB
CmaFree:               0 kB
HugePages_Total:       0
HugePages_Free:        0
HugePages_Rsvd:        0
HugePages_Surp:        0
Hugepagesize:       2048 kB
Hugetlb:               0 kB
DirectMap4k:      345152 kB
DirectMap2M:     7938048 kB

/sys/kernel/mm/transparent_hugepage/enabled:
always [madvise] never
/sys/kernel/mm/transparent_hugepage/defrag (defrag/compaction efforts parameter):
always defer defer+madvise [madvise] never

/proc/sys/kernel/threads-max (system-wide limit on the number of threads):
62117
/proc/sys/vm/max_map_count (maximum number of memory map areas a process may have):
65530
/proc/sys/kernel/pid_max (system-wide limit on number of process identifiers):
4194304

container (cgroup) information:
container_type: cgroupv1
cpu_cpuset_cpus: 0-3
cpu_memory_nodes: 0
active_processor_count: 4
cpu_quota: -1
cpu_period: 100000
cpu_shares: -1
memory_limit_in_bytes: -1
memory_and_swap_limit_in_bytes: -2
memory_soft_limit_in_bytes: -1
memory_usage_in_bytes: 4832563200
memory_max_usage_in_bytes: 5395693568

Steal ticks since vm start: 0
Steal ticks percentage since vm start:  0,000

CPU:total 4 (initial active 4) (2 cores per cpu, 2 threads per core) family 6 model 42 stepping 7, cmov, cx8, fxsr, mmx, sse, sse2, sse3, ssse3, sse4.1, sse4.2, popcnt, avx, aes, clmul, ht, tsc, tscinvbit
CPU Model and flags from /proc/cpuinfo:
model name	: Intel(R) Core(TM) i5-2520M CPU @ 2.50GHz
flags		: fpu vme de pse tsc msr pae mce cx8 apic sep mtrr pge mca cmov pat pse36 clflush dts acpi mmx fxsr sse sse2 ht tm pbe syscall nx rdtscp lm constant_tsc arch_perfmon pebs bts rep_good nopl xtopology nonstop_tsc cpuid aperfmperf pni pclmulqdq dtes64 monitor ds_cpl vmx smx est tm2 ssse3 cx16 xtpr pdcm pcid sse4_1 sse4_2 x2apic popcnt tsc_deadline_timer aes xsave avx lahf_lm epb pti ssbd ibrs ibpb stibp tpr_shadow vnmi flexpriority ept vpid xsaveopt dtherm ida arat pln pts md_clear flush_l1d
Online cpus:
0-3
Offline cpus:
4-15
BIOS frequency limitation:
<Not Available>
Frequency switch latency (ns):
0
Available cpu frequencies:
<Not Available>
Current governor:
powersave
Core performance/turbo boost:
<Not Available>

Memory: 4k page, physical 8044176k(1576392k free), swap 8048572k(8048572k free)

vm_info: OpenJDK 64-Bit Server VM (11.0.9.1+1-Ubuntu-0ubuntu1.20.04) for linux-amd64 JRE (11.0.9.1+1-Ubuntu-0ubuntu1.20.04), built on Nov 10 2020 04:18:42 by "unknown" with gcc 9.3.0

END.
