#
# A fatal error has been detected by the Java Runtime Environment:
#
#  SIGSEGV (0xb) at pc=0x00007f928d723dbd, pid=13309, tid=13309
#
# JRE version: OpenJDK Runtime Environment (11.0.9.1+1) (build 11.0.9.1+1-Ubuntu-0ubuntu1.20.04)
# Java VM: OpenJDK 64-Bit Server VM (11.0.9.1+1-Ubuntu-0ubuntu1.20.04, mixed mode, sharing, tiered, compressed oops, g1 gc, linux-amd64)
# Problematic frame:
# V  [libjvm.so+0xbc8dbd]
#
# Core dump will be written. Default location: Core dumps may be processed with "/usr/share/apport/apport %p %s %c %d %P %E" (or dumping to /home/talles/Documents/rouge_interface/core.13309)
#
# If you would like to submit a bug report, please visit:
#   https://bugs.launchpad.net/ubuntu/+source/openjdk-lts
#

---------------  S U M M A R Y ------------

Command Line: -Xmx5048m -Drouge.prop=/home/talles/Documents/rouge_interface/projetos/6021432a81aab433cccefc5e/rouge.properties /home/talles/Documents/rouge_interface/rouge/rouge2-1.2.2.jar

Host: Intel(R) Core(TM) i5-2520M CPU @ 2.50GHz, 4 cores, 7G, Ubuntu 20.04.2 LTS
Time: Mon Feb  8 10:57:36 2021 -03 elapsed time: 37.306161 seconds (0d 0h 0m 37s)

---------------  T H R E A D  ---------------

Current thread is native thread

Stack: [0x00007ffe73769000,0x00007ffe73f65000],  sp=0x00007ffe73f5ffc0,  free space=8155k
Native frames: (J=compiled Java code, A=aot compiled Java code, j=interpreted, Vv=VM code, C=native code)
V  [libjvm.so+0xbc8dbd]
C  [libc.so.6+0x46210]


siginfo: si_signo: 11 (SIGSEGV), si_code: 1 (SEGV_MAPERR), si_addr: 0x00000000000000d0

Register to memory mapping:

RAX=0x0 is NULL
RBX=
[error occurred during error reporting (printing register info), id 0xb, SIGSEGV (0xb) at pc=0x00007f928d97a68c]

Registers:
RAX=0x0000000000000000, RBX=0x00007f928ddfb3c0, RCX=0x00007f928de06cd7, RDX=0x00007f928ddfb440
RSP=0x00007ffe73f5ffc0, RBP=0x00007ffe73f60070, RSI=0x00007ffe73f601b0, RDI=0x0000000000000001
R8 =0x0000000000000000, R9 =0x00007f928c80f700, R10=0x0000000000000000, R11=0x0000000000000246
R12=0x00007ffe73f601b0, R13=0x00007ffe73f60080, R14=0x0000000000000000, R15=0x00007f928c80f700
RIP=0x00007f928d723dbd, EFLAGS=0x0000000000010246, CSGSFS=0x002b000000000033, ERR=0x0000000000000004
  TRAPNO=0x000000000000000e

Top of Stack: (sp=0x00007ffe73f5ffc0)
0x00007ffe73f5ffc0:   00007f928de479dc 00007f928e06e88a
0x00007ffe73f5ffd0:   0000000000000664 00007f928de56330
0x00007ffe73f5ffe0:   00007f928e0615d0 00007ffe73f60088
0x00007ffe73f5fff0:   00007ffe73f60084 00007f928ddfa778 

Instructions: (pc=0x00007f928d723dbd)
0x00007f928d723cbd:   ff 48 85 c0 74 03 c6 00 00 4c 89 f7 4c 89 fa 4c
0x00007f928d723ccd:   89 ee e8 4c 04 6b ff 4c 89 e7 e8 a4 07 6b ff 48
0x00007f928d723cdd:   81 c4 08 01 00 00 5b 41 5c 41 5d 41 5e 41 5f 5d
0x00007f928d723ced:   c3 66 90 4c 89 e2 be 00 01 00 00 4c 89 ef e8 f0
0x00007f928d723cfd:   09 6b ff 48 85 c0 74 ac 48 8d 35 63 71 3a 00 4c
0x00007f928d723d0d:   89 ef e8 dc 07 6b ff 48 85 c0 75 17 48 8d 35 64
0x00007f928d723d1d:   71 3a 00 4c 89 ef e8 c8 07 6b ff 48 85 c0 74 84
0x00007f928d723d2d:   0f 1f 00 be 22 00 00 00 4c 89 ef e8 43 08 6b ff
0x00007f928d723d3d:   48 85 c0 74 26 4c 8d 68 01 be 22 00 00 00 4c 89
0x00007f928d723d4d:   ef e8 2d 08 6b ff 48 85 c0 0f 85 67 ff ff ff e9
0x00007f928d723d5d:   65 ff ff ff 0f 1f 80 00 00 00 00 4c 89 ef be 3d
0x00007f928d723d6d:   00 00 00 e8 0b 08 6b ff 4c 8d 68 01 e9 33 ff ff
0x00007f928d723d7d:   ff 66 90 f3 0f 1e fa 55 48 89 e5 41 57 41 56 41
0x00007f928d723d8d:   55 49 89 d5 41 54 49 89 f4 53 48 81 ec 88 00 00
0x00007f928d723d9d:   00 e8 0d 0f 6b ff 44 8b 30 48 89 c3 e8 92 51 25
0x00007f928d723dad:   00 41 89 c0 31 c0 45 84 c0 74 05 e8 93 51 25 00
0x00007f928d723dbd:   48 83 b8 d0 00 00 00 00 74 16 4c 8b b8 68 02 00
0x00007f928d723dcd:   00 41 8b 87 a8 00 00 00 83 f8 01 74 16 44 89 33
0x00007f928d723ddd:   48 81 c4 88 00 00 00 5b 41 5c 41 5d 41 5e 41 5f
0x00007f928d723ded:   5d c3 90 66 49 0f 6e c4 66 49 0f 6e cd ba 02 00
0x00007f928d723dfd:   00 00 be 01 00 00 00 66 0f 6c c1 4d 8d a7 a8 00
0x00007f928d723e0d:   00 00 41 0f 11 87 b0 00 00 00 4c 89 e7 e8 61 bd
0x00007f928d723e1d:   ff ff 83 f8 02 74 3c 85 c0 75 18 66 0f ef c0 41
0x00007f928d723e2d:   0f 11 87 b0 00 00 00 eb a4 66 2e 0f 1f 84 00 00
0x00007f928d723e3d:   00 00 00 48 8d 05 61 8c 64 00 be aa 11 00 00 48
0x00007f928d723e4d:   8d 3d 4d 7a 3a 00 48 8b 00 c6 00 58 e8 22 13 aa
0x00007f928d723e5d:   ff eb c8 4c 8d ad 50 ff ff ff 4c 89 ef e8 a1 0a
0x00007f928d723e6d:   6b ff 4c 89 ea 31 f6 31 ff e8 b5 0b 6b ff 8b 35
0x00007f928d723e7d:   8f 38 66 00 4c 89 ef e8 57 07 6b ff be 01 00 00
0x00007f928d723e8d:   00 48 8d 3d cb 82 6a 00 e8 66 9e 0c 00 66 0f 1f
0x00007f928d723e9d:   44 00 00 4c 89 ef e8 68 0e 6b ff 31 d2 be 03 00
0x00007f928d723ead:   00 00 4c 89 e7 e8 c9 bc ff ff 85 c0 75 e5 be 01 


Stack slot to memory mapping:
stack at sp + 0 slots: 
[error occurred during error reporting (inspecting top of stack), id 0xb, SIGSEGV (0xb) at pc=0x00007f928d97a68c]


---------------  P R O C E S S  ---------------

VM state:not at safepoint (normal execution)

VM Mutex/Monitor currently owned by a thread: None

Heap address: 0x00000006c4800000, size: 5048 MB, Compressed Oops mode: Zero based, Oop shift amount: 3
Narrow klass base: 0x0000000800000000, Narrow klass shift: 3
Compressed class space size: 1073741824 Address: 0x0000000840000000

Heap:
 garbage-first heap   total 129024K, used 65690K [0x00000006c4800000, 0x0000000800000000)
  region size 1024K, 64 young (65536K), 8 survivors (8192K)
 Metaspace       used 2821K, capacity 5182K, committed 5504K, reserved 1056768K
  class space    used 290K, capacity 517K, committed 640K, reserved 1048576K
Heap Regions: E=young(eden), S=young(survivor), O=old, HS=humongous(starts), HC=humongous(continues), CS=collection set, F=free, A=archive, TAMS=top-at-mark-start (previous, next)
|   0|0x00000006c4800000, 0x00000006c4874800, 0x00000006c4900000| 45%| O|  |TAMS 0x00000006c4800000, 0x00000006c4800000| Untracked 
|   1|0x00000006c4900000, 0x00000006c4900000, 0x00000006c4a00000|  0%| F|  |TAMS 0x00000006c4900000, 0x00000006c4900000| Untracked 
|   2|0x00000006c4a00000, 0x00000006c4a00000, 0x00000006c4b00000|  0%| F|  |TAMS 0x00000006c4a00000, 0x00000006c4a00000| Untracked 
|   3|0x00000006c4b00000, 0x00000006c4b00000, 0x00000006c4c00000|  0%| F|  |TAMS 0x00000006c4b00000, 0x00000006c4b00000| Untracked 
|   4|0x00000006c4c00000, 0x00000006c4c00000, 0x00000006c4d00000|  0%| F|  |TAMS 0x00000006c4c00000, 0x00000006c4c00000| Untracked 
|   5|0x00000006c4d00000, 0x00000006c4d00000, 0x00000006c4e00000|  0%| F|  |TAMS 0x00000006c4d00000, 0x00000006c4d00000| Untracked 
|   6|0x00000006c4e00000, 0x00000006c4e00000, 0x00000006c4f00000|  0%| F|  |TAMS 0x00000006c4e00000, 0x00000006c4e00000| Untracked 
|   7|0x00000006c4f00000, 0x00000006c4f00000, 0x00000006c5000000|  0%| F|  |TAMS 0x00000006c4f00000, 0x00000006c4f00000| Untracked 
|   8|0x00000006c5000000, 0x00000006c5000000, 0x00000006c5100000|  0%| F|  |TAMS 0x00000006c5000000, 0x00000006c5000000| Untracked 
|   9|0x00000006c5100000, 0x00000006c5100000, 0x00000006c5200000|  0%| F|  |TAMS 0x00000006c5100000, 0x00000006c5100000| Untracked 
|  10|0x00000006c5200000, 0x00000006c5200000, 0x00000006c5300000|  0%| F|  |TAMS 0x00000006c5200000, 0x00000006c5200000| Untracked 
|  11|0x00000006c5300000, 0x00000006c5300000, 0x00000006c5400000|  0%| F|  |TAMS 0x00000006c5300000, 0x00000006c5300000| Untracked 
|  12|0x00000006c5400000, 0x00000006c5400000, 0x00000006c5500000|  0%| F|  |TAMS 0x00000006c5400000, 0x00000006c5400000| Untracked 
|  13|0x00000006c5500000, 0x00000006c5500000, 0x00000006c5600000|  0%| F|  |TAMS 0x00000006c5500000, 0x00000006c5500000| Untracked 
|  14|0x00000006c5600000, 0x00000006c5600000, 0x00000006c5700000|  0%| F|  |TAMS 0x00000006c5600000, 0x00000006c5600000| Untracked 
|  15|0x00000006c5700000, 0x00000006c5700000, 0x00000006c5800000|  0%| F|  |TAMS 0x00000006c5700000, 0x00000006c5700000| Untracked 
|  16|0x00000006c5800000, 0x00000006c5800000, 0x00000006c5900000|  0%| F|  |TAMS 0x00000006c5800000, 0x00000006c5800000| Untracked 
|  17|0x00000006c5900000, 0x00000006c5900000, 0x00000006c5a00000|  0%| F|  |TAMS 0x00000006c5900000, 0x00000006c5900000| Untracked 
|  18|0x00000006c5a00000, 0x00000006c5a00000, 0x00000006c5b00000|  0%| F|  |TAMS 0x00000006c5a00000, 0x00000006c5a00000| Untracked 
|  19|0x00000006c5b00000, 0x00000006c5b00000, 0x00000006c5c00000|  0%| F|  |TAMS 0x00000006c5b00000, 0x00000006c5b00000| Untracked 
|  20|0x00000006c5c00000, 0x00000006c5c00000, 0x00000006c5d00000|  0%| F|  |TAMS 0x00000006c5c00000, 0x00000006c5c00000| Untracked 
|  21|0x00000006c5d00000, 0x00000006c5d00000, 0x00000006c5e00000|  0%| F|  |TAMS 0x00000006c5d00000, 0x00000006c5d00000| Untracked 
|  22|0x00000006c5e00000, 0x00000006c5e00000, 0x00000006c5f00000|  0%| F|  |TAMS 0x00000006c5e00000, 0x00000006c5e00000| Untracked 
|  23|0x00000006c5f00000, 0x00000006c5f00000, 0x00000006c6000000|  0%| F|  |TAMS 0x00000006c5f00000, 0x00000006c5f00000| Untracked 
|  24|0x00000006c6000000, 0x00000006c6000000, 0x00000006c6100000|  0%| F|  |TAMS 0x00000006c6000000, 0x00000006c6000000| Untracked 
|  25|0x00000006c6100000, 0x00000006c6100000, 0x00000006c6200000|  0%| F|  |TAMS 0x00000006c6100000, 0x00000006c6100000| Untracked 
|  26|0x00000006c6200000, 0x00000006c6200000, 0x00000006c6300000|  0%| F|  |TAMS 0x00000006c6200000, 0x00000006c6200000| Untracked 
|  27|0x00000006c6300000, 0x00000006c6300000, 0x00000006c6400000|  0%| F|  |TAMS 0x00000006c6300000, 0x00000006c6300000| Untracked 
|  28|0x00000006c6400000, 0x00000006c6400000, 0x00000006c6500000|  0%| F|  |TAMS 0x00000006c6400000, 0x00000006c6400000| Untracked 
|  29|0x00000006c6500000, 0x00000006c6500000, 0x00000006c6600000|  0%| F|  |TAMS 0x00000006c6500000, 0x00000006c6500000| Untracked 
|  30|0x00000006c6600000, 0x00000006c6600000, 0x00000006c6700000|  0%| F|  |TAMS 0x00000006c6600000, 0x00000006c6600000| Untracked 
|  31|0x00000006c6700000, 0x00000006c6700000, 0x00000006c6800000|  0%| F|  |TAMS 0x00000006c6700000, 0x00000006c6700000| Untracked 
|  32|0x00000006c6800000, 0x00000006c6800000, 0x00000006c6900000|  0%| F|  |TAMS 0x00000006c6800000, 0x00000006c6800000| Untracked 
|  33|0x00000006c6900000, 0x00000006c6900000, 0x00000006c6a00000|  0%| F|  |TAMS 0x00000006c6900000, 0x00000006c6900000| Untracked 
|  34|0x00000006c6a00000, 0x00000006c6a00000, 0x00000006c6b00000|  0%| F|  |TAMS 0x00000006c6a00000, 0x00000006c6a00000| Untracked 
|  35|0x00000006c6b00000, 0x00000006c6b00000, 0x00000006c6c00000|  0%| F|  |TAMS 0x00000006c6b00000, 0x00000006c6b00000| Untracked 
|  36|0x00000006c6c00000, 0x00000006c6c00000, 0x00000006c6d00000|  0%| F|  |TAMS 0x00000006c6c00000, 0x00000006c6c00000| Untracked 
|  37|0x00000006c6d00000, 0x00000006c6d00000, 0x00000006c6e00000|  0%| F|  |TAMS 0x00000006c6d00000, 0x00000006c6d00000| Untracked 
|  38|0x00000006c6e00000, 0x00000006c6e00000, 0x00000006c6f00000|  0%| F|  |TAMS 0x00000006c6e00000, 0x00000006c6e00000| Untracked 
|  39|0x00000006c6f00000, 0x00000006c6f00000, 0x00000006c7000000|  0%| F|  |TAMS 0x00000006c6f00000, 0x00000006c6f00000| Untracked 
|  40|0x00000006c7000000, 0x00000006c7000000, 0x00000006c7100000|  0%| F|  |TAMS 0x00000006c7000000, 0x00000006c7000000| Untracked 
|  41|0x00000006c7100000, 0x00000006c7100000, 0x00000006c7200000|  0%| F|  |TAMS 0x00000006c7100000, 0x00000006c7100000| Untracked 
|  42|0x00000006c7200000, 0x00000006c7300000, 0x00000006c7300000|100%| S|CS|TAMS 0x00000006c7200000, 0x00000006c7200000| Complete 
|  43|0x00000006c7300000, 0x00000006c7400000, 0x00000006c7400000|100%| S|CS|TAMS 0x00000006c7300000, 0x00000006c7300000| Complete 
|  44|0x00000006c7400000, 0x00000006c7500000, 0x00000006c7500000|100%| S|CS|TAMS 0x00000006c7400000, 0x00000006c7400000| Complete 
|  45|0x00000006c7500000, 0x00000006c7600000, 0x00000006c7600000|100%| S|CS|TAMS 0x00000006c7500000, 0x00000006c7500000| Complete 
|  46|0x00000006c7600000, 0x00000006c7600000, 0x00000006c7700000|  0%| F|  |TAMS 0x00000006c7600000, 0x00000006c7600000| Untracked 
|  47|0x00000006c7700000, 0x00000006c7700000, 0x00000006c7800000|  0%| F|  |TAMS 0x00000006c7700000, 0x00000006c7700000| Untracked 
|  48|0x00000006c7800000, 0x00000006c7800000, 0x00000006c7900000|  0%| F|  |TAMS 0x00000006c7800000, 0x00000006c7800000| Untracked 
|  49|0x00000006c7900000, 0x00000006c7900000, 0x00000006c7a00000|  0%| F|  |TAMS 0x00000006c7900000, 0x00000006c7900000| Untracked 
|  50|0x00000006c7a00000, 0x00000006c7b00000, 0x00000006c7b00000|100%| S|CS|TAMS 0x00000006c7a00000, 0x00000006c7a00000| Complete 
|  51|0x00000006c7b00000, 0x00000006c7c00000, 0x00000006c7c00000|100%| S|CS|TAMS 0x00000006c7b00000, 0x00000006c7b00000| Complete 
|  52|0x00000006c7c00000, 0x00000006c7d00000, 0x00000006c7d00000|100%| S|CS|TAMS 0x00000006c7c00000, 0x00000006c7c00000| Complete 
|  53|0x00000006c7d00000, 0x00000006c7e00000, 0x00000006c7e00000|100%| S|CS|TAMS 0x00000006c7d00000, 0x00000006c7d00000| Complete 
|  54|0x00000006c7e00000, 0x00000006c7e00000, 0x00000006c7f00000|  0%| F|  |TAMS 0x00000006c7e00000, 0x00000006c7e00000| Untracked 
|  55|0x00000006c7f00000, 0x00000006c7f00000, 0x00000006c8000000|  0%| F|  |TAMS 0x00000006c7f00000, 0x00000006c7f00000| Untracked 
|  56|0x00000006c8000000, 0x00000006c8000000, 0x00000006c8100000|  0%| F|  |TAMS 0x00000006c8000000, 0x00000006c8000000| Untracked 
|  57|0x00000006c8100000, 0x00000006c8100000, 0x00000006c8200000|  0%| F|  |TAMS 0x00000006c8100000, 0x00000006c8100000| Untracked 
|  58|0x00000006c8200000, 0x00000006c8200000, 0x00000006c8300000|  0%| F|  |TAMS 0x00000006c8200000, 0x00000006c8200000| Untracked 
|  59|0x00000006c8300000, 0x00000006c8300000, 0x00000006c8400000|  0%| F|  |TAMS 0x00000006c8300000, 0x00000006c8300000| Untracked 
|  60|0x00000006c8400000, 0x00000006c8400000, 0x00000006c8500000|  0%| F|  |TAMS 0x00000006c8400000, 0x00000006c8400000| Untracked 
|  61|0x00000006c8500000, 0x00000006c8500000, 0x00000006c8600000|  0%| F|  |TAMS 0x00000006c8500000, 0x00000006c8500000| Untracked 
|  62|0x00000006c8600000, 0x00000006c8600000, 0x00000006c8700000|  0%| F|  |TAMS 0x00000006c8600000, 0x00000006c8600000| Untracked 
|  63|0x00000006c8700000, 0x00000006c8700000, 0x00000006c8800000|  0%| F|  |TAMS 0x00000006c8700000, 0x00000006c8700000| Untracked 
|  64|0x00000006c8800000, 0x00000006c8800000, 0x00000006c8900000|  0%| F|  |TAMS 0x00000006c8800000, 0x00000006c8800000| Untracked 
|  65|0x00000006c8900000, 0x00000006c8900000, 0x00000006c8a00000|  0%| F|  |TAMS 0x00000006c8900000, 0x00000006c8900000| Untracked 
|  66|0x00000006c8a00000, 0x00000006c8a00000, 0x00000006c8b00000|  0%| F|  |TAMS 0x00000006c8a00000, 0x00000006c8a00000| Untracked 
|  67|0x00000006c8b00000, 0x00000006c8b00000, 0x00000006c8c00000|  0%| F|  |TAMS 0x00000006c8b00000, 0x00000006c8b00000| Untracked 
|  68|0x00000006c8c00000, 0x00000006c8c80800, 0x00000006c8d00000| 50%| E|  |TAMS 0x00000006c8c00000, 0x00000006c8c00000| Complete 
|  69|0x00000006c8d00000, 0x00000006c8e00000, 0x00000006c8e00000|100%| E|CS|TAMS 0x00000006c8d00000, 0x00000006c8d00000| Complete 
|  70|0x00000006c8e00000, 0x00000006c8f00000, 0x00000006c8f00000|100%| E|CS|TAMS 0x00000006c8e00000, 0x00000006c8e00000| Complete 
|  71|0x00000006c8f00000, 0x00000006c9000000, 0x00000006c9000000|100%| E|CS|TAMS 0x00000006c8f00000, 0x00000006c8f00000| Complete 
|  72|0x00000006c9000000, 0x00000006c9100000, 0x00000006c9100000|100%| E|CS|TAMS 0x00000006c9000000, 0x00000006c9000000| Complete 
|  73|0x00000006c9100000, 0x00000006c9200000, 0x00000006c9200000|100%| E|CS|TAMS 0x00000006c9100000, 0x00000006c9100000| Complete 
|  74|0x00000006c9200000, 0x00000006c9300000, 0x00000006c9300000|100%| E|CS|TAMS 0x00000006c9200000, 0x00000006c9200000| Complete 
|  75|0x00000006c9300000, 0x00000006c9400000, 0x00000006c9400000|100%| E|CS|TAMS 0x00000006c9300000, 0x00000006c9300000| Complete 
|  76|0x00000006c9400000, 0x00000006c9500000, 0x00000006c9500000|100%| E|CS|TAMS 0x00000006c9400000, 0x00000006c9400000| Complete 
|  77|0x00000006c9500000, 0x00000006c9600000, 0x00000006c9600000|100%| E|CS|TAMS 0x00000006c9500000, 0x00000006c9500000| Complete 
|  78|0x00000006c9600000, 0x00000006c9700000, 0x00000006c9700000|100%| E|CS|TAMS 0x00000006c9600000, 0x00000006c9600000| Complete 
|  79|0x00000006c9700000, 0x00000006c9800000, 0x00000006c9800000|100%| E|CS|TAMS 0x00000006c9700000, 0x00000006c9700000| Complete 
|  80|0x00000006c9800000, 0x00000006c9900000, 0x00000006c9900000|100%| E|CS|TAMS 0x00000006c9800000, 0x00000006c9800000| Complete 
|  81|0x00000006c9900000, 0x00000006c9a00000, 0x00000006c9a00000|100%| E|CS|TAMS 0x00000006c9900000, 0x00000006c9900000| Complete 
|  82|0x00000006c9a00000, 0x00000006c9b00000, 0x00000006c9b00000|100%| E|CS|TAMS 0x00000006c9a00000, 0x00000006c9a00000| Complete 
|  83|0x00000006c9b00000, 0x00000006c9c00000, 0x00000006c9c00000|100%| E|CS|TAMS 0x00000006c9b00000, 0x00000006c9b00000| Complete 
|  84|0x00000006c9c00000, 0x00000006c9d00000, 0x00000006c9d00000|100%| E|CS|TAMS 0x00000006c9c00000, 0x00000006c9c00000| Complete 
|  85|0x00000006c9d00000, 0x00000006c9e00000, 0x00000006c9e00000|100%| E|CS|TAMS 0x00000006c9d00000, 0x00000006c9d00000| Complete 
|  86|0x00000006c9e00000, 0x00000006c9f00000, 0x00000006c9f00000|100%| E|CS|TAMS 0x00000006c9e00000, 0x00000006c9e00000| Complete 
|  87|0x00000006c9f00000, 0x00000006ca000000, 0x00000006ca000000|100%| E|CS|TAMS 0x00000006c9f00000, 0x00000006c9f00000| Complete 
|  88|0x00000006ca000000, 0x00000006ca100000, 0x00000006ca100000|100%| E|CS|TAMS 0x00000006ca000000, 0x00000006ca000000| Complete 
|  89|0x00000006ca100000, 0x00000006ca200000, 0x00000006ca200000|100%| E|CS|TAMS 0x00000006ca100000, 0x00000006ca100000| Complete 
|  90|0x00000006ca200000, 0x00000006ca300000, 0x00000006ca300000|100%| E|CS|TAMS 0x00000006ca200000, 0x00000006ca200000| Complete 
|  91|0x00000006ca300000, 0x00000006ca400000, 0x00000006ca400000|100%| E|CS|TAMS 0x00000006ca300000, 0x00000006ca300000| Complete 
|  92|0x00000006ca400000, 0x00000006ca500000, 0x00000006ca500000|100%| E|CS|TAMS 0x00000006ca400000, 0x00000006ca400000| Complete 
|  93|0x00000006ca500000, 0x00000006ca600000, 0x00000006ca600000|100%| E|CS|TAMS 0x00000006ca500000, 0x00000006ca500000| Complete 
|  94|0x00000006ca600000, 0x00000006ca700000, 0x00000006ca700000|100%| E|CS|TAMS 0x00000006ca600000, 0x00000006ca600000| Complete 
|  95|0x00000006ca700000, 0x00000006ca800000, 0x00000006ca800000|100%| E|CS|TAMS 0x00000006ca700000, 0x00000006ca700000| Complete 
|  96|0x00000006ca800000, 0x00000006ca900000, 0x00000006ca900000|100%| E|CS|TAMS 0x00000006ca800000, 0x00000006ca800000| Complete 
|  97|0x00000006ca900000, 0x00000006caa00000, 0x00000006caa00000|100%| E|CS|TAMS 0x00000006ca900000, 0x00000006ca900000| Complete 
|  98|0x00000006caa00000, 0x00000006cab00000, 0x00000006cab00000|100%| E|CS|TAMS 0x00000006caa00000, 0x00000006caa00000| Complete 
|  99|0x00000006cab00000, 0x00000006cac00000, 0x00000006cac00000|100%| E|CS|TAMS 0x00000006cab00000, 0x00000006cab00000| Complete 
| 100|0x00000006cac00000, 0x00000006cad00000, 0x00000006cad00000|100%| E|CS|TAMS 0x00000006cac00000, 0x00000006cac00000| Complete 
| 101|0x00000006cad00000, 0x00000006cae00000, 0x00000006cae00000|100%| E|CS|TAMS 0x00000006cad00000, 0x00000006cad00000| Complete 
| 102|0x00000006cae00000, 0x00000006caf00000, 0x00000006caf00000|100%| E|CS|TAMS 0x00000006cae00000, 0x00000006cae00000| Complete 
| 103|0x00000006caf00000, 0x00000006cb000000, 0x00000006cb000000|100%| E|CS|TAMS 0x00000006caf00000, 0x00000006caf00000| Complete 
| 104|0x00000006cb000000, 0x00000006cb100000, 0x00000006cb100000|100%| E|CS|TAMS 0x00000006cb000000, 0x00000006cb000000| Complete 
| 105|0x00000006cb100000, 0x00000006cb200000, 0x00000006cb200000|100%| E|CS|TAMS 0x00000006cb100000, 0x00000006cb100000| Complete 
| 106|0x00000006cb200000, 0x00000006cb300000, 0x00000006cb300000|100%| E|CS|TAMS 0x00000006cb200000, 0x00000006cb200000| Complete 
| 107|0x00000006cb300000, 0x00000006cb400000, 0x00000006cb400000|100%| E|CS|TAMS 0x00000006cb300000, 0x00000006cb300000| Complete 
| 108|0x00000006cb400000, 0x00000006cb500000, 0x00000006cb500000|100%| E|CS|TAMS 0x00000006cb400000, 0x00000006cb400000| Complete 
| 109|0x00000006cb500000, 0x00000006cb600000, 0x00000006cb600000|100%| E|CS|TAMS 0x00000006cb500000, 0x00000006cb500000| Complete 
| 110|0x00000006cb600000, 0x00000006cb700000, 0x00000006cb700000|100%| E|CS|TAMS 0x00000006cb600000, 0x00000006cb600000| Complete 
| 111|0x00000006cb700000, 0x00000006cb800000, 0x00000006cb800000|100%| E|CS|TAMS 0x00000006cb700000, 0x00000006cb700000| Complete 
| 112|0x00000006cb800000, 0x00000006cb900000, 0x00000006cb900000|100%| E|CS|TAMS 0x00000006cb800000, 0x00000006cb800000| Complete 
| 113|0x00000006cb900000, 0x00000006cba00000, 0x00000006cba00000|100%| E|CS|TAMS 0x00000006cb900000, 0x00000006cb900000| Complete 
| 114|0x00000006cba00000, 0x00000006cbb00000, 0x00000006cbb00000|100%| E|CS|TAMS 0x00000006cba00000, 0x00000006cba00000| Complete 
| 115|0x00000006cbb00000, 0x00000006cbc00000, 0x00000006cbc00000|100%| E|CS|TAMS 0x00000006cbb00000, 0x00000006cbb00000| Complete 
| 116|0x00000006cbc00000, 0x00000006cbd00000, 0x00000006cbd00000|100%| E|CS|TAMS 0x00000006cbc00000, 0x00000006cbc00000| Complete 
| 117|0x00000006cbd00000, 0x00000006cbe00000, 0x00000006cbe00000|100%| E|CS|TAMS 0x00000006cbd00000, 0x00000006cbd00000| Complete 
| 118|0x00000006cbe00000, 0x00000006cbf00000, 0x00000006cbf00000|100%| E|CS|TAMS 0x00000006cbe00000, 0x00000006cbe00000| Complete 
| 119|0x00000006cbf00000, 0x00000006cc000000, 0x00000006cc000000|100%| E|CS|TAMS 0x00000006cbf00000, 0x00000006cbf00000| Complete 
| 120|0x00000006cc000000, 0x00000006cc100000, 0x00000006cc100000|100%| E|CS|TAMS 0x00000006cc000000, 0x00000006cc000000| Complete 
| 121|0x00000006cc100000, 0x00000006cc200000, 0x00000006cc200000|100%| E|CS|TAMS 0x00000006cc100000, 0x00000006cc100000| Complete 
| 122|0x00000006cc200000, 0x00000006cc300000, 0x00000006cc300000|100%| E|CS|TAMS 0x00000006cc200000, 0x00000006cc200000| Complete 
| 123|0x00000006cc300000, 0x00000006cc400000, 0x00000006cc400000|100%| E|CS|TAMS 0x00000006cc300000, 0x00000006cc300000| Complete 
|5046|0x00000007ffe00000, 0x00000007ffe47000, 0x00000007fff00000| 27%|OA|  |TAMS 0x00000007ffe00000, 0x00000007ffe00000| Untracked 
|5047|0x00000007fff00000, 0x00000007fff6b000, 0x0000000800000000| 41%|CA|  |TAMS 0x00000007fff00000, 0x00000007fff00000| Untracked 

Card table byte_map: [0x00007f926ac48000,0x00007f926b624000] _byte_map_base: 0x00007f9267624000

Marking Bits (Prev, Next): (CMBitMap*) 0x00007f928808ed28, (CMBitMap*) 0x00007f928808ed60
 Prev Bits: [0x00007f926538c000, 0x00007f926a26c000)
 Next Bits: [0x00007f92604ac000, 0x00007f926538c000)

Polling page: 0x00007f928c6d4000

Metaspace:

Usage:
  Non-class:      4,56 MB capacity,     2,47 MB ( 54%) used,     2,08 MB ( 46%) free+waste,     7,50 KB ( <1%) overhead. 
      Class:    517,00 KB capacity,   290,71 KB ( 56%) used,   222,10 KB ( 43%) free+waste,     4,19 KB ( <1%) overhead. 
       Both:      5,06 MB capacity,     2,76 MB ( 54%) used,     2,29 MB ( 45%) free+waste,    11,69 KB ( <1%) overhead. 

Virtual space:
  Non-class space:        8,00 MB reserved,       4,75 MB ( 59%) committed 
      Class space:        1,00 GB reserved,     640,00 KB ( <1%) committed 
             Both:        1,01 GB reserved,       5,38 MB ( <1%) committed 

Chunk freelists:
   Non-Class:  7,00 KB
       Class:  0 bytes
        Both:  7,00 KB

MaxMetaspaceSize: unlimited
CompressedClassSpaceSize: 1,00 GB

CodeHeap 'non-profiled nmethods': size=120032Kb used=506Kb max_used=506Kb free=119525Kb
 bounds [0x00007f9278361000, 0x00007f92785d1000, 0x00007f927f899000]
CodeHeap 'profiled nmethods': size=120032Kb used=1691Kb max_used=1691Kb free=118340Kb
 bounds [0x00007f9270e29000, 0x00007f9271099000, 0x00007f9278361000]
CodeHeap 'non-nmethods': size=5696Kb used=1072Kb max_used=1097Kb free=4623Kb
 bounds [0x00007f9270899000, 0x00007f9270b09000, 0x00007f9270e29000]
 total_blobs=1272 nmethods=888 adapters=297
 compilation: enabled
              stopped_count=0, restarted_count=0
 full_count=0

Compilation events (20 events):
Event: 16,951 Thread 0x00007f92881e0000  881       4       java.nio.Buffer::position (55 bytes)
Event: 16,952 Thread 0x00007f92881e0000 nmethod 881 0x00007f92783d2c10 code [0x00007f92783d2da0, 0x00007f92783d2e78]
Event: 18,380 Thread 0x00007f92881e2800  882       1       sun.nio.fs.UnixPath::getFileSystem (5 bytes)
Event: 18,380 Thread 0x00007f92881e2800 nmethod 882 0x00007f92783d2f90 code [0x00007f92783d3140, 0x00007f92783d3210]
Event: 18,380 Thread 0x00007f92881e2800  883       3       java.nio.ByteBuffer::<init> (45 bytes)
Event: 18,381 Thread 0x00007f92881e2800 nmethod 883 0x00007f9270fc7390 code [0x00007f9270fc7560, 0x00007f9270fc77a0]
Event: 19,339 Thread 0x00007f92881e0000  884 %     4       com.rxnlp.tools.rouge.ROUGECalculator::computeRouge @ 462 (553 bytes)
Event: 19,437 Thread 0x00007f92881e0000 nmethod 884% 0x00007f92783d3290 code [0x00007f92783d3640, 0x00007f92783d5290]
Event: 20,004 Thread 0x00007f92881e0000  885       4       com.rxnlp.tools.rouge.ROUGECalculator::computeRouge (553 bytes)
Event: 20,089 Thread 0x00007f92881e0000 nmethod 885 0x00007f92783d6910 code [0x00007f92783d6d20, 0x00007f92783d8658]
Event: 20,243 Thread 0x00007f92881e2800  886 %     3       com.rxnlp.tools.rouge.ROUGECalculator::getNGramTokens @ 64 (236 bytes)
Event: 20,246 Thread 0x00007f92881e2800 nmethod 886% 0x00007f9270fc7890 code [0x00007f9270fc7e60, 0x00007f9270fcace0]
Event: 20,249 Thread 0x00007f92881e2800  887       3       com.rxnlp.tools.rouge.ROUGECalculator::getNGramTokens (236 bytes)
Event: 20,252 Thread 0x00007f92881e2800 nmethod 887 0x00007f9270fcbc90 code [0x00007f9270fcc260, 0x00007f9270fcef40]
Event: 23,805 Thread 0x00007f92881e0000  888 %     4       com.rxnlp.tools.rouge.ROUGECalculator::getNGramTokens @ 64 (236 bytes)
Event: 23,858 Thread 0x00007f92881e0000 nmethod 888% 0x00007f92783da390 code [0x00007f92783da620, 0x00007f92783dbdc0]
Event: 24,769 Thread 0x00007f92881e2800  889  s    1       java.lang.StringBuffer::length (5 bytes)
Event: 24,769 Thread 0x00007f92881e2800 nmethod 889 0x00007f92783dc890 code [0x00007f92783dca40, 0x00007f92783dccb0]
Event: 28,294 Thread 0x00007f92881e0000  890       4       com.rxnlp.tools.rouge.ROUGECalculator::getNGramTokens (236 bytes)
Event: 28,359 Thread 0x00007f92881e0000 nmethod 890 0x00007f92783dcd90 code [0x00007f92783dd020, 0x00007f92783dea00]

GC Heap History (14 events):
Event: 0,672 GC heap before
{Heap before GC invocations=0 (full 0):
 garbage-first heap   total 129024K, used 15048K [0x00000006c4800000, 0x0000000800000000)
  region size 1024K, 14 young (14336K), 0 survivors (0K)
 Metaspace       used 2682K, capacity 5118K, committed 5248K, reserved 1056768K
  class space    used 289K, capacity 517K, committed 640K, reserved 1048576K
}
Event: 0,691 GC heap after
{Heap after GC invocations=1 (full 0):
 garbage-first heap   total 129024K, used 3226K [0x00000006c4800000, 0x0000000800000000)
  region size 1024K, 2 young (2048K), 2 survivors (2048K)
 Metaspace       used 2682K, capacity 5118K, committed 5248K, reserved 1056768K
  class space    used 289K, capacity 517K, committed 640K, reserved 1048576K
}
Event: 6,154 GC heap before
{Heap before GC invocations=1 (full 0):
 garbage-first heap   total 129024K, used 76954K [0x00000006c4800000, 0x0000000800000000)
  region size 1024K, 74 young (75776K), 2 survivors (2048K)
 Metaspace       used 2719K, capacity 5118K, committed 5248K, reserved 1056768K
  class space    used 289K, capacity 517K, committed 640K, reserved 1048576K
}
Event: 6,163 GC heap after
{Heap after GC invocations=2 (full 0):
 garbage-first heap   total 129024K, used 4675K [0x00000006c4800000, 0x0000000800000000)
  region size 1024K, 4 young (4096K), 4 survivors (4096K)
 Metaspace       used 2719K, capacity 5118K, committed 5248K, reserved 1056768K
  class space    used 289K, capacity 517K, committed 640K, reserved 1048576K
}
Event: 10,078 GC heap before
{Heap before GC invocations=2 (full 0):
 garbage-first heap   total 129024K, used 76355K [0x00000006c4800000, 0x0000000800000000)
  region size 1024K, 74 young (75776K), 4 survivors (4096K)
 Metaspace       used 2740K, capacity 5118K, committed 5248K, reserved 1056768K
  class space    used 289K, capacity 517K, committed 640K, reserved 1048576K
}
Event: 10,102 GC heap after
{Heap after GC invocations=3 (full 0):
 garbage-first heap   total 129024K, used 6298K [0x00000006c4800000, 0x0000000800000000)
  region size 1024K, 5 young (5120K), 5 survivors (5120K)
 Metaspace       used 2740K, capacity 5118K, committed 5248K, reserved 1056768K
  class space    used 289K, capacity 517K, committed 640K, reserved 1048576K
}
Event: 16,067 GC heap before
{Heap before GC invocations=3 (full 0):
 garbage-first heap   total 129024K, used 76954K [0x00000006c4800000, 0x0000000800000000)
  region size 1024K, 74 young (75776K), 5 survivors (5120K)
 Metaspace       used 2805K, capacity 5182K, committed 5504K, reserved 1056768K
  class space    used 290K, capacity 517K, committed 640K, reserved 1048576K
}
Event: 16,074 GC heap after
{Heap after GC invocations=4 (full 0):
 garbage-first heap   total 129024K, used 3486K [0x00000006c4800000, 0x0000000800000000)
  region size 1024K, 3 young (3072K), 3 survivors (3072K)
 Metaspace       used 2805K, capacity 5182K, committed 5504K, reserved 1056768K
  class space    used 290K, capacity 517K, committed 640K, reserved 1048576K
}
Event: 19,657 GC heap before
{Heap before GC invocations=4 (full 0):
 garbage-first heap   total 129024K, used 76190K [0x00000006c4800000, 0x0000000800000000)
  region size 1024K, 74 young (75776K), 3 survivors (3072K)
 Metaspace       used 2812K, capacity 5182K, committed 5504K, reserved 1056768K
  class space    used 290K, capacity 517K, committed 640K, reserved 1048576K
}
Event: 19,664 GC heap after
{Heap after GC invocations=5 (full 0):
 garbage-first heap   total 129024K, used 3105K [0x00000006c4800000, 0x0000000800000000)
  region size 1024K, 2 young (2048K), 2 survivors (2048K)
 Metaspace       used 2812K, capacity 5182K, committed 5504K, reserved 1056768K
  class space    used 290K, capacity 517K, committed 640K, reserved 1048576K
}
Event: 22,561 GC heap before
{Heap before GC invocations=5 (full 0):
 garbage-first heap   total 129024K, used 76833K [0x00000006c4800000, 0x0000000800000000)
  region size 1024K, 74 young (75776K), 2 survivors (2048K)
 Metaspace       used 2821K, capacity 5182K, committed 5504K, reserved 1056768K
  class space    used 290K, capacity 517K, committed 640K, reserved 1048576K
}
Event: 22,570 GC heap after
{Heap after GC invocations=6 (full 0):
 garbage-first heap   total 129024K, used 5093K [0x00000006c4800000, 0x0000000800000000)
  region size 1024K, 4 young (4096K), 4 survivors (4096K)
 Metaspace       used 2821K, capacity 5182K, committed 5504K, reserved 1056768K
  class space    used 290K, capacity 517K, committed 640K, reserved 1048576K
}
Event: 28,309 GC heap before
{Heap before GC invocations=6 (full 0):
 garbage-first heap   total 129024K, used 76773K [0x00000006c4800000, 0x0000000800000000)
  region size 1024K, 74 young (75776K), 4 survivors (4096K)
 Metaspace       used 2821K, capacity 5182K, committed 5504K, reserved 1056768K
  class space    used 290K, capacity 517K, committed 640K, reserved 1048576K
}
Event: 28,331 GC heap after
{Heap after GC invocations=7 (full 0):
 garbage-first heap   total 129024K, used 9370K [0x00000006c4800000, 0x0000000800000000)
  region size 1024K, 8 young (8192K), 8 survivors (8192K)
 Metaspace       used 2821K, capacity 5182K, committed 5504K, reserved 1056768K
  class space    used 290K, capacity 517K, committed 640K, reserved 1048576K
}

Deoptimization events (20 events):
Event: 8,221 Thread 0x00007f9288016000 DEOPT PACKING pc=0x00007f9270fa6c23 sp=0x00007f928c80e480
Event: 8,222 Thread 0x00007f9288016000 DEOPT UNPACKING pc=0x00007f92708bf63a sp=0x00007f928c80da70 mode 0
Event: 8,223 Thread 0x00007f9288016000 DEOPT PACKING pc=0x00007f9270fa6c23 sp=0x00007f928c80e480
Event: 8,223 Thread 0x00007f9288016000 DEOPT UNPACKING pc=0x00007f92708bf63a sp=0x00007f928c80da70 mode 0
Event: 8,226 Thread 0x00007f9288016000 DEOPT PACKING pc=0x00007f9270fa6c23 sp=0x00007f928c80e480
Event: 8,226 Thread 0x00007f9288016000 DEOPT UNPACKING pc=0x00007f92708bf63a sp=0x00007f928c80da70 mode 0
Event: 8,228 Thread 0x00007f9288016000 DEOPT PACKING pc=0x00007f9270fa6c23 sp=0x00007f928c80e480
Event: 8,228 Thread 0x00007f9288016000 DEOPT UNPACKING pc=0x00007f92708bf63a sp=0x00007f928c80da70 mode 0
Event: 8,231 Thread 0x00007f9288016000 DEOPT PACKING pc=0x00007f9270fa6c23 sp=0x00007f928c80e480
Event: 8,231 Thread 0x00007f9288016000 DEOPT UNPACKING pc=0x00007f92708bf63a sp=0x00007f928c80da70 mode 0
Event: 8,234 Thread 0x00007f9288016000 DEOPT PACKING pc=0x00007f9270fa6c23 sp=0x00007f928c80e480
Event: 8,234 Thread 0x00007f9288016000 DEOPT UNPACKING pc=0x00007f92708bf63a sp=0x00007f928c80da70 mode 0
Event: 8,237 Thread 0x00007f9288016000 DEOPT PACKING pc=0x00007f9270fa6c23 sp=0x00007f928c80e480
Event: 8,237 Thread 0x00007f9288016000 DEOPT UNPACKING pc=0x00007f92708bf63a sp=0x00007f928c80da70 mode 0
Event: 8,239 Thread 0x00007f9288016000 DEOPT PACKING pc=0x00007f9270fa6c23 sp=0x00007f928c80e480
Event: 8,239 Thread 0x00007f9288016000 DEOPT UNPACKING pc=0x00007f92708bf63a sp=0x00007f928c80da70 mode 0
Event: 20,004 Thread 0x00007f9288016000 DEOPT PACKING pc=0x00007f9270fb268a sp=0x00007f928c80e640
Event: 20,004 Thread 0x00007f9288016000 DEOPT UNPACKING pc=0x00007f92708bf63a sp=0x00007f928c80dbd8 mode 0
Event: 28,294 Thread 0x00007f9288016000 DEOPT PACKING pc=0x00007f9270fce6fd sp=0x00007f928c80e610
Event: 28,294 Thread 0x00007f9288016000 DEOPT UNPACKING pc=0x00007f92708bf63a sp=0x00007f928c80db78 mode 0

Classes redefined (0 events):
No events

Internal exceptions (16 events):
Event: 0,216 Thread 0x00007f9288016000 Exception <a 'java/lang/NoSuchMethodError'{0x00000006cc0103f8}: 'java.lang.Object java.lang.invoke.DirectMethodHandle$Holder.invokeStatic(java.lang.Object, java.lang.Object, java.lang.Object, java.lang.Object, java.lang.Object, java.lang.Object, java.lang.Object, java.lang.Object, java.lang.Object, java.lang.Object, java.lang.Object, int)'> (0x00000006cc0103f8) thrown at [src/hotspot/share/interpreter/linkResolver.cpp, line 772]
Event: 0,223 Thread 0x00007f9288016000 Exception <a 'java/lang/NoSuchMethodError'{0x00000006cc02f870}: 'java.lang.Object java.lang.invoke.DirectMethodHandle$Holder.invokeStatic(java.lang.Object, java.lang.Object, java.lang.Object, java.lang.Object, java.lang.Object, java.lang.Object, java.lang.Object, java.lang.Object, java.lang.Object, java.lang.Object, java.lang.Object, int, int)'> (0x00000006cc02f870) thrown at [src/hotspot/share/interpreter/linkResolver.cpp, line 772]
Event: 0,231 Thread 0x00007f9288016000 Exception <a 'java/lang/NoSuchMethodError'{0x00000006cc04ee40}: 'java.lang.Object java.lang.invoke.DirectMethodHandle$Holder.invokeStatic(java.lang.Object, java.lang.Object, java.lang.Object, java.lang.Object, java.lang.Object, java.lang.Object, java.lang.Object, java.lang.Object, java.lang.Object, java.lang.Object, java.lang.Object, int, int, java.lang.Object)'> (0x00000006cc04ee40) thrown at [src/hotspot/share/interpreter/linkResolver.cpp, line 772]
Event: 0,236 Thread 0x00007f9288016000 Exception <a 'java/lang/NoSuchMethodError'{0x00000006cc06f630}: 'java.lang.Object java.lang.invoke.DirectMethodHandle$Holder.invokeStatic(java.lang.Object, java.lang.Object, java.lang.Object, java.lang.Object, java.lang.Object, java.lang.Object, java.lang.Object, java.lang.Object, java.lang.Object, java.lang.Object, java.lang.Object, int, int, java.lang.Object, java.lang.Object)'> (0x00000006cc06f630) thrown at [src/hotspot/share/interpreter/linkResolver.cpp, line 772]
Event: 0,239 Thread 0x00007f9288016000 Exception <a 'java/lang/ClassNotFoundException'{0x00000006cc07d210}: org/apache/log4j/PatternLayoutBeanInfo> (0x00000006cc07d210) thrown at [src/hotspot/share/classfile/systemDictionary.cpp, line 231]
Event: 0,239 Thread 0x00007f9288016000 Exception <a 'java/lang/ClassNotFoundException'{0x00000006cc07ec60}: org/apache/log4j/LayoutBeanInfo> (0x00000006cc07ec60) thrown at [src/hotspot/share/classfile/systemDictionary.cpp, line 231]
Event: 0,239 Thread 0x00007f9288016000 Exception <a 'java/lang/ClassNotFoundException'{0x00000006cc07f450}: java/lang/ObjectBeanInfo> (0x00000006cc07f450) thrown at [src/hotspot/share/classfile/systemDictionary.cpp, line 231]
Event: 0,254 Thread 0x00007f9288016000 Exception <a 'java/lang/ClassNotFoundException'{0x00000006cc0b90a8}: java/lang/ObjectCustomizer> (0x00000006cc0b90a8) thrown at [src/hotspot/share/classfile/systemDictionary.cpp, line 231]
Event: 0,265 Thread 0x00007f9288016000 Exception <a 'java/lang/ClassNotFoundException'{0x00000006cc0cbca8}: org/apache/log4j/LayoutCustomizer> (0x00000006cc0cbca8) thrown at [src/hotspot/share/classfile/systemDictionary.cpp, line 231]
Event: 0,269 Thread 0x00007f9288016000 Exception <a 'java/lang/ClassNotFoundException'{0x00000006cc0db2c0}: org/apache/log4j/PatternLayoutCustomizer> (0x00000006cc0db2c0) thrown at [src/hotspot/share/classfile/systemDictionary.cpp, line 231]
Event: 0,331 Thread 0x00007f9288016000 Exception <a 'java/lang/ClassNotFoundException'{0x00000006cbfd3360}: org/apache/log4j/ConsoleAppenderBeanInfo> (0x00000006cbfd3360) thrown at [src/hotspot/share/classfile/systemDictionary.cpp, line 231]
Event: 0,331 Thread 0x00007f9288016000 Exception <a 'java/lang/ClassNotFoundException'{0x00000006cbfd4e30}: org/apache/log4j/WriterAppenderBeanInfo> (0x00000006cbfd4e30) thrown at [src/hotspot/share/classfile/systemDictionary.cpp, line 231]
Event: 0,331 Thread 0x00007f9288016000 Exception <a 'java/lang/ClassNotFoundException'{0x00000006cbfd6af0}: org/apache/log4j/AppenderSkeletonBeanInfo> (0x00000006cbfd6af0) thrown at [src/hotspot/share/classfile/systemDictionary.cpp, line 231]
Event: 0,332 Thread 0x00007f9288016000 Exception <a 'java/lang/ClassNotFoundException'{0x00000006cbfd8a48}: org/apache/log4j/AppenderSkeletonCustomizer> (0x00000006cbfd8a48) thrown at [src/hotspot/share/classfile/systemDictionary.cpp, line 231]
Event: 0,335 Thread 0x00007f9288016000 Exception <a 'java/lang/ClassNotFoundException'{0x00000006cbfe7ea0}: org/apache/log4j/WriterAppenderCustomizer> (0x00000006cbfe7ea0) thrown at [src/hotspot/share/classfile/systemDictionary.cpp, line 231]
Event: 0,337 Thread 0x00007f9288016000 Exception <a 'java/lang/ClassNotFoundException'{0x00000006cbff3e30}: org/apache/log4j/ConsoleAppenderCustomizer> (0x00000006cbff3e30) thrown at [src/hotspot/share/classfile/systemDictionary.cpp, line 231]

Events (20 events):
Event: 3,760 Executing VM operation: RevokeBias
Event: 3,760 Executing VM operation: RevokeBias done
Event: 3,760 Thread 0x00007f9230219000 Thread exited: 0x00007f9230219000
Event: 6,154 Executing VM operation: G1CollectForAllocation
Event: 6,163 Executing VM operation: G1CollectForAllocation done
Event: 10,078 Executing VM operation: G1CollectForAllocation
Event: 10,102 Executing VM operation: G1CollectForAllocation done
Event: 11,685 Loaded shared library /usr/lib/jvm/java-11-openjdk-amd64/lib/libnio.so
Event: 14,872 loading class jdk/internal/math/FDBigInteger
Event: 14,872 loading class jdk/internal/math/FDBigInteger done
Event: 14,874 loading class java/text/DigitList$1
Event: 14,874 loading class java/text/DigitList$1 done
Event: 16,067 Executing VM operation: G1CollectForAllocation
Event: 16,074 Executing VM operation: G1CollectForAllocation done
Event: 19,656 Executing VM operation: G1CollectForAllocation
Event: 19,664 Executing VM operation: G1CollectForAllocation done
Event: 22,561 Executing VM operation: G1CollectForAllocation
Event: 22,570 Executing VM operation: G1CollectForAllocation done
Event: 28,309 Executing VM operation: G1CollectForAllocation
Event: 28,331 Executing VM operation: G1CollectForAllocation done


Dynamic libraries:
6c4800000-6cc400000 rw-p 00000000 00:00 0 
6cc400000-7ffe00000 ---p 00000000 00:00 0 
7ffe00000-7ffe47000 rw-p 01111000 08:02 6698455                          /usr/lib/jvm/java-11-openjdk-amd64/lib/server/classes.jsa
7ffe47000-7fff00000 rw-p 00000000 00:00 0 
7fff00000-7fff6b000 rw-p 010a6000 08:02 6698455                          /usr/lib/jvm/java-11-openjdk-amd64/lib/server/classes.jsa
7fff6b000-800000000 rw-p 00000000 00:00 0 
800000000-800002000 rwxp 00001000 08:02 6698455                          /usr/lib/jvm/java-11-openjdk-amd64/lib/server/classes.jsa
800002000-8003b9000 rw-p 00003000 08:02 6698455                          /usr/lib/jvm/java-11-openjdk-amd64/lib/server/classes.jsa
8003b9000-800a96000 r--p 003ba000 08:02 6698455                          /usr/lib/jvm/java-11-openjdk-amd64/lib/server/classes.jsa
800a96000-800a97000 rw-p 00a97000 08:02 6698455                          /usr/lib/jvm/java-11-openjdk-amd64/lib/server/classes.jsa
800a97000-8010a5000 r--p 00a98000 08:02 6698455                          /usr/lib/jvm/java-11-openjdk-amd64/lib/server/classes.jsa
840000000-8400a0000 rw-p 00000000 00:00 0 
8400a0000-880000000 ---p 00000000 00:00 0 
5568d4940000-5568d4941000 r--p 00000000 08:02 6689291                    /usr/lib/jvm/java-11-openjdk-amd64/bin/java
5568d4941000-5568d4942000 r-xp 00001000 08:02 6689291                    /usr/lib/jvm/java-11-openjdk-amd64/bin/java
5568d4942000-5568d4943000 r--p 00002000 08:02 6689291                    /usr/lib/jvm/java-11-openjdk-amd64/bin/java
5568d4943000-5568d4944000 r--p 00002000 08:02 6689291                    /usr/lib/jvm/java-11-openjdk-amd64/bin/java
5568d4944000-5568d4945000 rw-p 00003000 08:02 6689291                    /usr/lib/jvm/java-11-openjdk-amd64/bin/java
5568d5a86000-5568d5ad5000 rw-p 00000000 00:00 0                          [heap]
7f9218000000-7f9218021000 rw-p 00000000 00:00 0 
7f9218021000-7f921c000000 ---p 00000000 00:00 0 
7f921c000000-7f921c021000 rw-p 00000000 00:00 0 
7f921c021000-7f9220000000 ---p 00000000 00:00 0 
7f9220000000-7f9220021000 rw-p 00000000 00:00 0 
7f9220021000-7f9224000000 ---p 00000000 00:00 0 
7f9224000000-7f9224527000 rw-p 00000000 00:00 0 
7f9224527000-7f9228000000 ---p 00000000 00:00 0 
7f9228000000-7f9228021000 rw-p 00000000 00:00 0 
7f9228021000-7f922c000000 ---p 00000000 00:00 0 
7f922c000000-7f922c021000 rw-p 00000000 00:00 0 
7f922c021000-7f9230000000 ---p 00000000 00:00 0 
7f9230000000-7f923037c000 rw-p 00000000 00:00 0 
7f923037c000-7f9234000000 ---p 00000000 00:00 0 
7f9234000000-7f9234021000 rw-p 00000000 00:00 0 
7f9234021000-7f9238000000 ---p 00000000 00:00 0 
7f9238000000-7f9238021000 rw-p 00000000 00:00 0 
7f9238021000-7f923c000000 ---p 00000000 00:00 0 
7f923c000000-7f923c5ef000 rw-p 00000000 00:00 0 
7f923c5ef000-7f9240000000 ---p 00000000 00:00 0 
7f9240000000-7f9240021000 rw-p 00000000 00:00 0 
7f9240021000-7f9244000000 ---p 00000000 00:00 0 
7f9244000000-7f9244021000 rw-p 00000000 00:00 0 
7f9244021000-7f9248000000 ---p 00000000 00:00 0 
7f9248000000-7f9248021000 rw-p 00000000 00:00 0 
7f9248021000-7f924c000000 ---p 00000000 00:00 0 
7f924c000000-7f924c021000 rw-p 00000000 00:00 0 
7f924c021000-7f9250000000 ---p 00000000 00:00 0 
7f9250000000-7f9250021000 rw-p 00000000 00:00 0 
7f9250021000-7f9254000000 ---p 00000000 00:00 0 
7f9254000000-7f9254021000 rw-p 00000000 00:00 0 
7f9254021000-7f9258000000 ---p 00000000 00:00 0 
7f9258881000-7f9258882000 ---p 00000000 00:00 0 
7f9258882000-7f9258983000 rw-p 00000000 00:00 0 
7f9258983000-7f9258984000 ---p 00000000 00:00 0 
7f9258984000-7f9258a85000 rw-p 00000000 00:00 0 
7f9258a85000-7f9258a89000 ---p 00000000 00:00 0 
7f9258a89000-7f9258b86000 rw-p 00000000 00:00 0 
7f9258b86000-7f9258b8a000 ---p 00000000 00:00 0 
7f9258b8a000-7f9258c87000 rw-p 00000000 00:00 0 
7f9258c87000-7f9258c88000 ---p 00000000 00:00 0 
7f9258c88000-7f9258d89000 rw-p 00000000 00:00 0 
7f9258d89000-7f9258d8d000 ---p 00000000 00:00 0 
7f9258d8d000-7f9258e8a000 rw-p 00000000 00:00 0 
7f9258e8a000-7f9258e8e000 ---p 00000000 00:00 0 
7f9258e8e000-7f9258f8b000 rw-p 00000000 00:00 0 
7f9258f8b000-7f9258f8f000 ---p 00000000 00:00 0 
7f9258f8f000-7f925908c000 rw-p 00000000 00:00 0 
7f925908c000-7f9259090000 ---p 00000000 00:00 0 
7f9259090000-7f925918d000 rw-p 00000000 00:00 0 
7f925918d000-7f9259191000 ---p 00000000 00:00 0 
7f9259191000-7f925928e000 rw-p 00000000 00:00 0 
7f925928e000-7f9259800000 r--p 00000000 08:02 6690651                    /usr/lib/locale/locale-archive
7f9259800000-7f9259cc0000 rw-p 00000000 00:00 0 
7f9259cc0000-7f925a000000 ---p 00000000 00:00 0 
7f925a000000-7f925c000000 rw-p 00000000 00:00 0 
7f925c000000-7f925c021000 rw-p 00000000 00:00 0 
7f925c021000-7f9260000000 ---p 00000000 00:00 0 
7f9260025000-7f9260029000 ---p 00000000 00:00 0 
7f9260029000-7f9260126000 rw-p 00000000 00:00 0 
7f9260126000-7f926012a000 ---p 00000000 00:00 0 
7f926012a000-7f9260227000 rw-p 00000000 00:00 0 
7f9260227000-7f9260228000 ---p 00000000 00:00 0 
7f9260228000-7f92603aa000 rw-p 00000000 00:00 0 
7f92603aa000-7f92603ab000 ---p 00000000 00:00 0 
7f92603ab000-7f926069c000 rw-p 00000000 00:00 0 
7f926069c000-7f9265384000 ---p 00000000 00:00 0 
7f9265384000-7f926557c000 rw-p 00000000 00:00 0 
7f926557c000-7f926a264000 ---p 00000000 00:00 0 
7f926a264000-7f926a2aa000 rw-p 00000000 00:00 0 
7f926a2aa000-7f926ac47000 ---p 00000000 00:00 0 
7f926ac47000-7f926ac86000 rw-p 00000000 00:00 0 
7f926ac86000-7f926b623000 ---p 00000000 00:00 0 
7f926b623000-7f926b662000 rw-p 00000000 00:00 0 
7f926b662000-7f926bfff000 ---p 00000000 00:00 0 
7f926bfff000-7f926c000000 rw-p 00000000 00:00 0 
7f926c000000-7f926c021000 rw-p 00000000 00:00 0 
7f926c021000-7f9270000000 ---p 00000000 00:00 0 
7f927001a000-7f927001e000 r--p 00000000 08:02 6730442                    /usr/lib/jvm/java-11-openjdk-amd64/lib/libnet.so
7f927001e000-7f927002d000 r-xp 00004000 08:02 6730442                    /usr/lib/jvm/java-11-openjdk-amd64/lib/libnet.so
7f927002d000-7f9270031000 r--p 00013000 08:02 6730442                    /usr/lib/jvm/java-11-openjdk-amd64/lib/libnet.so
7f9270031000-7f9270032000 r--p 00016000 08:02 6730442                    /usr/lib/jvm/java-11-openjdk-amd64/lib/libnet.so
7f9270032000-7f9270033000 rw-p 00017000 08:02 6730442                    /usr/lib/jvm/java-11-openjdk-amd64/lib/libnet.so
7f9270033000-7f927008e000 rw-p 00000000 00:00 0 
7f927008e000-7f927008f000 ---p 00000000 00:00 0 
7f927008f000-7f9270594000 rw-p 00000000 00:00 0 
7f9270594000-7f9270595000 ---p 00000000 00:00 0 
7f9270595000-7f9270696000 rw-p 00000000 00:00 0 
7f9270696000-7f9270697000 ---p 00000000 00:00 0 
7f9270697000-7f9270899000 rw-p 00000000 00:00 0 
7f9270899000-7f9270b09000 rwxp 00000000 00:00 0 
7f9270b09000-7f9270e29000 ---p 00000000 00:00 0 
7f9270e29000-7f9271099000 rwxp 00000000 00:00 0 
7f9271099000-7f9278361000 ---p 00000000 00:00 0 
7f9278361000-7f92785d1000 rwxp 00000000 00:00 0 
7f92785d1000-7f927f899000 ---p 00000000 00:00 0 
7f927f899000-7f9288000000 r--s 00000000 08:02 6730452                    /usr/lib/jvm/java-11-openjdk-amd64/lib/modules
7f9288000000-7f928830b000 rw-p 00000000 00:00 0 
7f928830b000-7f928c000000 ---p 00000000 00:00 0 
7f928c002000-7f928c009000 r--p 00000000 08:02 6730443                    /usr/lib/jvm/java-11-openjdk-amd64/lib/libnio.so
7f928c009000-7f928c011000 r-xp 00007000 08:02 6730443                    /usr/lib/jvm/java-11-openjdk-amd64/lib/libnio.so
7f928c011000-7f928c014000 r--p 0000f000 08:02 6730443                    /usr/lib/jvm/java-11-openjdk-amd64/lib/libnio.so
7f928c014000-7f928c015000 r--p 00011000 08:02 6730443                    /usr/lib/jvm/java-11-openjdk-amd64/lib/libnio.so
7f928c015000-7f928c016000 rw-p 00012000 08:02 6730443                    /usr/lib/jvm/java-11-openjdk-amd64/lib/libnio.so
7f928c016000-7f928c3c1000 rw-p 00000000 00:00 0 
7f928c3c1000-7f928c3c2000 ---p 00000000 00:00 0 
7f928c3c2000-7f928c4c8000 rw-p 00000000 00:00 0 
7f928c4c8000-7f928c5ae000 ---p 00000000 00:00 0 
7f928c5ae000-7f928c5b3000 rw-p 00000000 00:00 0 
7f928c5b3000-7f928c699000 ---p 00000000 00:00 0 
7f928c699000-7f928c69e000 rw-p 00000000 00:00 0 
7f928c69e000-7f928c6a5000 ---p 00000000 00:00 0 
7f928c6a5000-7f928c6a8000 r--p 00000000 08:02 6713980                    /usr/lib/x86_64-linux-gnu/libnss_files-2.31.so
7f928c6a8000-7f928c6af000 r-xp 00003000 08:02 6713980                    /usr/lib/x86_64-linux-gnu/libnss_files-2.31.so
7f928c6af000-7f928c6b1000 r--p 0000a000 08:02 6713980                    /usr/lib/x86_64-linux-gnu/libnss_files-2.31.so
7f928c6b1000-7f928c6b2000 r--p 0000b000 08:02 6713980                    /usr/lib/x86_64-linux-gnu/libnss_files-2.31.so
7f928c6b2000-7f928c6b3000 rw-p 0000c000 08:02 6713980                    /usr/lib/x86_64-linux-gnu/libnss_files-2.31.so
7f928c6b3000-7f928c6b9000 rw-p 00000000 00:00 0 
7f928c6c0000-7f928c6c2000 r--s 0000c000 08:02 7353935                    /usr/share/java/java-atk-wrapper.jar
7f928c6c2000-7f928c6c4000 r--p 00000000 08:02 6730451                    /usr/lib/jvm/java-11-openjdk-amd64/lib/libzip.so
7f928c6c4000-7f928c6c8000 r-xp 00002000 08:02 6730451                    /usr/lib/jvm/java-11-openjdk-amd64/lib/libzip.so
7f928c6c8000-7f928c6ca000 r--p 00006000 08:02 6730451                    /usr/lib/jvm/java-11-openjdk-amd64/lib/libzip.so
7f928c6ca000-7f928c6cb000 r--p 00007000 08:02 6730451                    /usr/lib/jvm/java-11-openjdk-amd64/lib/libzip.so
7f928c6cb000-7f928c6cc000 rw-p 00008000 08:02 6730451                    /usr/lib/jvm/java-11-openjdk-amd64/lib/libzip.so
7f928c6cc000-7f928c6d4000 rw-s 00000000 00:31 115                        /tmp/hsperfdata_talles/13309
7f928c6d4000-7f928c6d5000 ---p 00000000 00:00 0 
7f928c6d5000-7f928c6d6000 r--p 00000000 00:00 0 
7f928c6d6000-7f928c6e4000 r--p 00000000 08:02 6730430                    /usr/lib/jvm/java-11-openjdk-amd64/lib/libjava.so
7f928c6e4000-7f928c6fa000 r-xp 0000e000 08:02 6730430                    /usr/lib/jvm/java-11-openjdk-amd64/lib/libjava.so
7f928c6fa000-7f928c701000 r--p 00024000 08:02 6730430                    /usr/lib/jvm/java-11-openjdk-amd64/lib/libjava.so
7f928c701000-7f928c702000 r--p 0002a000 08:02 6730430                    /usr/lib/jvm/java-11-openjdk-amd64/lib/libjava.so
7f928c702000-7f928c703000 rw-p 0002b000 08:02 6730430                    /usr/lib/jvm/java-11-openjdk-amd64/lib/libjava.so
7f928c703000-7f928c704000 rw-p 00000000 00:00 0 
7f928c704000-7f928c707000 r--p 00000000 08:02 6713987                    /usr/lib/x86_64-linux-gnu/librt-2.31.so
7f928c707000-7f928c70b000 r-xp 00003000 08:02 6713987                    /usr/lib/x86_64-linux-gnu/librt-2.31.so
7f928c70b000-7f928c70c000 r--p 00007000 08:02 6713987                    /usr/lib/x86_64-linux-gnu/librt-2.31.so
7f928c70c000-7f928c70d000 ---p 00008000 08:02 6713987                    /usr/lib/x86_64-linux-gnu/librt-2.31.so
7f928c70d000-7f928c70e000 r--p 00008000 08:02 6713987                    /usr/lib/x86_64-linux-gnu/librt-2.31.so
7f928c70e000-7f928c70f000 rw-p 00009000 08:02 6713987                    /usr/lib/x86_64-linux-gnu/librt-2.31.so
7f928c70f000-7f928c713000 ---p 00000000 00:00 0 
7f928c713000-7f928c810000 rw-p 00000000 00:00 0 
7f928c810000-7f928c813000 r--p 00000000 08:02 6687538                    /usr/lib/x86_64-linux-gnu/libgcc_s.so.1
7f928c813000-7f928c825000 r-xp 00003000 08:02 6687538                    /usr/lib/x86_64-linux-gnu/libgcc_s.so.1
7f928c825000-7f928c829000 r--p 00015000 08:02 6687538                    /usr/lib/x86_64-linux-gnu/libgcc_s.so.1
7f928c829000-7f928c82a000 r--p 00018000 08:02 6687538                    /usr/lib/x86_64-linux-gnu/libgcc_s.so.1
7f928c82a000-7f928c82b000 rw-p 00019000 08:02 6687538                    /usr/lib/x86_64-linux-gnu/libgcc_s.so.1
7f928c82b000-7f928c83a000 r--p 00000000 08:02 6713974                    /usr/lib/x86_64-linux-gnu/libm-2.31.so
7f928c83a000-7f928c8e1000 r-xp 0000f000 08:02 6713974                    /usr/lib/x86_64-linux-gnu/libm-2.31.so
7f928c8e1000-7f928c978000 r--p 000b6000 08:02 6713974                    /usr/lib/x86_64-linux-gnu/libm-2.31.so
7f928c978000-7f928c979000 r--p 0014c000 08:02 6713974                    /usr/lib/x86_64-linux-gnu/libm-2.31.so
7f928c979000-7f928c97a000 rw-p 0014d000 08:02 6713974                    /usr/lib/x86_64-linux-gnu/libm-2.31.so
7f928c97a000-7f928ca10000 r--p 00000000 08:02 6686197                    /usr/lib/x86_64-linux-gnu/libstdc++.so.6.0.28
7f928ca10000-7f928cb00000 r-xp 00096000 08:02 6686197                    /usr/lib/x86_64-linux-gnu/libstdc++.so.6.0.28
7f928cb00000-7f928cb49000 r--p 00186000 08:02 6686197                    /usr/lib/x86_64-linux-gnu/libstdc++.so.6.0.28
7f928cb49000-7f928cb4a000 ---p 001cf000 08:02 6686197                    /usr/lib/x86_64-linux-gnu/libstdc++.so.6.0.28
7f928cb4a000-7f928cb55000 r--p 001cf000 08:02 6686197                    /usr/lib/x86_64-linux-gnu/libstdc++.so.6.0.28
7f928cb55000-7f928cb58000 rw-p 001da000 08:02 6686197                    /usr/lib/x86_64-linux-gnu/libstdc++.so.6.0.28
7f928cb58000-7f928cb5b000 rw-p 00000000 00:00 0 
7f928cb5b000-7f928cdd4000 r--p 00000000 08:02 6730455                    /usr/lib/jvm/java-11-openjdk-amd64/lib/server/libjvm.so
7f928cdd4000-7f928da51000 r-xp 00279000 08:02 6730455                    /usr/lib/jvm/java-11-openjdk-amd64/lib/server/libjvm.so
7f928da51000-7f928dca7000 r--p 00ef6000 08:02 6730455                    /usr/lib/jvm/java-11-openjdk-amd64/lib/server/libjvm.so
7f928dca7000-7f928dd68000 r--p 0114b000 08:02 6730455                    /usr/lib/jvm/java-11-openjdk-amd64/lib/server/libjvm.so
7f928dd68000-7f928dda3000 rw-p 0120c000 08:02 6730455                    /usr/lib/jvm/java-11-openjdk-amd64/lib/server/libjvm.so
7f928dda3000-7f928ddfc000 rw-p 00000000 00:00 0 
7f928ddfc000-7f928de03000 r--p 00000000 08:02 6713985                    /usr/lib/x86_64-linux-gnu/libpthread-2.31.so
7f928de03000-7f928de14000 r-xp 00007000 08:02 6713985                    /usr/lib/x86_64-linux-gnu/libpthread-2.31.so
7f928de14000-7f928de19000 r--p 00018000 08:02 6713985                    /usr/lib/x86_64-linux-gnu/libpthread-2.31.so
7f928de19000-7f928de1a000 r--p 0001c000 08:02 6713985                    /usr/lib/x86_64-linux-gnu/libpthread-2.31.so
7f928de1a000-7f928de1b000 rw-p 0001d000 08:02 6713985                    /usr/lib/x86_64-linux-gnu/libpthread-2.31.so
7f928de1b000-7f928de1f000 rw-p 00000000 00:00 0 
7f928de1f000-7f928de20000 r--p 00000000 08:02 6713973                    /usr/lib/x86_64-linux-gnu/libdl-2.31.so
7f928de20000-7f928de22000 r-xp 00001000 08:02 6713973                    /usr/lib/x86_64-linux-gnu/libdl-2.31.so
7f928de22000-7f928de23000 r--p 00003000 08:02 6713973                    /usr/lib/x86_64-linux-gnu/libdl-2.31.so
7f928de23000-7f928de24000 r--p 00003000 08:02 6713973                    /usr/lib/x86_64-linux-gnu/libdl-2.31.so
7f928de24000-7f928de25000 rw-p 00004000 08:02 6713973                    /usr/lib/x86_64-linux-gnu/libdl-2.31.so
7f928de25000-7f928de27000 r--p 00000000 08:02 6685977                    /usr/lib/x86_64-linux-gnu/libz.so.1.2.11
7f928de27000-7f928de38000 r-xp 00002000 08:02 6685977                    /usr/lib/x86_64-linux-gnu/libz.so.1.2.11
7f928de38000-7f928de3e000 r--p 00013000 08:02 6685977                    /usr/lib/x86_64-linux-gnu/libz.so.1.2.11
7f928de3e000-7f928de3f000 ---p 00019000 08:02 6685977                    /usr/lib/x86_64-linux-gnu/libz.so.1.2.11
7f928de3f000-7f928de40000 r--p 00019000 08:02 6685977                    /usr/lib/x86_64-linux-gnu/libz.so.1.2.11
7f928de40000-7f928de41000 rw-p 0001a000 08:02 6685977                    /usr/lib/x86_64-linux-gnu/libz.so.1.2.11
7f928de41000-7f928de66000 r--p 00000000 08:02 6713972                    /usr/lib/x86_64-linux-gnu/libc-2.31.so
7f928de66000-7f928dfde000 r-xp 00025000 08:02 6713972                    /usr/lib/x86_64-linux-gnu/libc-2.31.so
7f928dfde000-7f928e028000 r--p 0019d000 08:02 6713972                    /usr/lib/x86_64-linux-gnu/libc-2.31.so
7f928e028000-7f928e029000 ---p 001e7000 08:02 6713972                    /usr/lib/x86_64-linux-gnu/libc-2.31.so
7f928e029000-7f928e02c000 r--p 001e7000 08:02 6713972                    /usr/lib/x86_64-linux-gnu/libc-2.31.so
7f928e02c000-7f928e02f000 rw-p 001ea000 08:02 6713972                    /usr/lib/x86_64-linux-gnu/libc-2.31.so
7f928e02f000-7f928e033000 rw-p 00000000 00:00 0 
7f928e033000-7f928e035000 r--p 00000000 08:02 6730434                    /usr/lib/jvm/java-11-openjdk-amd64/lib/libjimage.so
7f928e035000-7f928e038000 r-xp 00002000 08:02 6730434                    /usr/lib/jvm/java-11-openjdk-amd64/lib/libjimage.so
7f928e038000-7f928e039000 r--p 00005000 08:02 6730434                    /usr/lib/jvm/java-11-openjdk-amd64/lib/libjimage.so
7f928e039000-7f928e03a000 ---p 00006000 08:02 6730434                    /usr/lib/jvm/java-11-openjdk-amd64/lib/libjimage.so
7f928e03a000-7f928e03b000 r--p 00006000 08:02 6730434                    /usr/lib/jvm/java-11-openjdk-amd64/lib/libjimage.so
7f928e03b000-7f928e03c000 rw-p 00007000 08:02 6730434                    /usr/lib/jvm/java-11-openjdk-amd64/lib/libjimage.so
7f928e03c000-7f928e041000 r--p 00000000 08:02 6730450                    /usr/lib/jvm/java-11-openjdk-amd64/lib/libverify.so
7f928e041000-7f928e048000 r-xp 00005000 08:02 6730450                    /usr/lib/jvm/java-11-openjdk-amd64/lib/libverify.so
7f928e048000-7f928e04a000 r--p 0000c000 08:02 6730450                    /usr/lib/jvm/java-11-openjdk-amd64/lib/libverify.so
7f928e04a000-7f928e04b000 ---p 0000e000 08:02 6730450                    /usr/lib/jvm/java-11-openjdk-amd64/lib/libverify.so
7f928e04b000-7f928e04d000 r--p 0000e000 08:02 6730450                    /usr/lib/jvm/java-11-openjdk-amd64/lib/libverify.so
7f928e04d000-7f928e04e000 rw-p 00010000 08:02 6730450                    /usr/lib/jvm/java-11-openjdk-amd64/lib/libverify.so
7f928e04e000-7f928e051000 r--p 00000000 08:02 6730414                    /usr/lib/jvm/java-11-openjdk-amd64/lib/jli/libjli.so
7f928e051000-7f928e05b000 r-xp 00003000 08:02 6730414                    /usr/lib/jvm/java-11-openjdk-amd64/lib/jli/libjli.so
7f928e05b000-7f928e05e000 r--p 0000d000 08:02 6730414                    /usr/lib/jvm/java-11-openjdk-amd64/lib/jli/libjli.so
7f928e05e000-7f928e05f000 ---p 00010000 08:02 6730414                    /usr/lib/jvm/java-11-openjdk-amd64/lib/jli/libjli.so
7f928e05f000-7f928e060000 r--p 00010000 08:02 6730414                    /usr/lib/jvm/java-11-openjdk-amd64/lib/jli/libjli.so
7f928e060000-7f928e061000 rw-p 00011000 08:02 6730414                    /usr/lib/jvm/java-11-openjdk-amd64/lib/jli/libjli.so
7f928e061000-7f928e063000 rw-p 00000000 00:00 0 
7f928e063000-7f928e064000 r--p 00000000 08:02 6713968                    /usr/lib/x86_64-linux-gnu/ld-2.31.so
7f928e064000-7f928e087000 r-xp 00001000 08:02 6713968                    /usr/lib/x86_64-linux-gnu/ld-2.31.so
7f928e087000-7f928e08f000 r--p 00024000 08:02 6713968                    /usr/lib/x86_64-linux-gnu/ld-2.31.so
7f928e090000-7f928e091000 r--p 0002c000 08:02 6713968                    /usr/lib/x86_64-linux-gnu/ld-2.31.so
7f928e091000-7f928e092000 rw-p 0002d000 08:02 6713968                    /usr/lib/x86_64-linux-gnu/ld-2.31.so
7f928e092000-7f928e093000 rw-p 00000000 00:00 0 
7ffe73f46000-7ffe73f69000 rw-p 00000000 00:00 0                          [stack]
7ffe73fd5000-7ffe73fd8000 r--p 00000000 00:00 0                          [vvar]
7ffe73fd8000-7ffe73fd9000 r-xp 00000000 00:00 0                          [vdso]
ffffffffff600000-ffffffffff601000 --xp 00000000 00:00 0                  [vsyscall]


VM Arguments:
jvm_args: -Xmx5048m -Drouge.prop=/home/talles/Documents/rouge_interface/projetos/6021432a81aab433cccefc5e/rouge.properties 
java_command: /home/talles/Documents/rouge_interface/rouge/rouge2-1.2.2.jar
java_class_path (initial): /home/talles/Documents/rouge_interface/rouge/rouge2-1.2.2.jar
Launcher Type: SUN_STANDARD

[Global flags]
     intx CICompilerCount                          = 3                                         {product} {ergonomic}
     uint ConcGCThreads                            = 1                                         {product} {ergonomic}
     uint G1ConcRefinementThreads                  = 4                                         {product} {ergonomic}
   size_t G1HeapRegionSize                         = 1048576                                   {product} {ergonomic}
    uintx GCDrainStackTargetSize                   = 64                                        {product} {ergonomic}
   size_t InitialHeapSize                          = 130023424                                 {product} {ergonomic}
   size_t MarkStackSize                            = 4194304                                   {product} {ergonomic}
   size_t MaxHeapSize                              = 5293211648                                {product} {command line}
   size_t MaxNewSize                               = 3175088128                                {product} {ergonomic}
   size_t MinHeapDeltaBytes                        = 1048576                                   {product} {ergonomic}
    uintx NonNMethodCodeHeapSize                   = 5830732                                {pd product} {ergonomic}
    uintx NonProfiledCodeHeapSize                  = 122913754                              {pd product} {ergonomic}
    uintx ProfiledCodeHeapSize                     = 122913754                              {pd product} {ergonomic}
    uintx ReservedCodeCacheSize                    = 251658240                              {pd product} {ergonomic}
     bool SegmentedCodeCache                       = true                                      {product} {ergonomic}
     bool UseCompressedClassPointers               = true                                 {lp64_product} {ergonomic}
     bool UseCompressedOops                        = true                                 {lp64_product} {ergonomic}
     bool UseG1GC                                  = true                                      {product} {ergonomic}

Logging:
Log output configuration:
 #0: stdout all=warning uptime,level,tags
 #1: stderr all=off uptime,level,tags

Environment Variables:
PATH=/usr/share/npm/node_modules/npm-lifecycle/node-gyp-bin:/home/talles/Documents/rouge_interface/node_modules/.bin:/home/talles/.local/bin:/home/talles/.local/bin:/usr/local/sbin:/usr/local/bin:/usr/sbin:/usr/bin:/sbin:/bin:/usr/games:/usr/local/games:/snap/bin
SHELL=/bin/bash
DISPLAY=:0
LANG=en_US.UTF-8
LC_CTYPE=pt_BR.UTF-8

Signal Handlers:
SIGSEGV: [libjvm.so+0xe824c0], sa_mask[0]=11111111011111111101111111111110, sa_flags=SA_RESTART|SA_SIGINFO
SIGBUS: [libjvm.so+0xe824c0], sa_mask[0]=11111111011111111101111111111110, sa_flags=SA_RESTART|SA_SIGINFO
SIGFPE: [libjvm.so+0xe824c0], sa_mask[0]=11111111011111111101111111111110, sa_flags=SA_RESTART|SA_SIGINFO
SIGPIPE: [libjvm.so+0xbc8ee0], sa_mask[0]=11111111011111111101111111111110, sa_flags=SA_RESTART|SA_SIGINFO
SIGXFSZ: [libjvm.so+0xbc8ee0], sa_mask[0]=11111111011111111101111111111110, sa_flags=SA_RESTART|SA_SIGINFO
SIGILL: [libjvm.so+0xe824c0], sa_mask[0]=11111111011111111101111111111110, sa_flags=SA_RESTART|SA_SIGINFO
SIGUSR2: [libjvm.so+0xbc8d80], sa_mask[0]=00000000000000000000000000000000, sa_flags=SA_RESTART|SA_SIGINFO
SIGHUP: [libjvm.so+0xbc9220], sa_mask[0]=11111111011111111101111111111110, sa_flags=SA_RESTART|SA_SIGINFO
SIGINT: [libjvm.so+0xbc9220], sa_mask[0]=11111111011111111101111111111110, sa_flags=SA_RESTART|SA_SIGINFO
SIGTERM: [libjvm.so+0xbc9220], sa_mask[0]=11111111011111111101111111111110, sa_flags=SA_RESTART|SA_SIGINFO
SIGQUIT: [libjvm.so+0xbc9220], sa_mask[0]=11111111011111111101111111111110, sa_flags=SA_RESTART|SA_SIGINFO


---------------  S Y S T E M  ---------------

OS:DISTRIB_ID=Ubuntu
DISTRIB_RELEASE=20.04
DISTRIB_CODENAME=focal
DISTRIB_DESCRIPTION="Ubuntu 20.04.2 LTS"
uname:Linux 5.4.0-65-generic #73-Ubuntu SMP Mon Jan 18 17:25:17 UTC 2021 x86_64
OS uptime: 0 days 1:59 hours
libc:glibc 2.31 NPTL 2.31 
rlimit (soft/hard): STACK 8192k/infinity , CORE 0k/infinity , NPROC 31058/31058 , NOFILE 1048576/1048576 , AS infinity/infinity , CPU infinity/infinity , DATA infinity/infinity , FSIZE infinity/infinity , MEMLOCK 65536k/65536k
load average:5,76 5,87 3,75

/proc/meminfo:
MemTotal:        8044176 kB
MemFree:         1232940 kB
MemAvailable:    4209456 kB
Buffers:          241032 kB
Cached:          3239432 kB
SwapCached:            0 kB
Active:          4021304 kB
Inactive:        2063212 kB
Active(anon):    2803004 kB
Inactive(anon):   155104 kB
Active(file):    1218300 kB
Inactive(file):  1908108 kB
Unevictable:      312676 kB
Mlocked:              32 kB
SwapTotal:       8048572 kB
SwapFree:        8048572 kB
Dirty:               504 kB
Writeback:             0 kB
AnonPages:       2917432 kB
Mapped:          1114716 kB
Shmem:            489476 kB
KReclaimable:     139820 kB
Slab:             287616 kB
SReclaimable:     139820 kB
SUnreclaim:       147796 kB
KernelStack:       16632 kB
PageTables:        39000 kB
NFS_Unstable:          0 kB
Bounce:                0 kB
WritebackTmp:          0 kB
CommitLimit:    12070660 kB
Committed_AS:    9393996 kB
VmallocTotal:   34359738367 kB
VmallocUsed:       35760 kB
VmallocChunk:          0 kB
Percpu:            14080 kB
HardwareCorrupted:     0 kB
AnonHugePages:         0 kB
ShmemHugePages:        0 kB
ShmemPmdMapped:        0 kB
FileHugePages:         0 kB
FilePmdMapped:         0 kB
CmaTotal:              0 kB
CmaFree:               0 kB
HugePages_Total:       0
HugePages_Free:        0
HugePages_Rsvd:        0
HugePages_Surp:        0
Hugepagesize:       2048 kB
Hugetlb:               0 kB
DirectMap4k:      349248 kB
DirectMap2M:     7933952 kB

/sys/kernel/mm/transparent_hugepage/enabled:
always [madvise] never
/sys/kernel/mm/transparent_hugepage/defrag (defrag/compaction efforts parameter):
always defer defer+madvise [madvise] never

/proc/sys/kernel/threads-max (system-wide limit on the number of threads):
62117
/proc/sys/vm/max_map_count (maximum number of memory map areas a process may have):
65530
/proc/sys/kernel/pid_max (system-wide limit on number of process identifiers):
4194304

container (cgroup) information:
container_type: cgroupv1
cpu_cpuset_cpus: 0-3
cpu_memory_nodes: 0
active_processor_count: 4
cpu_quota: -1
cpu_period: 100000
cpu_shares: -1
memory_limit_in_bytes: -1
memory_and_swap_limit_in_bytes: -2
memory_soft_limit_in_bytes: -1
memory_usage_in_bytes: 4885954560
memory_max_usage_in_bytes: 5395693568

Steal ticks since vm start: 0
Steal ticks percentage since vm start:  0,000

CPU:total 4 (initial active 4) (2 cores per cpu, 2 threads per core) family 6 model 42 stepping 7, cmov, cx8, fxsr, mmx, sse, sse2, sse3, ssse3, sse4.1, sse4.2, popcnt, avx, aes, clmul, ht, tsc, tscinvbit
CPU Model and flags from /proc/cpuinfo:
model name	: Intel(R) Core(TM) i5-2520M CPU @ 2.50GHz
flags		: fpu vme de pse tsc msr pae mce cx8 apic sep mtrr pge mca cmov pat pse36 clflush dts acpi mmx fxsr sse sse2 ht tm pbe syscall nx rdtscp lm constant_tsc arch_perfmon pebs bts rep_good nopl xtopology nonstop_tsc cpuid aperfmperf pni pclmulqdq dtes64 monitor ds_cpl vmx smx est tm2 ssse3 cx16 xtpr pdcm pcid sse4_1 sse4_2 x2apic popcnt tsc_deadline_timer aes xsave avx lahf_lm epb pti ssbd ibrs ibpb stibp tpr_shadow vnmi flexpriority ept vpid xsaveopt dtherm ida arat pln pts md_clear flush_l1d
Online cpus:
0-3
Offline cpus:
4-15
BIOS frequency limitation:
<Not Available>
Frequency switch latency (ns):
0
Available cpu frequencies:
<Not Available>
Current governor:
powersave
Core performance/turbo boost:
<Not Available>

Memory: 4k page, physical 8044176k(1232940k free), swap 8048572k(8048572k free)

vm_info: OpenJDK 64-Bit Server VM (11.0.9.1+1-Ubuntu-0ubuntu1.20.04) for linux-amd64 JRE (11.0.9.1+1-Ubuntu-0ubuntu1.20.04), built on Nov 10 2020 04:18:42 by "unknown" with gcc 9.3.0

END.
