#
# A fatal error has been detected by the Java Runtime Environment:
#
#  SIGSEGV (0xb) at pc=0x00007f48a8565dbd, pid=12195, tid=12195
#
# JRE version: OpenJDK Runtime Environment (11.0.9.1+1) (build 11.0.9.1+1-Ubuntu-0ubuntu1.20.04)
# Java VM: OpenJDK 64-Bit Server VM (11.0.9.1+1-Ubuntu-0ubuntu1.20.04, mixed mode, sharing, tiered, compressed oops, g1 gc, linux-amd64)
# Problematic frame:
# V  [libjvm.so+0xbc8dbd]
#
# Core dump will be written. Default location: Core dumps may be processed with "/usr/share/apport/apport %p %s %c %d %P %E" (or dumping to /home/talles/Documents/rouge_interface/core.12195)
#
# If you would like to submit a bug report, please visit:
#   https://bugs.launchpad.net/ubuntu/+source/openjdk-lts
#

---------------  S U M M A R Y ------------

Command Line: -Xmx4048m -Drouge.prop=/home/talles/Documents/rouge_interface/projetos/602140d0ac956d22139dd57c/rouge.properties /home/talles/Documents/rouge_interface/rouge/rouge2-1.2.2.jar

Host: Intel(R) Core(TM) i5-2520M CPU @ 2.50GHz, 4 cores, 7G, Ubuntu 20.04.2 LTS
Time: Mon Feb  8 10:55:47 2021 -03 elapsed time: 531.041311 seconds (0d 0h 8m 51s)

---------------  T H R E A D  ---------------

Current thread is native thread

Stack: [0x00007ffdf37cf000,0x00007ffdf3fcc000],  sp=0x00007ffdf3fc7080,  free space=8160k
Native frames: (J=compiled Java code, A=aot compiled Java code, j=interpreted, Vv=VM code, C=native code)
V  [libjvm.so+0xbc8dbd]
C  [libc.so.6+0x46210]


siginfo: si_signo: 11 (SIGSEGV), si_code: 1 (SEGV_MAPERR), si_addr: 0x00000000000000d0

Register to memory mapping:

RAX=0x0 is NULL
RBX=
[error occurred during error reporting (printing register info), id 0xb, SIGSEGV (0xb) at pc=0x00007f48a87bc68c]

Registers:
RAX=0x0000000000000000, RBX=0x00007f48a8c3d3c0, RCX=0x00007f48a8c48cd7, RDX=0x00007f48a8c3d440
RSP=0x00007ffdf3fc7080, RBP=0x00007ffdf3fc7130, RSI=0x00007ffdf3fc7270, RDI=0x0000000000000001
R8 =0x0000000000000000, R9 =0x00007f48a7651700, R10=0x0000000000000000, R11=0x0000000000000246
R12=0x00007ffdf3fc7270, R13=0x00007ffdf3fc7140, R14=0x0000000000000000, R15=0x00007f48a7651700
RIP=0x00007f48a8565dbd, EFLAGS=0x0000000000010246, CSGSFS=0x002b000000000033, ERR=0x0000000000000004
  TRAPNO=0x000000000000000e

Top of Stack: (sp=0x00007ffdf3fc7080)
0x00007ffdf3fc7080:   00007f48a8c899dc 00007f48a8eb088a
0x00007ffdf3fc7090:   0000000000000664 00007f48a8c98330
0x00007ffdf3fc70a0:   00007f48a8ea35d0 00007ffdf3fc7148
0x00007ffdf3fc70b0:   00007ffdf3fc7144 00007f48a8c3c778 

Instructions: (pc=0x00007f48a8565dbd)
0x00007f48a8565cbd:   ff 48 85 c0 74 03 c6 00 00 4c 89 f7 4c 89 fa 4c
0x00007f48a8565ccd:   89 ee e8 4c 04 6b ff 4c 89 e7 e8 a4 07 6b ff 48
0x00007f48a8565cdd:   81 c4 08 01 00 00 5b 41 5c 41 5d 41 5e 41 5f 5d
0x00007f48a8565ced:   c3 66 90 4c 89 e2 be 00 01 00 00 4c 89 ef e8 f0
0x00007f48a8565cfd:   09 6b ff 48 85 c0 74 ac 48 8d 35 63 71 3a 00 4c
0x00007f48a8565d0d:   89 ef e8 dc 07 6b ff 48 85 c0 75 17 48 8d 35 64
0x00007f48a8565d1d:   71 3a 00 4c 89 ef e8 c8 07 6b ff 48 85 c0 74 84
0x00007f48a8565d2d:   0f 1f 00 be 22 00 00 00 4c 89 ef e8 43 08 6b ff
0x00007f48a8565d3d:   48 85 c0 74 26 4c 8d 68 01 be 22 00 00 00 4c 89
0x00007f48a8565d4d:   ef e8 2d 08 6b ff 48 85 c0 0f 85 67 ff ff ff e9
0x00007f48a8565d5d:   65 ff ff ff 0f 1f 80 00 00 00 00 4c 89 ef be 3d
0x00007f48a8565d6d:   00 00 00 e8 0b 08 6b ff 4c 8d 68 01 e9 33 ff ff
0x00007f48a8565d7d:   ff 66 90 f3 0f 1e fa 55 48 89 e5 41 57 41 56 41
0x00007f48a8565d8d:   55 49 89 d5 41 54 49 89 f4 53 48 81 ec 88 00 00
0x00007f48a8565d9d:   00 e8 0d 0f 6b ff 44 8b 30 48 89 c3 e8 92 51 25
0x00007f48a8565dad:   00 41 89 c0 31 c0 45 84 c0 74 05 e8 93 51 25 00
0x00007f48a8565dbd:   48 83 b8 d0 00 00 00 00 74 16 4c 8b b8 68 02 00
0x00007f48a8565dcd:   00 41 8b 87 a8 00 00 00 83 f8 01 74 16 44 89 33
0x00007f48a8565ddd:   48 81 c4 88 00 00 00 5b 41 5c 41 5d 41 5e 41 5f
0x00007f48a8565ded:   5d c3 90 66 49 0f 6e c4 66 49 0f 6e cd ba 02 00
0x00007f48a8565dfd:   00 00 be 01 00 00 00 66 0f 6c c1 4d 8d a7 a8 00
0x00007f48a8565e0d:   00 00 41 0f 11 87 b0 00 00 00 4c 89 e7 e8 61 bd
0x00007f48a8565e1d:   ff ff 83 f8 02 74 3c 85 c0 75 18 66 0f ef c0 41
0x00007f48a8565e2d:   0f 11 87 b0 00 00 00 eb a4 66 2e 0f 1f 84 00 00
0x00007f48a8565e3d:   00 00 00 48 8d 05 61 8c 64 00 be aa 11 00 00 48
0x00007f48a8565e4d:   8d 3d 4d 7a 3a 00 48 8b 00 c6 00 58 e8 22 13 aa
0x00007f48a8565e5d:   ff eb c8 4c 8d ad 50 ff ff ff 4c 89 ef e8 a1 0a
0x00007f48a8565e6d:   6b ff 4c 89 ea 31 f6 31 ff e8 b5 0b 6b ff 8b 35
0x00007f48a8565e7d:   8f 38 66 00 4c 89 ef e8 57 07 6b ff be 01 00 00
0x00007f48a8565e8d:   00 48 8d 3d cb 82 6a 00 e8 66 9e 0c 00 66 0f 1f
0x00007f48a8565e9d:   44 00 00 4c 89 ef e8 68 0e 6b ff 31 d2 be 03 00
0x00007f48a8565ead:   00 00 4c 89 e7 e8 c9 bc ff ff 85 c0 75 e5 be 01 


Stack slot to memory mapping:
stack at sp + 0 slots: 
[error occurred during error reporting (inspecting top of stack), id 0xb, SIGSEGV (0xb) at pc=0x00007f48a87bc68c]


---------------  P R O C E S S  ---------------

VM state:not at safepoint (normal execution)

VM Mutex/Monitor currently owned by a thread: None

Heap address: 0x0000000703000000, size: 4048 MB, Compressed Oops mode: Zero based, Oop shift amount: 3
Narrow klass base: 0x0000000800000000, Narrow klass shift: 3
Compressed class space size: 1073741824 Address: 0x0000000840000000

Heap:
 garbage-first heap   total 129024K, used 66074K [0x0000000703000000, 0x0000000800000000)
  region size 1024K, 63 young (64512K), 2 survivors (2048K)
 Metaspace       used 2795K, capacity 5182K, committed 5504K, reserved 1056768K
  class space    used 290K, capacity 517K, committed 640K, reserved 1048576K
Heap Regions: E=young(eden), S=young(survivor), O=old, HS=humongous(starts), HC=humongous(continues), CS=collection set, F=free, A=archive, TAMS=top-at-mark-start (previous, next)
|   0|0x0000000703000000, 0x0000000703100000, 0x0000000703100000|100%| O|  |TAMS 0x0000000703000000, 0x0000000703000000| Untracked 
|   1|0x0000000703100000, 0x0000000703200000, 0x0000000703200000|100%| O|  |TAMS 0x0000000703100000, 0x0000000703100000| Untracked 
|   2|0x0000000703200000, 0x0000000703203600, 0x0000000703300000|  1%| O|  |TAMS 0x0000000703200000, 0x0000000703200000| Untracked 
|   3|0x0000000703300000, 0x0000000703300000, 0x0000000703400000|  0%| F|  |TAMS 0x0000000703300000, 0x0000000703300000| Untracked 
|   4|0x0000000703400000, 0x0000000703400000, 0x0000000703500000|  0%| F|  |TAMS 0x0000000703400000, 0x0000000703400000| Untracked 
|   5|0x0000000703500000, 0x0000000703500000, 0x0000000703600000|  0%| F|  |TAMS 0x0000000703500000, 0x0000000703500000| Untracked 
|   6|0x0000000703600000, 0x0000000703600000, 0x0000000703700000|  0%| F|  |TAMS 0x0000000703600000, 0x0000000703600000| Untracked 
|   7|0x0000000703700000, 0x0000000703700000, 0x0000000703800000|  0%| F|  |TAMS 0x0000000703700000, 0x0000000703700000| Untracked 
|   8|0x0000000703800000, 0x0000000703800000, 0x0000000703900000|  0%| F|  |TAMS 0x0000000703800000, 0x0000000703800000| Untracked 
|   9|0x0000000703900000, 0x0000000703900000, 0x0000000703a00000|  0%| F|  |TAMS 0x0000000703900000, 0x0000000703900000| Untracked 
|  10|0x0000000703a00000, 0x0000000703a00000, 0x0000000703b00000|  0%| F|  |TAMS 0x0000000703a00000, 0x0000000703a00000| Untracked 
|  11|0x0000000703b00000, 0x0000000703b00000, 0x0000000703c00000|  0%| F|  |TAMS 0x0000000703b00000, 0x0000000703b00000| Untracked 
|  12|0x0000000703c00000, 0x0000000703c00000, 0x0000000703d00000|  0%| F|  |TAMS 0x0000000703c00000, 0x0000000703c00000| Untracked 
|  13|0x0000000703d00000, 0x0000000703d00000, 0x0000000703e00000|  0%| F|  |TAMS 0x0000000703d00000, 0x0000000703d00000| Untracked 
|  14|0x0000000703e00000, 0x0000000703e00000, 0x0000000703f00000|  0%| F|  |TAMS 0x0000000703e00000, 0x0000000703e00000| Untracked 
|  15|0x0000000703f00000, 0x0000000703f00000, 0x0000000704000000|  0%| F|  |TAMS 0x0000000703f00000, 0x0000000703f00000| Untracked 
|  16|0x0000000704000000, 0x0000000704000000, 0x0000000704100000|  0%| F|  |TAMS 0x0000000704000000, 0x0000000704000000| Untracked 
|  17|0x0000000704100000, 0x0000000704100000, 0x0000000704200000|  0%| F|  |TAMS 0x0000000704100000, 0x0000000704100000| Untracked 
|  18|0x0000000704200000, 0x0000000704200000, 0x0000000704300000|  0%| F|  |TAMS 0x0000000704200000, 0x0000000704200000| Untracked 
|  19|0x0000000704300000, 0x0000000704300000, 0x0000000704400000|  0%| F|  |TAMS 0x0000000704300000, 0x0000000704300000| Untracked 
|  20|0x0000000704400000, 0x0000000704400000, 0x0000000704500000|  0%| F|  |TAMS 0x0000000704400000, 0x0000000704400000| Untracked 
|  21|0x0000000704500000, 0x0000000704500000, 0x0000000704600000|  0%| F|  |TAMS 0x0000000704500000, 0x0000000704500000| Untracked 
|  22|0x0000000704600000, 0x0000000704600000, 0x0000000704700000|  0%| F|  |TAMS 0x0000000704600000, 0x0000000704600000| Untracked 
|  23|0x0000000704700000, 0x0000000704700000, 0x0000000704800000|  0%| F|  |TAMS 0x0000000704700000, 0x0000000704700000| Untracked 
|  24|0x0000000704800000, 0x0000000704800000, 0x0000000704900000|  0%| F|  |TAMS 0x0000000704800000, 0x0000000704800000| Untracked 
|  25|0x0000000704900000, 0x0000000704900000, 0x0000000704a00000|  0%| F|  |TAMS 0x0000000704900000, 0x0000000704900000| Untracked 
|  26|0x0000000704a00000, 0x0000000704a00000, 0x0000000704b00000|  0%| F|  |TAMS 0x0000000704a00000, 0x0000000704a00000| Untracked 
|  27|0x0000000704b00000, 0x0000000704b00000, 0x0000000704c00000|  0%| F|  |TAMS 0x0000000704b00000, 0x0000000704b00000| Untracked 
|  28|0x0000000704c00000, 0x0000000704c00000, 0x0000000704d00000|  0%| F|  |TAMS 0x0000000704c00000, 0x0000000704c00000| Untracked 
|  29|0x0000000704d00000, 0x0000000704d00000, 0x0000000704e00000|  0%| F|  |TAMS 0x0000000704d00000, 0x0000000704d00000| Untracked 
|  30|0x0000000704e00000, 0x0000000704e00000, 0x0000000704f00000|  0%| F|  |TAMS 0x0000000704e00000, 0x0000000704e00000| Untracked 
|  31|0x0000000704f00000, 0x0000000704f00000, 0x0000000705000000|  0%| F|  |TAMS 0x0000000704f00000, 0x0000000704f00000| Untracked 
|  32|0x0000000705000000, 0x0000000705000000, 0x0000000705100000|  0%| F|  |TAMS 0x0000000705000000, 0x0000000705000000| Untracked 
|  33|0x0000000705100000, 0x0000000705100000, 0x0000000705200000|  0%| F|  |TAMS 0x0000000705100000, 0x0000000705100000| Untracked 
|  34|0x0000000705200000, 0x0000000705200000, 0x0000000705300000|  0%| F|  |TAMS 0x0000000705200000, 0x0000000705200000| Untracked 
|  35|0x0000000705300000, 0x0000000705300000, 0x0000000705400000|  0%| F|  |TAMS 0x0000000705300000, 0x0000000705300000| Untracked 
|  36|0x0000000705400000, 0x0000000705400000, 0x0000000705500000|  0%| F|  |TAMS 0x0000000705400000, 0x0000000705400000| Untracked 
|  37|0x0000000705500000, 0x0000000705500000, 0x0000000705600000|  0%| F|  |TAMS 0x0000000705500000, 0x0000000705500000| Untracked 
|  38|0x0000000705600000, 0x0000000705600000, 0x0000000705700000|  0%| F|  |TAMS 0x0000000705600000, 0x0000000705600000| Untracked 
|  39|0x0000000705700000, 0x0000000705700000, 0x0000000705800000|  0%| F|  |TAMS 0x0000000705700000, 0x0000000705700000| Untracked 
|  40|0x0000000705800000, 0x0000000705800000, 0x0000000705900000|  0%| F|  |TAMS 0x0000000705800000, 0x0000000705800000| Untracked 
|  41|0x0000000705900000, 0x0000000705900000, 0x0000000705a00000|  0%| F|  |TAMS 0x0000000705900000, 0x0000000705900000| Untracked 
|  42|0x0000000705a00000, 0x0000000705a00000, 0x0000000705b00000|  0%| F|  |TAMS 0x0000000705a00000, 0x0000000705a00000| Untracked 
|  43|0x0000000705b00000, 0x0000000705b00000, 0x0000000705c00000|  0%| F|  |TAMS 0x0000000705b00000, 0x0000000705b00000| Untracked 
|  44|0x0000000705c00000, 0x0000000705c00000, 0x0000000705d00000|  0%| F|  |TAMS 0x0000000705c00000, 0x0000000705c00000| Untracked 
|  45|0x0000000705d00000, 0x0000000705d00000, 0x0000000705e00000|  0%| F|  |TAMS 0x0000000705d00000, 0x0000000705d00000| Untracked 
|  46|0x0000000705e00000, 0x0000000705e00000, 0x0000000705f00000|  0%| F|  |TAMS 0x0000000705e00000, 0x0000000705e00000| Untracked 
|  47|0x0000000705f00000, 0x0000000705f00000, 0x0000000706000000|  0%| F|  |TAMS 0x0000000705f00000, 0x0000000705f00000| Untracked 
|  48|0x0000000706000000, 0x0000000706000000, 0x0000000706100000|  0%| F|  |TAMS 0x0000000706000000, 0x0000000706000000| Untracked 
|  49|0x0000000706100000, 0x0000000706100000, 0x0000000706200000|  0%| F|  |TAMS 0x0000000706100000, 0x0000000706100000| Untracked 
|  50|0x0000000706200000, 0x0000000706200000, 0x0000000706300000|  0%| F|  |TAMS 0x0000000706200000, 0x0000000706200000| Untracked 
|  51|0x0000000706300000, 0x0000000706300000, 0x0000000706400000|  0%| F|  |TAMS 0x0000000706300000, 0x0000000706300000| Untracked 
|  52|0x0000000706400000, 0x0000000706400000, 0x0000000706500000|  0%| F|  |TAMS 0x0000000706400000, 0x0000000706400000| Untracked 
|  53|0x0000000706500000, 0x0000000706500000, 0x0000000706600000|  0%| F|  |TAMS 0x0000000706500000, 0x0000000706500000| Untracked 
|  54|0x0000000706600000, 0x0000000706600000, 0x0000000706700000|  0%| F|  |TAMS 0x0000000706600000, 0x0000000706600000| Untracked 
|  55|0x0000000706700000, 0x0000000706700000, 0x0000000706800000|  0%| F|  |TAMS 0x0000000706700000, 0x0000000706700000| Untracked 
|  56|0x0000000706800000, 0x00000007068d13f0, 0x0000000706900000| 81%| S|CS|TAMS 0x0000000706800000, 0x0000000706800000| Complete 
|  57|0x0000000706900000, 0x0000000706a00000, 0x0000000706a00000|100%| S|CS|TAMS 0x0000000706900000, 0x0000000706900000| Complete 
|  58|0x0000000706a00000, 0x0000000706a00000, 0x0000000706b00000|  0%| F|  |TAMS 0x0000000706a00000, 0x0000000706a00000| Untracked 
|  59|0x0000000706b00000, 0x0000000706b00000, 0x0000000706c00000|  0%| F|  |TAMS 0x0000000706b00000, 0x0000000706b00000| Untracked 
|  60|0x0000000706c00000, 0x0000000706c00000, 0x0000000706d00000|  0%| F|  |TAMS 0x0000000706c00000, 0x0000000706c00000| Untracked 
|  61|0x0000000706d00000, 0x0000000706d00000, 0x0000000706e00000|  0%| F|  |TAMS 0x0000000706d00000, 0x0000000706d00000| Untracked 
|  62|0x0000000706e00000, 0x0000000706e00000, 0x0000000706f00000|  0%| F|  |TAMS 0x0000000706e00000, 0x0000000706e00000| Untracked 
|  63|0x0000000706f00000, 0x0000000707000000, 0x0000000707000000|100%| E|  |TAMS 0x0000000706f00000, 0x0000000706f00000| Complete 
|  64|0x0000000707000000, 0x0000000707100000, 0x0000000707100000|100%| E|CS|TAMS 0x0000000707000000, 0x0000000707000000| Complete 
|  65|0x0000000707100000, 0x0000000707200000, 0x0000000707200000|100%| E|CS|TAMS 0x0000000707100000, 0x0000000707100000| Complete 
|  66|0x0000000707200000, 0x0000000707300000, 0x0000000707300000|100%| E|CS|TAMS 0x0000000707200000, 0x0000000707200000| Complete 
|  67|0x0000000707300000, 0x0000000707400000, 0x0000000707400000|100%| E|CS|TAMS 0x0000000707300000, 0x0000000707300000| Complete 
|  68|0x0000000707400000, 0x0000000707500000, 0x0000000707500000|100%| E|CS|TAMS 0x0000000707400000, 0x0000000707400000| Complete 
|  69|0x0000000707500000, 0x0000000707600000, 0x0000000707600000|100%| E|CS|TAMS 0x0000000707500000, 0x0000000707500000| Complete 
|  70|0x0000000707600000, 0x0000000707700000, 0x0000000707700000|100%| E|CS|TAMS 0x0000000707600000, 0x0000000707600000| Complete 
|  71|0x0000000707700000, 0x0000000707800000, 0x0000000707800000|100%| E|CS|TAMS 0x0000000707700000, 0x0000000707700000| Complete 
|  72|0x0000000707800000, 0x0000000707900000, 0x0000000707900000|100%| E|CS|TAMS 0x0000000707800000, 0x0000000707800000| Complete 
|  73|0x0000000707900000, 0x0000000707a00000, 0x0000000707a00000|100%| E|CS|TAMS 0x0000000707900000, 0x0000000707900000| Complete 
|  74|0x0000000707a00000, 0x0000000707b00000, 0x0000000707b00000|100%| E|CS|TAMS 0x0000000707a00000, 0x0000000707a00000| Complete 
|  75|0x0000000707b00000, 0x0000000707c00000, 0x0000000707c00000|100%| E|CS|TAMS 0x0000000707b00000, 0x0000000707b00000| Complete 
|  76|0x0000000707c00000, 0x0000000707d00000, 0x0000000707d00000|100%| E|CS|TAMS 0x0000000707c00000, 0x0000000707c00000| Complete 
|  77|0x0000000707d00000, 0x0000000707e00000, 0x0000000707e00000|100%| E|CS|TAMS 0x0000000707d00000, 0x0000000707d00000| Complete 
|  78|0x0000000707e00000, 0x0000000707f00000, 0x0000000707f00000|100%| E|CS|TAMS 0x0000000707e00000, 0x0000000707e00000| Complete 
|  79|0x0000000707f00000, 0x0000000708000000, 0x0000000708000000|100%| E|CS|TAMS 0x0000000707f00000, 0x0000000707f00000| Complete 
|  80|0x0000000708000000, 0x0000000708100000, 0x0000000708100000|100%| E|CS|TAMS 0x0000000708000000, 0x0000000708000000| Complete 
|  81|0x0000000708100000, 0x0000000708200000, 0x0000000708200000|100%| E|CS|TAMS 0x0000000708100000, 0x0000000708100000| Complete 
|  82|0x0000000708200000, 0x0000000708300000, 0x0000000708300000|100%| E|CS|TAMS 0x0000000708200000, 0x0000000708200000| Complete 
|  83|0x0000000708300000, 0x0000000708400000, 0x0000000708400000|100%| E|CS|TAMS 0x0000000708300000, 0x0000000708300000| Complete 
|  84|0x0000000708400000, 0x0000000708500000, 0x0000000708500000|100%| E|CS|TAMS 0x0000000708400000, 0x0000000708400000| Complete 
|  85|0x0000000708500000, 0x0000000708600000, 0x0000000708600000|100%| E|CS|TAMS 0x0000000708500000, 0x0000000708500000| Complete 
|  86|0x0000000708600000, 0x0000000708700000, 0x0000000708700000|100%| E|CS|TAMS 0x0000000708600000, 0x0000000708600000| Complete 
|  87|0x0000000708700000, 0x0000000708800000, 0x0000000708800000|100%| E|CS|TAMS 0x0000000708700000, 0x0000000708700000| Complete 
|  88|0x0000000708800000, 0x0000000708900000, 0x0000000708900000|100%| E|CS|TAMS 0x0000000708800000, 0x0000000708800000| Complete 
|  89|0x0000000708900000, 0x0000000708a00000, 0x0000000708a00000|100%| E|CS|TAMS 0x0000000708900000, 0x0000000708900000| Complete 
|  90|0x0000000708a00000, 0x0000000708b00000, 0x0000000708b00000|100%| E|CS|TAMS 0x0000000708a00000, 0x0000000708a00000| Complete 
|  91|0x0000000708b00000, 0x0000000708c00000, 0x0000000708c00000|100%| E|CS|TAMS 0x0000000708b00000, 0x0000000708b00000| Complete 
|  92|0x0000000708c00000, 0x0000000708d00000, 0x0000000708d00000|100%| E|CS|TAMS 0x0000000708c00000, 0x0000000708c00000| Complete 
|  93|0x0000000708d00000, 0x0000000708e00000, 0x0000000708e00000|100%| E|CS|TAMS 0x0000000708d00000, 0x0000000708d00000| Complete 
|  94|0x0000000708e00000, 0x0000000708f00000, 0x0000000708f00000|100%| E|CS|TAMS 0x0000000708e00000, 0x0000000708e00000| Complete 
|  95|0x0000000708f00000, 0x0000000709000000, 0x0000000709000000|100%| E|CS|TAMS 0x0000000708f00000, 0x0000000708f00000| Complete 
|  96|0x0000000709000000, 0x0000000709100000, 0x0000000709100000|100%| E|CS|TAMS 0x0000000709000000, 0x0000000709000000| Complete 
|  97|0x0000000709100000, 0x0000000709200000, 0x0000000709200000|100%| E|CS|TAMS 0x0000000709100000, 0x0000000709100000| Complete 
|  98|0x0000000709200000, 0x0000000709300000, 0x0000000709300000|100%| E|CS|TAMS 0x0000000709200000, 0x0000000709200000| Complete 
|  99|0x0000000709300000, 0x0000000709400000, 0x0000000709400000|100%| E|CS|TAMS 0x0000000709300000, 0x0000000709300000| Complete 
| 100|0x0000000709400000, 0x0000000709500000, 0x0000000709500000|100%| E|CS|TAMS 0x0000000709400000, 0x0000000709400000| Complete 
| 101|0x0000000709500000, 0x0000000709600000, 0x0000000709600000|100%| E|CS|TAMS 0x0000000709500000, 0x0000000709500000| Complete 
| 102|0x0000000709600000, 0x0000000709700000, 0x0000000709700000|100%| E|CS|TAMS 0x0000000709600000, 0x0000000709600000| Complete 
| 103|0x0000000709700000, 0x0000000709800000, 0x0000000709800000|100%| E|CS|TAMS 0x0000000709700000, 0x0000000709700000| Complete 
| 104|0x0000000709800000, 0x0000000709900000, 0x0000000709900000|100%| E|CS|TAMS 0x0000000709800000, 0x0000000709800000| Complete 
| 105|0x0000000709900000, 0x0000000709a00000, 0x0000000709a00000|100%| E|CS|TAMS 0x0000000709900000, 0x0000000709900000| Complete 
| 106|0x0000000709a00000, 0x0000000709b00000, 0x0000000709b00000|100%| E|CS|TAMS 0x0000000709a00000, 0x0000000709a00000| Complete 
| 107|0x0000000709b00000, 0x0000000709c00000, 0x0000000709c00000|100%| E|CS|TAMS 0x0000000709b00000, 0x0000000709b00000| Complete 
| 108|0x0000000709c00000, 0x0000000709d00000, 0x0000000709d00000|100%| E|CS|TAMS 0x0000000709c00000, 0x0000000709c00000| Complete 
| 109|0x0000000709d00000, 0x0000000709e00000, 0x0000000709e00000|100%| E|CS|TAMS 0x0000000709d00000, 0x0000000709d00000| Complete 
| 110|0x0000000709e00000, 0x0000000709f00000, 0x0000000709f00000|100%| E|CS|TAMS 0x0000000709e00000, 0x0000000709e00000| Complete 
| 111|0x0000000709f00000, 0x000000070a000000, 0x000000070a000000|100%| E|CS|TAMS 0x0000000709f00000, 0x0000000709f00000| Complete 
| 112|0x000000070a000000, 0x000000070a100000, 0x000000070a100000|100%| E|CS|TAMS 0x000000070a000000, 0x000000070a000000| Complete 
| 113|0x000000070a100000, 0x000000070a200000, 0x000000070a200000|100%| E|CS|TAMS 0x000000070a100000, 0x000000070a100000| Complete 
| 114|0x000000070a200000, 0x000000070a300000, 0x000000070a300000|100%| E|CS|TAMS 0x000000070a200000, 0x000000070a200000| Complete 
| 115|0x000000070a300000, 0x000000070a400000, 0x000000070a400000|100%| E|CS|TAMS 0x000000070a300000, 0x000000070a300000| Complete 
| 116|0x000000070a400000, 0x000000070a500000, 0x000000070a500000|100%| E|CS|TAMS 0x000000070a400000, 0x000000070a400000| Complete 
| 117|0x000000070a500000, 0x000000070a600000, 0x000000070a600000|100%| E|CS|TAMS 0x000000070a500000, 0x000000070a500000| Complete 
| 118|0x000000070a600000, 0x000000070a700000, 0x000000070a700000|100%| E|CS|TAMS 0x000000070a600000, 0x000000070a600000| Complete 
| 119|0x000000070a700000, 0x000000070a800000, 0x000000070a800000|100%| E|CS|TAMS 0x000000070a700000, 0x000000070a700000| Complete 
| 120|0x000000070a800000, 0x000000070a900000, 0x000000070a900000|100%| E|CS|TAMS 0x000000070a800000, 0x000000070a800000| Complete 
| 121|0x000000070a900000, 0x000000070aa00000, 0x000000070aa00000|100%| E|CS|TAMS 0x000000070a900000, 0x000000070a900000| Complete 
| 122|0x000000070aa00000, 0x000000070ab00000, 0x000000070ab00000|100%| E|CS|TAMS 0x000000070aa00000, 0x000000070aa00000| Complete 
| 123|0x000000070ab00000, 0x000000070ac00000, 0x000000070ac00000|100%| E|CS|TAMS 0x000000070ab00000, 0x000000070ab00000| Complete 
|4046|0x00000007ffe00000, 0x00000007ffe47000, 0x00000007fff00000| 27%|OA|  |TAMS 0x00000007ffe00000, 0x00000007ffe00000| Untracked 
|4047|0x00000007fff00000, 0x00000007fff6b000, 0x0000000800000000| 41%|CA|  |TAMS 0x00000007fff00000, 0x00000007fff00000| Untracked 

Card table byte_map: [0x00007f48a5e2f000,0x00007f48a6617000] _byte_map_base: 0x00007f48a2617000

Marking Bits (Prev, Next): (CMBitMap*) 0x00007f48a007c848, (CMBitMap*) 0x00007f48a007c880
 Prev Bits: [0x00007f48800c0000, 0x00007f4884000000)
 Next Bits: [0x00007f487c180000, 0x00007f48800c0000)

Polling page: 0x00007f48a7516000

Metaspace:

Usage:
  Non-class:      4,56 MB capacity,     2,45 MB ( 54%) used,     2,10 MB ( 46%) free+waste,     7,50 KB ( <1%) overhead. 
      Class:    517,00 KB capacity,   290,71 KB ( 56%) used,   222,10 KB ( 43%) free+waste,     4,19 KB ( <1%) overhead. 
       Both:      5,06 MB capacity,     2,73 MB ( 54%) used,     2,32 MB ( 46%) free+waste,    11,69 KB ( <1%) overhead. 

Virtual space:
  Non-class space:        8,00 MB reserved,       4,75 MB ( 59%) committed 
      Class space:        1,00 GB reserved,     640,00 KB ( <1%) committed 
             Both:        1,01 GB reserved,       5,38 MB ( <1%) committed 

Chunk freelists:
   Non-Class:  55,00 KB
       Class:  0 bytes
        Both:  55,00 KB

MaxMetaspaceSize: unlimited
CompressedClassSpaceSize: 1,00 GB

CodeHeap 'non-profiled nmethods': size=120032Kb used=534Kb max_used=539Kb free=119497Kb
 bounds [0x00007f4890361000, 0x00007f48905d1000, 0x00007f4897899000]
CodeHeap 'profiled nmethods': size=120032Kb used=970Kb max_used=1607Kb free=119062Kb
 bounds [0x00007f4888e29000, 0x00007f4889099000, 0x00007f4890361000]
CodeHeap 'non-nmethods': size=5696Kb used=1074Kb max_used=1104Kb free=4621Kb
 bounds [0x00007f4888899000, 0x00007f4888b09000, 0x00007f4888e29000]
 total_blobs=1129 nmethods=745 adapters=297
 compilation: enabled
              stopped_count=0, restarted_count=0
 full_count=0

Compilation events (20 events):
Event: 253,670 Thread 0x00007f484c34b800 nmethod 924 0x00007f489038c210 code [0x00007f489038c420, 0x00007f489038ca88]
Event: 253,743 Thread 0x00007f48a01c1800 nmethod 921% 0x00007f48903ab290 code [0x00007f48903ab4c0, 0x00007f48903ad4e8]
Event: 286,701 Thread 0x00007f48a01c1800  925       4       java.lang.String::toLowerCase (8 bytes)
Event: 286,703 Thread 0x00007f48a01c1800 nmethod 925 0x00007f4890399910 code [0x00007f4890399ac0, 0x00007f4890399ba8]
Event: 286,766 Thread 0x00007f48a01c1800  926 %     4       com.rxnlp.tools.rouge.ROUGECalculator::generateNgrams @ 14 (100 bytes)
Event: 286,862 Thread 0x00007f48a01c1800 nmethod 926% 0x00007f48903c3d10 code [0x00007f48903c3f40, 0x00007f48903c5c88]
Event: 286,862 Thread 0x00007f48a01c1800  927       4       java.lang.Integer::parseInt (259 bytes)
Event: 286,872 Thread 0x00007f48a01c1800 nmethod 927 0x00007f4890398e10 code [0x00007f4890398fe0, 0x00007f48903993f8]
Event: 286,872 Thread 0x00007f48a01c1800  929       4       com.rxnlp.tools.rouge.ROUGECalculator::generateNgrams (100 bytes)
Event: 287,001 Thread 0x00007f48a01c1800 nmethod 929 0x00007f48903c0e90 code [0x00007f48903c1100, 0x00007f48903c2e50]
Event: 471,643 Thread 0x00007f48a01c3800  930       3       java.util.HashMap::containsKey (18 bytes)
Event: 471,644 Thread 0x00007f48a01c3800 nmethod 930 0x00007f4888e3dd90 code [0x00007f4888e3df60, 0x00007f4888e3e2b0]
Event: 498,981 Thread 0x00007f48a01c1800  931 %     4       com.rxnlp.tools.rouge.ROUGECalculator::getNGramTokens @ 64 (236 bytes)
Event: 499,213 Thread 0x00007f48a01c1800 nmethod 931% 0x00007f48903e7d90 code [0x00007f48903e80e0, 0x00007f48903ea0b0]
Event: 512,011 Thread 0x00007f48a01c1800  932       4       com.rxnlp.tools.rouge.ROUGECalculator::getNGramTokens (236 bytes)
Event: 512,424 Thread 0x00007f48a01c1800 nmethod 932 0x00007f48903eb590 code [0x00007f48903eb900, 0x00007f48903edb30]
Event: 512,424 Thread 0x00007f48a01c1800  934       4       java.lang.Integer::parseInt (7 bytes)
Event: 512,443 Thread 0x00007f48a01c1800 nmethod 934 0x00007f489039e610 code [0x00007f489039e7e0, 0x00007f489039eaf8]
Event: 512,443 Thread 0x00007f48a01c1800  933       4       java.lang.String::matches (6 bytes)
Event: 512,501 Thread 0x00007f48a01c1800 nmethod 933 0x00007f48903aa010 code [0x00007f48903aa260, 0x00007f48903aab10]

GC Heap History (20 events):
Event: 248,337 GC heap before
{Heap before GC invocations=19 (full 0):
 garbage-first heap   total 129024K, used 77649K [0x0000000703000000, 0x0000000800000000)
  region size 1024K, 74 young (75776K), 1 survivors (1024K)
 Metaspace       used 2783K, capacity 5182K, committed 5504K, reserved 1056768K
  class space    used 290K, capacity 517K, committed 640K, reserved 1048576K
}
Event: 248,341 GC heap after
{Heap after GC invocations=20 (full 0):
 garbage-first heap   total 129024K, used 3830K [0x0000000703000000, 0x0000000800000000)
  region size 1024K, 2 young (2048K), 2 survivors (2048K)
 Metaspace       used 2783K, capacity 5182K, committed 5504K, reserved 1056768K
  class space    used 290K, capacity 517K, committed 640K, reserved 1048576K
}
Event: 286,760 GC heap before
{Heap before GC invocations=20 (full 0):
 garbage-first heap   total 129024K, used 77558K [0x0000000703000000, 0x0000000800000000)
  region size 1024K, 74 young (75776K), 2 survivors (2048K)
 Metaspace       used 2794K, capacity 5182K, committed 5504K, reserved 1056768K
  class space    used 290K, capacity 517K, committed 640K, reserved 1048576K
}
Event: 286,762 GC heap after
{Heap after GC invocations=21 (full 0):
 garbage-first heap   total 129024K, used 3161K [0x0000000703000000, 0x0000000800000000)
  region size 1024K, 1 young (1024K), 1 survivors (1024K)
 Metaspace       used 2794K, capacity 5182K, committed 5504K, reserved 1056768K
  class space    used 290K, capacity 517K, committed 640K, reserved 1048576K
}
Event: 314,934 GC heap before
{Heap before GC invocations=21 (full 0):
 garbage-first heap   total 129024K, used 77913K [0x0000000703000000, 0x0000000800000000)
  region size 1024K, 74 young (75776K), 1 survivors (1024K)
 Metaspace       used 2794K, capacity 5182K, committed 5504K, reserved 1056768K
  class space    used 290K, capacity 517K, committed 640K, reserved 1048576K
}
Event: 314,940 GC heap after
{Heap after GC invocations=22 (full 0):
 garbage-first heap   total 129024K, used 6246K [0x0000000703000000, 0x0000000800000000)
  region size 1024K, 4 young (4096K), 4 survivors (4096K)
 Metaspace       used 2794K, capacity 5182K, committed 5504K, reserved 1056768K
  class space    used 290K, capacity 517K, committed 640K, reserved 1048576K
}
Event: 347,903 GC heap before
{Heap before GC invocations=22 (full 0):
 garbage-first heap   total 129024K, used 77926K [0x0000000703000000, 0x0000000800000000)
  region size 1024K, 74 young (75776K), 4 survivors (4096K)
 Metaspace       used 2794K, capacity 5182K, committed 5504K, reserved 1056768K
  class space    used 290K, capacity 517K, committed 640K, reserved 1048576K
}
Event: 347,911 GC heap after
{Heap after GC invocations=23 (full 0):
 garbage-first heap   total 129024K, used 6385K [0x0000000703000000, 0x0000000800000000)
  region size 1024K, 4 young (4096K), 4 survivors (4096K)
 Metaspace       used 2794K, capacity 5182K, committed 5504K, reserved 1056768K
  class space    used 290K, capacity 517K, committed 640K, reserved 1048576K
}
Event: 379,514 GC heap before
{Heap before GC invocations=23 (full 0):
 garbage-first heap   total 129024K, used 78065K [0x0000000703000000, 0x0000000800000000)
  region size 1024K, 74 young (75776K), 4 survivors (4096K)
 Metaspace       used 2794K, capacity 5182K, committed 5504K, reserved 1056768K
  class space    used 290K, capacity 517K, committed 640K, reserved 1048576K
}
Event: 379,519 GC heap after
{Heap after GC invocations=24 (full 0):
 garbage-first heap   total 129024K, used 4510K [0x0000000703000000, 0x0000000800000000)
  region size 1024K, 2 young (2048K), 2 survivors (2048K)
 Metaspace       used 2794K, capacity 5182K, committed 5504K, reserved 1056768K
  class space    used 290K, capacity 517K, committed 640K, reserved 1048576K
}
Event: 392,174 GC heap before
{Heap before GC invocations=24 (full 0):
 garbage-first heap   total 129024K, used 78238K [0x0000000703000000, 0x0000000800000000)
  region size 1024K, 74 young (75776K), 2 survivors (2048K)
 Metaspace       used 2794K, capacity 5182K, committed 5504K, reserved 1056768K
  class space    used 290K, capacity 517K, committed 640K, reserved 1048576K
}
Event: 392,188 GC heap after
{Heap after GC invocations=25 (full 0):
 garbage-first heap   total 129024K, used 11319K [0x0000000703000000, 0x0000000800000000)
  region size 1024K, 9 young (9216K), 9 survivors (9216K)
 Metaspace       used 2794K, capacity 5182K, committed 5504K, reserved 1056768K
  class space    used 290K, capacity 517K, committed 640K, reserved 1048576K
}
Event: 440,199 GC heap before
{Heap before GC invocations=25 (full 0):
 garbage-first heap   total 129024K, used 77879K [0x0000000703000000, 0x0000000800000000)
  region size 1024K, 74 young (75776K), 9 survivors (9216K)
 Metaspace       used 2794K, capacity 5182K, committed 5504K, reserved 1056768K
  class space    used 290K, capacity 517K, committed 640K, reserved 1048576K
}
Event: 440,200 GC heap after
{Heap after GC invocations=26 (full 0):
 garbage-first heap   total 129024K, used 4149K [0x0000000703000000, 0x0000000800000000)
  region size 1024K, 2 young (2048K), 2 survivors (2048K)
 Metaspace       used 2794K, capacity 5182K, committed 5504K, reserved 1056768K
  class space    used 290K, capacity 517K, committed 640K, reserved 1048576K
}
Event: 471,705 GC heap before
{Heap before GC invocations=26 (full 0):
 garbage-first heap   total 129024K, used 77877K [0x0000000703000000, 0x0000000800000000)
  region size 1024K, 74 young (75776K), 2 survivors (2048K)
 Metaspace       used 2795K, capacity 5182K, committed 5504K, reserved 1056768K
  class space    used 290K, capacity 517K, committed 640K, reserved 1048576K
}
Event: 471,709 GC heap after
{Heap after GC invocations=27 (full 0):
 garbage-first heap   total 129024K, used 5642K [0x0000000703000000, 0x0000000800000000)
  region size 1024K, 3 young (3072K), 3 survivors (3072K)
 Metaspace       used 2795K, capacity 5182K, committed 5504K, reserved 1056768K
  class space    used 290K, capacity 517K, committed 640K, reserved 1048576K
}
Event: 490,655 GC heap before
{Heap before GC invocations=27 (full 0):
 garbage-first heap   total 129024K, used 78346K [0x0000000703000000, 0x0000000800000000)
  region size 1024K, 74 young (75776K), 3 survivors (3072K)
 Metaspace       used 2795K, capacity 5182K, committed 5504K, reserved 1056768K
  class space    used 290K, capacity 517K, committed 640K, reserved 1048576K
}
Event: 490,666 GC heap after
{Heap after GC invocations=28 (full 0):
 garbage-first heap   total 129024K, used 10892K [0x0000000703000000, 0x0000000800000000)
  region size 1024K, 8 young (8192K), 8 survivors (8192K)
 Metaspace       used 2795K, capacity 5182K, committed 5504K, reserved 1056768K
  class space    used 290K, capacity 517K, committed 640K, reserved 1048576K
}
Event: 511,957 GC heap before
{Heap before GC invocations=28 (full 0):
 garbage-first heap   total 129024K, used 78476K [0x0000000703000000, 0x0000000800000000)
  region size 1024K, 74 young (75776K), 8 survivors (8192K)
 Metaspace       used 2795K, capacity 5182K, committed 5504K, reserved 1056768K
  class space    used 290K, capacity 517K, committed 640K, reserved 1048576K
}
Event: 511,963 GC heap after
{Heap after GC invocations=29 (full 0):
 garbage-first heap   total 129024K, used 4634K [0x0000000703000000, 0x0000000800000000)
  region size 1024K, 2 young (2048K), 2 survivors (2048K)
 Metaspace       used 2795K, capacity 5182K, committed 5504K, reserved 1056768K
  class space    used 290K, capacity 517K, committed 640K, reserved 1048576K
}

Deoptimization events (20 events):
Event: 286,847 Thread 0x00007f48a0016000 DEOPT PACKING pc=0x00007f4888e2a836 sp=0x00007f48a7650520
Event: 286,847 Thread 0x00007f48a0016000 DEOPT UNPACKING pc=0x00007f48888bf63a sp=0x00007f48a764fa40 mode 0
Event: 286,851 Thread 0x00007f48a0016000 DEOPT PACKING pc=0x00007f4888e2a836 sp=0x00007f48a7650520
Event: 286,851 Thread 0x00007f48a0016000 DEOPT UNPACKING pc=0x00007f48888bf63a sp=0x00007f48a764fa40 mode 0
Event: 286,855 Thread 0x00007f48a0016000 DEOPT PACKING pc=0x00007f4888e2a836 sp=0x00007f48a7650520
Event: 286,855 Thread 0x00007f48a0016000 DEOPT UNPACKING pc=0x00007f48888bf63a sp=0x00007f48a764fa40 mode 0
Event: 286,860 Thread 0x00007f48a0016000 DEOPT PACKING pc=0x00007f4888e2a836 sp=0x00007f48a7650520
Event: 286,860 Thread 0x00007f48a0016000 DEOPT UNPACKING pc=0x00007f48888bf63a sp=0x00007f48a764fa40 mode 0
Event: 286,863 Thread 0x00007f48a0016000 DEOPT PACKING pc=0x00007f4888e2a815 sp=0x00007f48a7650520
Event: 286,863 Thread 0x00007f48a0016000 DEOPT UNPACKING pc=0x00007f48888bf63a sp=0x00007f48a764fa40 mode 0
Event: 286,865 Thread 0x00007f48a0016000 DEOPT PACKING pc=0x00007f4888e2a836 sp=0x00007f48a7650520
Event: 286,865 Thread 0x00007f48a0016000 DEOPT UNPACKING pc=0x00007f48888bf63a sp=0x00007f48a764fa40 mode 0
Event: 286,867 Thread 0x00007f48a0016000 DEOPT PACKING pc=0x00007f4888e2a836 sp=0x00007f48a7650520
Event: 286,867 Thread 0x00007f48a0016000 DEOPT UNPACKING pc=0x00007f48888bf63a sp=0x00007f48a764fa40 mode 0
Event: 286,869 Thread 0x00007f48a0016000 DEOPT PACKING pc=0x00007f4888e2a815 sp=0x00007f48a7650520
Event: 286,869 Thread 0x00007f48a0016000 DEOPT UNPACKING pc=0x00007f48888bf63a sp=0x00007f48a764fa40 mode 0
Event: 286,871 Thread 0x00007f48a0016000 DEOPT PACKING pc=0x00007f4888e2a836 sp=0x00007f48a7650520
Event: 286,871 Thread 0x00007f48a0016000 DEOPT UNPACKING pc=0x00007f48888bf63a sp=0x00007f48a764fa40 mode 0
Event: 512,029 Thread 0x00007f48a0016000 DEOPT PACKING pc=0x00007f4888f0aa7d sp=0x00007f48a7650610
Event: 512,029 Thread 0x00007f48a0016000 DEOPT UNPACKING pc=0x00007f48888bf63a sp=0x00007f48a764fb78 mode 0

Classes redefined (0 events):
No events

Internal exceptions (16 events):
Event: 0,366 Thread 0x00007f48a0016000 Exception <a 'java/lang/NoSuchMethodError'{0x000000070a8103f8}: 'java.lang.Object java.lang.invoke.DirectMethodHandle$Holder.invokeStatic(java.lang.Object, java.lang.Object, java.lang.Object, java.lang.Object, java.lang.Object, java.lang.Object, java.lang.Object, java.lang.Object, java.lang.Object, java.lang.Object, java.lang.Object, int)'> (0x000000070a8103f8) thrown at [src/hotspot/share/interpreter/linkResolver.cpp, line 772]
Event: 0,377 Thread 0x00007f48a0016000 Exception <a 'java/lang/NoSuchMethodError'{0x000000070a82f870}: 'java.lang.Object java.lang.invoke.DirectMethodHandle$Holder.invokeStatic(java.lang.Object, java.lang.Object, java.lang.Object, java.lang.Object, java.lang.Object, java.lang.Object, java.lang.Object, java.lang.Object, java.lang.Object, java.lang.Object, java.lang.Object, int, int)'> (0x000000070a82f870) thrown at [src/hotspot/share/interpreter/linkResolver.cpp, line 772]
Event: 0,384 Thread 0x00007f48a0016000 Exception <a 'java/lang/NoSuchMethodError'{0x000000070a84ee40}: 'java.lang.Object java.lang.invoke.DirectMethodHandle$Holder.invokeStatic(java.lang.Object, java.lang.Object, java.lang.Object, java.lang.Object, java.lang.Object, java.lang.Object, java.lang.Object, java.lang.Object, java.lang.Object, java.lang.Object, java.lang.Object, int, int, java.lang.Object)'> (0x000000070a84ee40) thrown at [src/hotspot/share/interpreter/linkResolver.cpp, line 772]
Event: 0,394 Thread 0x00007f48a0016000 Exception <a 'java/lang/NoSuchMethodError'{0x000000070a86f630}: 'java.lang.Object java.lang.invoke.DirectMethodHandle$Holder.invokeStatic(java.lang.Object, java.lang.Object, java.lang.Object, java.lang.Object, java.lang.Object, java.lang.Object, java.lang.Object, java.lang.Object, java.lang.Object, java.lang.Object, java.lang.Object, int, int, java.lang.Object, java.lang.Object)'> (0x000000070a86f630) thrown at [src/hotspot/share/interpreter/linkResolver.cpp, line 772]
Event: 0,400 Thread 0x00007f48a0016000 Exception <a 'java/lang/ClassNotFoundException'{0x000000070a87d210}: org/apache/log4j/PatternLayoutBeanInfo> (0x000000070a87d210) thrown at [src/hotspot/share/classfile/systemDictionary.cpp, line 231]
Event: 0,401 Thread 0x00007f48a0016000 Exception <a 'java/lang/ClassNotFoundException'{0x000000070a87ec60}: org/apache/log4j/LayoutBeanInfo> (0x000000070a87ec60) thrown at [src/hotspot/share/classfile/systemDictionary.cpp, line 231]
Event: 0,401 Thread 0x00007f48a0016000 Exception <a 'java/lang/ClassNotFoundException'{0x000000070a87f450}: java/lang/ObjectBeanInfo> (0x000000070a87f450) thrown at [src/hotspot/share/classfile/systemDictionary.cpp, line 231]
Event: 0,427 Thread 0x00007f48a0016000 Exception <a 'java/lang/ClassNotFoundException'{0x000000070a8b90a8}: java/lang/ObjectCustomizer> (0x000000070a8b90a8) thrown at [src/hotspot/share/classfile/systemDictionary.cpp, line 231]
Event: 0,446 Thread 0x00007f48a0016000 Exception <a 'java/lang/ClassNotFoundException'{0x000000070a8cbca8}: org/apache/log4j/LayoutCustomizer> (0x000000070a8cbca8) thrown at [src/hotspot/share/classfile/systemDictionary.cpp, line 231]
Event: 0,450 Thread 0x00007f48a0016000 Exception <a 'java/lang/ClassNotFoundException'{0x000000070a8db2c0}: org/apache/log4j/PatternLayoutCustomizer> (0x000000070a8db2c0) thrown at [src/hotspot/share/classfile/systemDictionary.cpp, line 231]
Event: 0,536 Thread 0x00007f48a0016000 Exception <a 'java/lang/ClassNotFoundException'{0x000000070a7d3360}: org/apache/log4j/ConsoleAppenderBeanInfo> (0x000000070a7d3360) thrown at [src/hotspot/share/classfile/systemDictionary.cpp, line 231]
Event: 0,536 Thread 0x00007f48a0016000 Exception <a 'java/lang/ClassNotFoundException'{0x000000070a7d4e30}: org/apache/log4j/WriterAppenderBeanInfo> (0x000000070a7d4e30) thrown at [src/hotspot/share/classfile/systemDictionary.cpp, line 231]
Event: 0,537 Thread 0x00007f48a0016000 Exception <a 'java/lang/ClassNotFoundException'{0x000000070a7d6af0}: org/apache/log4j/AppenderSkeletonBeanInfo> (0x000000070a7d6af0) thrown at [src/hotspot/share/classfile/systemDictionary.cpp, line 231]
Event: 0,538 Thread 0x00007f48a0016000 Exception <a 'java/lang/ClassNotFoundException'{0x000000070a7d8a48}: org/apache/log4j/AppenderSkeletonCustomizer> (0x000000070a7d8a48) thrown at [src/hotspot/share/classfile/systemDictionary.cpp, line 231]
Event: 0,559 Thread 0x00007f48a0016000 Exception <a 'java/lang/ClassNotFoundException'{0x000000070a7e7ea0}: org/apache/log4j/WriterAppenderCustomizer> (0x000000070a7e7ea0) thrown at [src/hotspot/share/classfile/systemDictionary.cpp, line 231]
Event: 0,561 Thread 0x00007f48a0016000 Exception <a 'java/lang/ClassNotFoundException'{0x000000070a7f3e30}: org/apache/log4j/ConsoleAppenderCustomizer> (0x000000070a7f3e30) thrown at [src/hotspot/share/classfile/systemDictionary.cpp, line 231]

Events (20 events):
Event: 499,200 Thread 0x00007f48a01c5800 flushing nmethod 0x00007f4888f5d210
Event: 499,200 Thread 0x00007f48a01c5800 flushing nmethod 0x00007f4888f7ac90
Event: 511,957 Executing VM operation: G1CollectForAllocation
Event: 511,963 Executing VM operation: G1CollectForAllocation done
Event: 512,413 Thread 0x00007f48a01c5800 flushing nmethod 0x00007f489039e610
Event: 512,413 Thread 0x00007f48a01c5800 flushing nmethod 0x00007f48903a1c10
Event: 512,413 Thread 0x00007f48a01c5800 flushing nmethod 0x00007f48903e1710
Event: 512,413 Thread 0x00007f48a01c5800 flushing nmethod 0x00007f4888e44b10
Event: 512,413 Thread 0x00007f48a01c5800 flushing nmethod 0x00007f4888e48090
Event: 512,413 Thread 0x00007f48a01c5800 flushing nmethod 0x00007f4888e48710
Event: 512,413 Thread 0x00007f48a01c5800 flushing nmethod 0x00007f4888e62c10
Event: 512,414 Thread 0x00007f48a01c5800 flushing nmethod 0x00007f4888f29010
Event: 512,414 Thread 0x00007f48a01c5800 flushing nmethod 0x00007f4888f29990
Event: 512,414 Thread 0x00007f48a01c5800 flushing nmethod 0x00007f4888f2a010
Event: 512,414 Thread 0x00007f48a01c5800 flushing nmethod 0x00007f4888f7a290
Event: 512,414 Thread 0x00007f48a01c5800 flushing nmethod 0x00007f4888f7d590
Event: 512,414 Thread 0x00007f48a01c5800 flushing nmethod 0x00007f4888f7dd10
Event: 512,414 Thread 0x00007f48a01c5800 flushing nmethod 0x00007f4888f7fb90
Event: 512,414 Thread 0x00007f48a01c5800 flushing nmethod 0x00007f4888f80910
Event: 512,414 Thread 0x00007f48a01c5800 flushing nmethod 0x00007f4888fb9a10


Dynamic libraries:
703000000-70ac00000 rw-p 00000000 00:00 0 
70ac00000-7ffe00000 ---p 00000000 00:00 0 
7ffe00000-7ffe47000 rw-p 01111000 08:02 6698455                          /usr/lib/jvm/java-11-openjdk-amd64/lib/server/classes.jsa
7ffe47000-7fff00000 rw-p 00000000 00:00 0 
7fff00000-7fff6b000 rw-p 010a6000 08:02 6698455                          /usr/lib/jvm/java-11-openjdk-amd64/lib/server/classes.jsa
7fff6b000-800000000 rw-p 00000000 00:00 0 
800000000-800002000 rwxp 00001000 08:02 6698455                          /usr/lib/jvm/java-11-openjdk-amd64/lib/server/classes.jsa
800002000-8003b9000 rw-p 00003000 08:02 6698455                          /usr/lib/jvm/java-11-openjdk-amd64/lib/server/classes.jsa
8003b9000-800a96000 r--p 003ba000 08:02 6698455                          /usr/lib/jvm/java-11-openjdk-amd64/lib/server/classes.jsa
800a96000-800a97000 rw-p 00a97000 08:02 6698455                          /usr/lib/jvm/java-11-openjdk-amd64/lib/server/classes.jsa
800a97000-8010a5000 r--p 00a98000 08:02 6698455                          /usr/lib/jvm/java-11-openjdk-amd64/lib/server/classes.jsa
840000000-8400a0000 rw-p 00000000 00:00 0 
8400a0000-880000000 ---p 00000000 00:00 0 
5559102cd000-5559102ce000 r--p 00000000 08:02 6689291                    /usr/lib/jvm/java-11-openjdk-amd64/bin/java
5559102ce000-5559102cf000 r-xp 00001000 08:02 6689291                    /usr/lib/jvm/java-11-openjdk-amd64/bin/java
5559102cf000-5559102d0000 r--p 00002000 08:02 6689291                    /usr/lib/jvm/java-11-openjdk-amd64/bin/java
5559102d0000-5559102d1000 r--p 00002000 08:02 6689291                    /usr/lib/jvm/java-11-openjdk-amd64/bin/java
5559102d1000-5559102d2000 rw-p 00003000 08:02 6689291                    /usr/lib/jvm/java-11-openjdk-amd64/bin/java
555911750000-55591179f000 rw-p 00000000 00:00 0                          [heap]
7f4834000000-7f4834021000 rw-p 00000000 00:00 0 
7f4834021000-7f4838000000 ---p 00000000 00:00 0 
7f4838000000-7f4838021000 rw-p 00000000 00:00 0 
7f4838021000-7f483c000000 ---p 00000000 00:00 0 
7f483c000000-7f483c021000 rw-p 00000000 00:00 0 
7f483c021000-7f4840000000 ---p 00000000 00:00 0 
7f4840000000-7f4840484000 rw-p 00000000 00:00 0 
7f4840484000-7f4844000000 ---p 00000000 00:00 0 
7f4844000000-7f4844021000 rw-p 00000000 00:00 0 
7f4844021000-7f4848000000 ---p 00000000 00:00 0 
7f4848000000-7f4848021000 rw-p 00000000 00:00 0 
7f4848021000-7f484c000000 ---p 00000000 00:00 0 
7f484c000000-7f484c350000 rw-p 00000000 00:00 0 
7f484c350000-7f4850000000 ---p 00000000 00:00 0 
7f4850000000-7f4850021000 rw-p 00000000 00:00 0 
7f4850021000-7f4854000000 ---p 00000000 00:00 0 
7f4854000000-7f4854021000 rw-p 00000000 00:00 0 
7f4854021000-7f4858000000 ---p 00000000 00:00 0 
7f4858000000-7f4858735000 rw-p 00000000 00:00 0 
7f4858735000-7f485c000000 ---p 00000000 00:00 0 
7f485c000000-7f485c021000 rw-p 00000000 00:00 0 
7f485c021000-7f4860000000 ---p 00000000 00:00 0 
7f4860000000-7f4860021000 rw-p 00000000 00:00 0 
7f4860021000-7f4864000000 ---p 00000000 00:00 0 
7f4864000000-7f4864021000 rw-p 00000000 00:00 0 
7f4864021000-7f4868000000 ---p 00000000 00:00 0 
7f4868000000-7f4868021000 rw-p 00000000 00:00 0 
7f4868021000-7f486c000000 ---p 00000000 00:00 0 
7f486c000000-7f486c021000 rw-p 00000000 00:00 0 
7f486c021000-7f4870000000 ---p 00000000 00:00 0 
7f4870000000-7f4870021000 rw-p 00000000 00:00 0 
7f4870021000-7f4874000000 ---p 00000000 00:00 0 
7f4875af8000-7f4875af9000 ---p 00000000 00:00 0 
7f4875af9000-7f4875bfa000 rw-p 00000000 00:00 0 
7f4875bfa000-7f4875bfb000 ---p 00000000 00:00 0 
7f4875bfb000-7f4875cfc000 rw-p 00000000 00:00 0 
7f4875cfc000-7f4875d00000 ---p 00000000 00:00 0 
7f4875d00000-7f4875dfd000 rw-p 00000000 00:00 0 
7f4875dfd000-7f4875e01000 ---p 00000000 00:00 0 
7f4875e01000-7f4875efe000 rw-p 00000000 00:00 0 
7f4875efe000-7f4875eff000 ---p 00000000 00:00 0 
7f4875eff000-7f4878000000 rw-p 00000000 00:00 0 
7f4878000000-7f4878021000 rw-p 00000000 00:00 0 
7f4878021000-7f487c000000 ---p 00000000 00:00 0 
7f487c07f000-7f487c083000 ---p 00000000 00:00 0 
7f487c083000-7f487c370000 rw-p 00000000 00:00 0 
7f487c370000-7f48800b8000 ---p 00000000 00:00 0 
7f48800b8000-7f48802b0000 rw-p 00000000 00:00 0 
7f48802b0000-7f4883ff8000 ---p 00000000 00:00 0 
7f4883ff8000-7f4884000000 rw-p 00000000 00:00 0 
7f4884000000-7f4884021000 rw-p 00000000 00:00 0 
7f4884021000-7f4888000000 ---p 00000000 00:00 0 
7f4888024000-7f4888028000 ---p 00000000 00:00 0 
7f4888028000-7f4888125000 rw-p 00000000 00:00 0 
7f4888125000-7f4888129000 ---p 00000000 00:00 0 
7f4888129000-7f4888226000 rw-p 00000000 00:00 0 
7f4888226000-7f488822a000 ---p 00000000 00:00 0 
7f488822a000-7f4888327000 rw-p 00000000 00:00 0 
7f4888327000-7f4888899000 r--p 00000000 08:02 6690651                    /usr/lib/locale/locale-archive
7f4888899000-7f4888b09000 rwxp 00000000 00:00 0 
7f4888b09000-7f4888e29000 ---p 00000000 00:00 0 
7f4888e29000-7f4889099000 rwxp 00000000 00:00 0 
7f4889099000-7f4890361000 ---p 00000000 00:00 0 
7f4890361000-7f48905d1000 rwxp 00000000 00:00 0 
7f48905d1000-7f4897899000 ---p 00000000 00:00 0 
7f4897899000-7f48a0000000 r--s 00000000 08:02 6730452                    /usr/lib/jvm/java-11-openjdk-amd64/lib/modules
7f48a0000000-7f48a0306000 rw-p 00000000 00:00 0 
7f48a0306000-7f48a4000000 ---p 00000000 00:00 0 
7f48a40a6000-7f48a40aa000 r--p 00000000 08:02 6730442                    /usr/lib/jvm/java-11-openjdk-amd64/lib/libnet.so
7f48a40aa000-7f48a40b9000 r-xp 00004000 08:02 6730442                    /usr/lib/jvm/java-11-openjdk-amd64/lib/libnet.so
7f48a40b9000-7f48a40bd000 r--p 00013000 08:02 6730442                    /usr/lib/jvm/java-11-openjdk-amd64/lib/libnet.so
7f48a40bd000-7f48a40be000 r--p 00016000 08:02 6730442                    /usr/lib/jvm/java-11-openjdk-amd64/lib/libnet.so
7f48a40be000-7f48a40bf000 rw-p 00017000 08:02 6730442                    /usr/lib/jvm/java-11-openjdk-amd64/lib/libnet.so
7f48a40bf000-7f48a40c6000 r--p 00000000 08:02 6730443                    /usr/lib/jvm/java-11-openjdk-amd64/lib/libnio.so
7f48a40c6000-7f48a40ce000 r-xp 00007000 08:02 6730443                    /usr/lib/jvm/java-11-openjdk-amd64/lib/libnio.so
7f48a40ce000-7f48a40d1000 r--p 0000f000 08:02 6730443                    /usr/lib/jvm/java-11-openjdk-amd64/lib/libnio.so
7f48a40d1000-7f48a40d2000 r--p 00011000 08:02 6730443                    /usr/lib/jvm/java-11-openjdk-amd64/lib/libnio.so
7f48a40d2000-7f48a40d3000 rw-p 00012000 08:02 6730443                    /usr/lib/jvm/java-11-openjdk-amd64/lib/libnio.so
7f48a40d3000-7f48a40d7000 ---p 00000000 00:00 0 
7f48a40d7000-7f48a41d4000 rw-p 00000000 00:00 0 
7f48a41d4000-7f48a41d8000 ---p 00000000 00:00 0 
7f48a41d8000-7f48a42d5000 rw-p 00000000 00:00 0 
7f48a42d5000-7f48a42d9000 ---p 00000000 00:00 0 
7f48a42d9000-7f48a43d6000 rw-p 00000000 00:00 0 
7f48a43d6000-7f48a43d7000 ---p 00000000 00:00 0 
7f48a43d7000-7f48a4a74000 rw-p 00000000 00:00 0 
7f48a4a74000-7f48a4db4000 ---p 00000000 00:00 0 
7f48a4db4000-7f48a4db5000 ---p 00000000 00:00 0 
7f48a4db5000-7f48a4eb6000 rw-p 00000000 00:00 0 
7f48a4eb6000-7f48a4eb7000 ---p 00000000 00:00 0 
7f48a4eb7000-7f48a53bc000 rw-p 00000000 00:00 0 
7f48a53bc000-7f48a53bd000 ---p 00000000 00:00 0 
7f48a53bd000-7f48a54be000 rw-p 00000000 00:00 0 
7f48a54be000-7f48a54bf000 ---p 00000000 00:00 0 
7f48a54bf000-7f48a5685000 rw-p 00000000 00:00 0 
7f48a5685000-7f48a5e2e000 ---p 00000000 00:00 0 
7f48a5e2e000-7f48a5e6d000 rw-p 00000000 00:00 0 
7f48a5e6d000-7f48a6616000 ---p 00000000 00:00 0 
7f48a6616000-7f48a6655000 rw-p 00000000 00:00 0 
7f48a6655000-7f48a6dfe000 ---p 00000000 00:00 0 
7f48a6dfe000-7f48a7203000 rw-p 00000000 00:00 0 
7f48a7203000-7f48a7204000 ---p 00000000 00:00 0 
7f48a7204000-7f48a730a000 rw-p 00000000 00:00 0 
7f48a730a000-7f48a73f0000 ---p 00000000 00:00 0 
7f48a73f0000-7f48a73f5000 rw-p 00000000 00:00 0 
7f48a73f5000-7f48a74db000 ---p 00000000 00:00 0 
7f48a74db000-7f48a74e0000 rw-p 00000000 00:00 0 
7f48a74e0000-7f48a74e7000 ---p 00000000 00:00 0 
7f48a74e7000-7f48a74ea000 r--p 00000000 08:02 6713980                    /usr/lib/x86_64-linux-gnu/libnss_files-2.31.so
7f48a74ea000-7f48a74f1000 r-xp 00003000 08:02 6713980                    /usr/lib/x86_64-linux-gnu/libnss_files-2.31.so
7f48a74f1000-7f48a74f3000 r--p 0000a000 08:02 6713980                    /usr/lib/x86_64-linux-gnu/libnss_files-2.31.so
7f48a74f3000-7f48a74f4000 r--p 0000b000 08:02 6713980                    /usr/lib/x86_64-linux-gnu/libnss_files-2.31.so
7f48a74f4000-7f48a74f5000 rw-p 0000c000 08:02 6713980                    /usr/lib/x86_64-linux-gnu/libnss_files-2.31.so
7f48a74f5000-7f48a74fb000 rw-p 00000000 00:00 0 
7f48a7502000-7f48a7504000 r--s 0000c000 08:02 7353935                    /usr/share/java/java-atk-wrapper.jar
7f48a7504000-7f48a7506000 r--p 00000000 08:02 6730451                    /usr/lib/jvm/java-11-openjdk-amd64/lib/libzip.so
7f48a7506000-7f48a750a000 r-xp 00002000 08:02 6730451                    /usr/lib/jvm/java-11-openjdk-amd64/lib/libzip.so
7f48a750a000-7f48a750c000 r--p 00006000 08:02 6730451                    /usr/lib/jvm/java-11-openjdk-amd64/lib/libzip.so
7f48a750c000-7f48a750d000 r--p 00007000 08:02 6730451                    /usr/lib/jvm/java-11-openjdk-amd64/lib/libzip.so
7f48a750d000-7f48a750e000 rw-p 00008000 08:02 6730451                    /usr/lib/jvm/java-11-openjdk-amd64/lib/libzip.so
7f48a750e000-7f48a7516000 rw-s 00000000 00:31 56                         /tmp/hsperfdata_talles/12195
7f48a7516000-7f48a7517000 ---p 00000000 00:00 0 
7f48a7517000-7f48a7518000 r--p 00000000 00:00 0 
7f48a7518000-7f48a7526000 r--p 00000000 08:02 6730430                    /usr/lib/jvm/java-11-openjdk-amd64/lib/libjava.so
7f48a7526000-7f48a753c000 r-xp 0000e000 08:02 6730430                    /usr/lib/jvm/java-11-openjdk-amd64/lib/libjava.so
7f48a753c000-7f48a7543000 r--p 00024000 08:02 6730430                    /usr/lib/jvm/java-11-openjdk-amd64/lib/libjava.so
7f48a7543000-7f48a7544000 r--p 0002a000 08:02 6730430                    /usr/lib/jvm/java-11-openjdk-amd64/lib/libjava.so
7f48a7544000-7f48a7545000 rw-p 0002b000 08:02 6730430                    /usr/lib/jvm/java-11-openjdk-amd64/lib/libjava.so
7f48a7545000-7f48a7546000 rw-p 00000000 00:00 0 
7f48a7546000-7f48a7549000 r--p 00000000 08:02 6713987                    /usr/lib/x86_64-linux-gnu/librt-2.31.so
7f48a7549000-7f48a754d000 r-xp 00003000 08:02 6713987                    /usr/lib/x86_64-linux-gnu/librt-2.31.so
7f48a754d000-7f48a754e000 r--p 00007000 08:02 6713987                    /usr/lib/x86_64-linux-gnu/librt-2.31.so
7f48a754e000-7f48a754f000 ---p 00008000 08:02 6713987                    /usr/lib/x86_64-linux-gnu/librt-2.31.so
7f48a754f000-7f48a7550000 r--p 00008000 08:02 6713987                    /usr/lib/x86_64-linux-gnu/librt-2.31.so
7f48a7550000-7f48a7551000 rw-p 00009000 08:02 6713987                    /usr/lib/x86_64-linux-gnu/librt-2.31.so
7f48a7551000-7f48a7555000 ---p 00000000 00:00 0 
7f48a7555000-7f48a7652000 rw-p 00000000 00:00 0 
7f48a7652000-7f48a7655000 r--p 00000000 08:02 6687538                    /usr/lib/x86_64-linux-gnu/libgcc_s.so.1
7f48a7655000-7f48a7667000 r-xp 00003000 08:02 6687538                    /usr/lib/x86_64-linux-gnu/libgcc_s.so.1
7f48a7667000-7f48a766b000 r--p 00015000 08:02 6687538                    /usr/lib/x86_64-linux-gnu/libgcc_s.so.1
7f48a766b000-7f48a766c000 r--p 00018000 08:02 6687538                    /usr/lib/x86_64-linux-gnu/libgcc_s.so.1
7f48a766c000-7f48a766d000 rw-p 00019000 08:02 6687538                    /usr/lib/x86_64-linux-gnu/libgcc_s.so.1
7f48a766d000-7f48a767c000 r--p 00000000 08:02 6713974                    /usr/lib/x86_64-linux-gnu/libm-2.31.so
7f48a767c000-7f48a7723000 r-xp 0000f000 08:02 6713974                    /usr/lib/x86_64-linux-gnu/libm-2.31.so
7f48a7723000-7f48a77ba000 r--p 000b6000 08:02 6713974                    /usr/lib/x86_64-linux-gnu/libm-2.31.so
7f48a77ba000-7f48a77bb000 r--p 0014c000 08:02 6713974                    /usr/lib/x86_64-linux-gnu/libm-2.31.so
7f48a77bb000-7f48a77bc000 rw-p 0014d000 08:02 6713974                    /usr/lib/x86_64-linux-gnu/libm-2.31.so
7f48a77bc000-7f48a7852000 r--p 00000000 08:02 6686197                    /usr/lib/x86_64-linux-gnu/libstdc++.so.6.0.28
7f48a7852000-7f48a7942000 r-xp 00096000 08:02 6686197                    /usr/lib/x86_64-linux-gnu/libstdc++.so.6.0.28
7f48a7942000-7f48a798b000 r--p 00186000 08:02 6686197                    /usr/lib/x86_64-linux-gnu/libstdc++.so.6.0.28
7f48a798b000-7f48a798c000 ---p 001cf000 08:02 6686197                    /usr/lib/x86_64-linux-gnu/libstdc++.so.6.0.28
7f48a798c000-7f48a7997000 r--p 001cf000 08:02 6686197                    /usr/lib/x86_64-linux-gnu/libstdc++.so.6.0.28
7f48a7997000-7f48a799a000 rw-p 001da000 08:02 6686197                    /usr/lib/x86_64-linux-gnu/libstdc++.so.6.0.28
7f48a799a000-7f48a799d000 rw-p 00000000 00:00 0 
7f48a799d000-7f48a7c16000 r--p 00000000 08:02 6730455                    /usr/lib/jvm/java-11-openjdk-amd64/lib/server/libjvm.so
7f48a7c16000-7f48a8893000 r-xp 00279000 08:02 6730455                    /usr/lib/jvm/java-11-openjdk-amd64/lib/server/libjvm.so
7f48a8893000-7f48a8ae9000 r--p 00ef6000 08:02 6730455                    /usr/lib/jvm/java-11-openjdk-amd64/lib/server/libjvm.so
7f48a8ae9000-7f48a8baa000 r--p 0114b000 08:02 6730455                    /usr/lib/jvm/java-11-openjdk-amd64/lib/server/libjvm.so
7f48a8baa000-7f48a8be5000 rw-p 0120c000 08:02 6730455                    /usr/lib/jvm/java-11-openjdk-amd64/lib/server/libjvm.so
7f48a8be5000-7f48a8c3e000 rw-p 00000000 00:00 0 
7f48a8c3e000-7f48a8c45000 r--p 00000000 08:02 6713985                    /usr/lib/x86_64-linux-gnu/libpthread-2.31.so
7f48a8c45000-7f48a8c56000 r-xp 00007000 08:02 6713985                    /usr/lib/x86_64-linux-gnu/libpthread-2.31.so
7f48a8c56000-7f48a8c5b000 r--p 00018000 08:02 6713985                    /usr/lib/x86_64-linux-gnu/libpthread-2.31.so
7f48a8c5b000-7f48a8c5c000 r--p 0001c000 08:02 6713985                    /usr/lib/x86_64-linux-gnu/libpthread-2.31.so
7f48a8c5c000-7f48a8c5d000 rw-p 0001d000 08:02 6713985                    /usr/lib/x86_64-linux-gnu/libpthread-2.31.so
7f48a8c5d000-7f48a8c61000 rw-p 00000000 00:00 0 
7f48a8c61000-7f48a8c62000 r--p 00000000 08:02 6713973                    /usr/lib/x86_64-linux-gnu/libdl-2.31.so
7f48a8c62000-7f48a8c64000 r-xp 00001000 08:02 6713973                    /usr/lib/x86_64-linux-gnu/libdl-2.31.so
7f48a8c64000-7f48a8c65000 r--p 00003000 08:02 6713973                    /usr/lib/x86_64-linux-gnu/libdl-2.31.so
7f48a8c65000-7f48a8c66000 r--p 00003000 08:02 6713973                    /usr/lib/x86_64-linux-gnu/libdl-2.31.so
7f48a8c66000-7f48a8c67000 rw-p 00004000 08:02 6713973                    /usr/lib/x86_64-linux-gnu/libdl-2.31.so
7f48a8c67000-7f48a8c69000 r--p 00000000 08:02 6685977                    /usr/lib/x86_64-linux-gnu/libz.so.1.2.11
7f48a8c69000-7f48a8c7a000 r-xp 00002000 08:02 6685977                    /usr/lib/x86_64-linux-gnu/libz.so.1.2.11
7f48a8c7a000-7f48a8c80000 r--p 00013000 08:02 6685977                    /usr/lib/x86_64-linux-gnu/libz.so.1.2.11
7f48a8c80000-7f48a8c81000 ---p 00019000 08:02 6685977                    /usr/lib/x86_64-linux-gnu/libz.so.1.2.11
7f48a8c81000-7f48a8c82000 r--p 00019000 08:02 6685977                    /usr/lib/x86_64-linux-gnu/libz.so.1.2.11
7f48a8c82000-7f48a8c83000 rw-p 0001a000 08:02 6685977                    /usr/lib/x86_64-linux-gnu/libz.so.1.2.11
7f48a8c83000-7f48a8ca8000 r--p 00000000 08:02 6713972                    /usr/lib/x86_64-linux-gnu/libc-2.31.so
7f48a8ca8000-7f48a8e20000 r-xp 00025000 08:02 6713972                    /usr/lib/x86_64-linux-gnu/libc-2.31.so
7f48a8e20000-7f48a8e6a000 r--p 0019d000 08:02 6713972                    /usr/lib/x86_64-linux-gnu/libc-2.31.so
7f48a8e6a000-7f48a8e6b000 ---p 001e7000 08:02 6713972                    /usr/lib/x86_64-linux-gnu/libc-2.31.so
7f48a8e6b000-7f48a8e6e000 r--p 001e7000 08:02 6713972                    /usr/lib/x86_64-linux-gnu/libc-2.31.so
7f48a8e6e000-7f48a8e71000 rw-p 001ea000 08:02 6713972                    /usr/lib/x86_64-linux-gnu/libc-2.31.so
7f48a8e71000-7f48a8e75000 rw-p 00000000 00:00 0 
7f48a8e75000-7f48a8e77000 r--p 00000000 08:02 6730434                    /usr/lib/jvm/java-11-openjdk-amd64/lib/libjimage.so
7f48a8e77000-7f48a8e7a000 r-xp 00002000 08:02 6730434                    /usr/lib/jvm/java-11-openjdk-amd64/lib/libjimage.so
7f48a8e7a000-7f48a8e7b000 r--p 00005000 08:02 6730434                    /usr/lib/jvm/java-11-openjdk-amd64/lib/libjimage.so
7f48a8e7b000-7f48a8e7c000 ---p 00006000 08:02 6730434                    /usr/lib/jvm/java-11-openjdk-amd64/lib/libjimage.so
7f48a8e7c000-7f48a8e7d000 r--p 00006000 08:02 6730434                    /usr/lib/jvm/java-11-openjdk-amd64/lib/libjimage.so
7f48a8e7d000-7f48a8e7e000 rw-p 00007000 08:02 6730434                    /usr/lib/jvm/java-11-openjdk-amd64/lib/libjimage.so
7f48a8e7e000-7f48a8e83000 r--p 00000000 08:02 6730450                    /usr/lib/jvm/java-11-openjdk-amd64/lib/libverify.so
7f48a8e83000-7f48a8e8a000 r-xp 00005000 08:02 6730450                    /usr/lib/jvm/java-11-openjdk-amd64/lib/libverify.so
7f48a8e8a000-7f48a8e8c000 r--p 0000c000 08:02 6730450                    /usr/lib/jvm/java-11-openjdk-amd64/lib/libverify.so
7f48a8e8c000-7f48a8e8d000 ---p 0000e000 08:02 6730450                    /usr/lib/jvm/java-11-openjdk-amd64/lib/libverify.so
7f48a8e8d000-7f48a8e8f000 r--p 0000e000 08:02 6730450                    /usr/lib/jvm/java-11-openjdk-amd64/lib/libverify.so
7f48a8e8f000-7f48a8e90000 rw-p 00010000 08:02 6730450                    /usr/lib/jvm/java-11-openjdk-amd64/lib/libverify.so
7f48a8e90000-7f48a8e93000 r--p 00000000 08:02 6730414                    /usr/lib/jvm/java-11-openjdk-amd64/lib/jli/libjli.so
7f48a8e93000-7f48a8e9d000 r-xp 00003000 08:02 6730414                    /usr/lib/jvm/java-11-openjdk-amd64/lib/jli/libjli.so
7f48a8e9d000-7f48a8ea0000 r--p 0000d000 08:02 6730414                    /usr/lib/jvm/java-11-openjdk-amd64/lib/jli/libjli.so
7f48a8ea0000-7f48a8ea1000 ---p 00010000 08:02 6730414                    /usr/lib/jvm/java-11-openjdk-amd64/lib/jli/libjli.so
7f48a8ea1000-7f48a8ea2000 r--p 00010000 08:02 6730414                    /usr/lib/jvm/java-11-openjdk-amd64/lib/jli/libjli.so
7f48a8ea2000-7f48a8ea3000 rw-p 00011000 08:02 6730414                    /usr/lib/jvm/java-11-openjdk-amd64/lib/jli/libjli.so
7f48a8ea3000-7f48a8ea5000 rw-p 00000000 00:00 0 
7f48a8ea5000-7f48a8ea6000 r--p 00000000 08:02 6713968                    /usr/lib/x86_64-linux-gnu/ld-2.31.so
7f48a8ea6000-7f48a8ec9000 r-xp 00001000 08:02 6713968                    /usr/lib/x86_64-linux-gnu/ld-2.31.so
7f48a8ec9000-7f48a8ed1000 r--p 00024000 08:02 6713968                    /usr/lib/x86_64-linux-gnu/ld-2.31.so
7f48a8ed2000-7f48a8ed3000 r--p 0002c000 08:02 6713968                    /usr/lib/x86_64-linux-gnu/ld-2.31.so
7f48a8ed3000-7f48a8ed4000 rw-p 0002d000 08:02 6713968                    /usr/lib/x86_64-linux-gnu/ld-2.31.so
7f48a8ed4000-7f48a8ed5000 rw-p 00000000 00:00 0 
7ffdf3fac000-7ffdf3fcf000 rw-p 00000000 00:00 0                          [stack]
7ffdf3fee000-7ffdf3ff1000 r--p 00000000 00:00 0                          [vvar]
7ffdf3ff1000-7ffdf3ff2000 r-xp 00000000 00:00 0                          [vdso]
ffffffffff600000-ffffffffff601000 --xp 00000000 00:00 0                  [vsyscall]


VM Arguments:
jvm_args: -Xmx4048m -Drouge.prop=/home/talles/Documents/rouge_interface/projetos/602140d0ac956d22139dd57c/rouge.properties 
java_command: /home/talles/Documents/rouge_interface/rouge/rouge2-1.2.2.jar
java_class_path (initial): /home/talles/Documents/rouge_interface/rouge/rouge2-1.2.2.jar
Launcher Type: SUN_STANDARD

[Global flags]
     intx CICompilerCount                          = 3                                         {product} {ergonomic}
     uint ConcGCThreads                            = 1                                         {product} {ergonomic}
     uint G1ConcRefinementThreads                  = 4                                         {product} {ergonomic}
   size_t G1HeapRegionSize                         = 1048576                                   {product} {ergonomic}
    uintx GCDrainStackTargetSize                   = 64                                        {product} {ergonomic}
   size_t InitialHeapSize                          = 130023424                                 {product} {ergonomic}
   size_t MarkStackSize                            = 4194304                                   {product} {ergonomic}
   size_t MaxHeapSize                              = 4244635648                                {product} {command line}
   size_t MaxNewSize                               = 2545942528                                {product} {ergonomic}
   size_t MinHeapDeltaBytes                        = 1048576                                   {product} {ergonomic}
    uintx NonNMethodCodeHeapSize                   = 5830732                                {pd product} {ergonomic}
    uintx NonProfiledCodeHeapSize                  = 122913754                              {pd product} {ergonomic}
    uintx ProfiledCodeHeapSize                     = 122913754                              {pd product} {ergonomic}
    uintx ReservedCodeCacheSize                    = 251658240                              {pd product} {ergonomic}
     bool SegmentedCodeCache                       = true                                      {product} {ergonomic}
     bool UseCompressedClassPointers               = true                                 {lp64_product} {ergonomic}
     bool UseCompressedOops                        = true                                 {lp64_product} {ergonomic}
     bool UseG1GC                                  = true                                      {product} {ergonomic}

Logging:
Log output configuration:
 #0: stdout all=warning uptime,level,tags
 #1: stderr all=off uptime,level,tags

Environment Variables:
PATH=/usr/share/npm/node_modules/npm-lifecycle/node-gyp-bin:/home/talles/Documents/rouge_interface/node_modules/.bin:/home/talles/.local/bin:/home/talles/.local/bin:/usr/local/sbin:/usr/local/bin:/usr/sbin:/usr/bin:/sbin:/bin:/usr/games:/usr/local/games:/snap/bin
SHELL=/bin/bash
DISPLAY=:0
LANG=en_US.UTF-8
LC_CTYPE=pt_BR.UTF-8

Signal Handlers:
SIGSEGV: [libjvm.so+0xe824c0], sa_mask[0]=11111111011111111101111111111110, sa_flags=SA_RESTART|SA_SIGINFO
SIGBUS: [libjvm.so+0xe824c0], sa_mask[0]=11111111011111111101111111111110, sa_flags=SA_RESTART|SA_SIGINFO
SIGFPE: [libjvm.so+0xe824c0], sa_mask[0]=11111111011111111101111111111110, sa_flags=SA_RESTART|SA_SIGINFO
SIGPIPE: [libjvm.so+0xbc8ee0], sa_mask[0]=11111111011111111101111111111110, sa_flags=SA_RESTART|SA_SIGINFO
SIGXFSZ: [libjvm.so+0xbc8ee0], sa_mask[0]=11111111011111111101111111111110, sa_flags=SA_RESTART|SA_SIGINFO
SIGILL: [libjvm.so+0xe824c0], sa_mask[0]=11111111011111111101111111111110, sa_flags=SA_RESTART|SA_SIGINFO
SIGUSR2: [libjvm.so+0xbc8d80], sa_mask[0]=00000000000000000000000000000000, sa_flags=SA_RESTART|SA_SIGINFO
SIGHUP: [libjvm.so+0xbc9220], sa_mask[0]=11111111011111111101111111111110, sa_flags=SA_RESTART|SA_SIGINFO
SIGINT: [libjvm.so+0xbc9220], sa_mask[0]=11111111011111111101111111111110, sa_flags=SA_RESTART|SA_SIGINFO
SIGTERM: [libjvm.so+0xbc9220], sa_mask[0]=11111111011111111101111111111110, sa_flags=SA_RESTART|SA_SIGINFO
SIGQUIT: [libjvm.so+0xbc9220], sa_mask[0]=11111111011111111101111111111110, sa_flags=SA_RESTART|SA_SIGINFO


---------------  S Y S T E M  ---------------

OS:DISTRIB_ID=Ubuntu
DISTRIB_RELEASE=20.04
DISTRIB_CODENAME=focal
DISTRIB_DESCRIPTION="Ubuntu 20.04.2 LTS"
uname:Linux 5.4.0-65-generic #73-Ubuntu SMP Mon Jan 18 17:25:17 UTC 2021 x86_64
OS uptime: 0 days 1:57 hours
libc:glibc 2.31 NPTL 2.31 
rlimit (soft/hard): STACK 8192k/infinity , CORE 0k/infinity , NPROC 31058/31058 , NOFILE 1048576/1048576 , AS infinity/infinity , CPU infinity/infinity , DATA infinity/infinity , FSIZE infinity/infinity , MEMLOCK 65536k/65536k
load average:6,27 4,60 3,03

/proc/meminfo:
MemTotal:        8044176 kB
MemFree:         1572424 kB
MemAvailable:    4114468 kB
Buffers:          232552 kB
Cached:          2804744 kB
SwapCached:            0 kB
Active:          4093560 kB
Inactive:        1670076 kB
Active(anon):    2920348 kB
Inactive(anon):   145784 kB
Active(file):    1173212 kB
Inactive(file):  1524292 kB
Unevictable:      303000 kB
Mlocked:              32 kB
SwapTotal:       8048572 kB
SwapFree:        8048572 kB
Dirty:               132 kB
Writeback:             0 kB
AnonPages:       3029468 kB
Mapped:          1107916 kB
Shmem:            470480 kB
KReclaimable:     128684 kB
Slab:             276456 kB
SReclaimable:     128684 kB
SUnreclaim:       147772 kB
KernelStack:       16864 kB
PageTables:        39380 kB
NFS_Unstable:          0 kB
Bounce:                0 kB
WritebackTmp:          0 kB
CommitLimit:    12070660 kB
Committed_AS:    9583312 kB
VmallocTotal:   34359738367 kB
VmallocUsed:       36080 kB
VmallocChunk:          0 kB
Percpu:            14080 kB
HardwareCorrupted:     0 kB
AnonHugePages:         0 kB
ShmemHugePages:        0 kB
ShmemPmdMapped:        0 kB
FileHugePages:         0 kB
FilePmdMapped:         0 kB
CmaTotal:              0 kB
CmaFree:               0 kB
HugePages_Total:       0
HugePages_Free:        0
HugePages_Rsvd:        0
HugePages_Surp:        0
Hugepagesize:       2048 kB
Hugetlb:               0 kB
DirectMap4k:      345152 kB
DirectMap2M:     7938048 kB

/sys/kernel/mm/transparent_hugepage/enabled:
always [madvise] never
/sys/kernel/mm/transparent_hugepage/defrag (defrag/compaction efforts parameter):
always defer defer+madvise [madvise] never

/proc/sys/kernel/threads-max (system-wide limit on the number of threads):
62117
/proc/sys/vm/max_map_count (maximum number of memory map areas a process may have):
65530
/proc/sys/kernel/pid_max (system-wide limit on number of process identifiers):
4194304

container (cgroup) information:
container_type: cgroupv1
cpu_cpuset_cpus: 0-3
cpu_memory_nodes: 0
active_processor_count: 4
cpu_quota: -1
cpu_period: 100000
cpu_shares: -1
memory_limit_in_bytes: -1
memory_and_swap_limit_in_bytes: -2
memory_soft_limit_in_bytes: -1
memory_usage_in_bytes: 4834738176
memory_max_usage_in_bytes: 5395693568

Steal ticks since vm start: 0
Steal ticks percentage since vm start:  0,000

CPU:total 4 (initial active 4) (2 cores per cpu, 2 threads per core) family 6 model 42 stepping 7, cmov, cx8, fxsr, mmx, sse, sse2, sse3, ssse3, sse4.1, sse4.2, popcnt, avx, aes, clmul, ht, tsc, tscinvbit
CPU Model and flags from /proc/cpuinfo:
model name	: Intel(R) Core(TM) i5-2520M CPU @ 2.50GHz
flags		: fpu vme de pse tsc msr pae mce cx8 apic sep mtrr pge mca cmov pat pse36 clflush dts acpi mmx fxsr sse sse2 ht tm pbe syscall nx rdtscp lm constant_tsc arch_perfmon pebs bts rep_good nopl xtopology nonstop_tsc cpuid aperfmperf pni pclmulqdq dtes64 monitor ds_cpl vmx smx est tm2 ssse3 cx16 xtpr pdcm pcid sse4_1 sse4_2 x2apic popcnt tsc_deadline_timer aes xsave avx lahf_lm epb pti ssbd ibrs ibpb stibp tpr_shadow vnmi flexpriority ept vpid xsaveopt dtherm ida arat pln pts md_clear flush_l1d
Online cpus:
0-3
Offline cpus:
4-15
BIOS frequency limitation:
<Not Available>
Frequency switch latency (ns):
0
Available cpu frequencies:
<Not Available>
Current governor:
powersave
Core performance/turbo boost:
<Not Available>

Memory: 4k page, physical 8044176k(1572424k free), swap 8048572k(8048572k free)

vm_info: OpenJDK 64-Bit Server VM (11.0.9.1+1-Ubuntu-0ubuntu1.20.04) for linux-amd64 JRE (11.0.9.1+1-Ubuntu-0ubuntu1.20.04), built on Nov 10 2020 04:18:42 by "unknown" with gcc 9.3.0

END.
